<?xml version="1.0" encoding="UTF-8"?>
<testsuite xmlns:xsi="http://www.w3.org/2001/XMLSchema-instance" xsi:noNamespaceSchemaLocation="https://maven.apache.org/surefire/maven-surefire-plugin/xsd/surefire-test-report-3.0.xsd" version="3.0" name="TestSuite" time="74.103" tests="3" errors="0" skipped="0" failures="1">
  <properties>
    <property name="sun.desktop" value="windows"/>
    <property name="awt.toolkit" value="sun.awt.windows.WToolkit"/>
    <property name="java.specification.version" value="11"/>
    <property name="sun.cpu.isalist" value="amd64"/>
    <property name="sun.jnu.encoding" value="Cp1252"/>
    <property name="java.class.path" value="C:\Users\IT_Admin\eclipse-workspace\TJAFrameworkDesign\target\test-classes;C:\Users\IT_Admin\eclipse-workspace\TJAFrameworkDesign\target\classes;C:\Users\IT_Admin\.m2\repository\com\aventstack\extentreports\5.1.1\extentreports-5.1.1.jar;C:\Users\IT_Admin\.m2\repository\io\reactivex\rxjava3\rxjava\3.1.6\rxjava-3.1.6.jar;C:\Users\IT_Admin\.m2\repository\org\reactivestreams\reactive-streams\1.0.4\reactive-streams-1.0.4.jar;C:\Users\IT_Admin\.m2\repository\org\freemarker\freemarker\2.3.32\freemarker-2.3.32.jar;C:\Users\IT_Admin\.m2\repository\org\projectlombok\lombok\1.18.26\lombok-1.18.26.jar;C:\Users\IT_Admin\.m2\repository\com\google\code\gson\gson\2.10.1\gson-2.10.1.jar;C:\Users\IT_Admin\.m2\repository\io\appium\java-client\9.1.0\java-client-9.1.0.jar;C:\Users\IT_Admin\.m2\repository\org\seleniumhq\selenium\selenium-api\4.18.1\selenium-api-4.18.1.jar;C:\Users\IT_Admin\.m2\repository\org\seleniumhq\selenium\selenium-remote-driver\4.18.1\selenium-remote-driver-4.18.1.jar;C:\Users\IT_Admin\.m2\repository\com\google\auto\service\auto-service-annotations\1.1.1\auto-service-annotations-1.1.1.jar;C:\Users\IT_Admin\.m2\repository\com\google\guava\guava\33.0.0-jre\guava-33.0.0-jre.jar;C:\Users\IT_Admin\.m2\repository\com\google\guava\failureaccess\1.0.2\failureaccess-1.0.2.jar;C:\Users\IT_Admin\.m2\repository\com\google\guava\listenablefuture\9999.0-empty-to-avoid-conflict-with-guava\listenablefuture-9999.0-empty-to-avoid-conflict-with-guava.jar;C:\Users\IT_Admin\.m2\repository\com\google\code\findbugs\jsr305\3.0.2\jsr305-3.0.2.jar;C:\Users\IT_Admin\.m2\repository\org\checkerframework\checker-qual\3.41.0\checker-qual-3.41.0.jar;C:\Users\IT_Admin\.m2\repository\com\google\errorprone\error_prone_annotations\2.23.0\error_prone_annotations-2.23.0.jar;C:\Users\IT_Admin\.m2\repository\com\google\j2objc\j2objc-annotations\2.8\j2objc-annotations-2.8.jar;C:\Users\IT_Admin\.m2\repository\io\opentelemetry\semconv\opentelemetry-semconv\1.23.1-alpha\opentelemetry-semconv-1.23.1-alpha.jar;C:\Users\IT_Admin\.m2\repository\io\opentelemetry\opentelemetry-api\1.35.0\opentelemetry-api-1.35.0.jar;C:\Users\IT_Admin\.m2\repository\io\opentelemetry\opentelemetry-context\1.35.0\opentelemetry-context-1.35.0.jar;C:\Users\IT_Admin\.m2\repository\io\opentelemetry\opentelemetry-exporter-logging\1.35.0\opentelemetry-exporter-logging-1.35.0.jar;C:\Users\IT_Admin\.m2\repository\io\opentelemetry\opentelemetry-sdk-common\1.35.0\opentelemetry-sdk-common-1.35.0.jar;C:\Users\IT_Admin\.m2\repository\io\opentelemetry\opentelemetry-sdk-extension-autoconfigure-spi\1.35.0\opentelemetry-sdk-extension-autoconfigure-spi-1.35.0.jar;C:\Users\IT_Admin\.m2\repository\io\opentelemetry\opentelemetry-sdk-extension-autoconfigure\1.35.0\opentelemetry-sdk-extension-autoconfigure-1.35.0.jar;C:\Users\IT_Admin\.m2\repository\io\opentelemetry\opentelemetry-api-events\1.35.0-alpha\opentelemetry-api-events-1.35.0-alpha.jar;C:\Users\IT_Admin\.m2\repository\io\opentelemetry\opentelemetry-sdk-trace\1.35.0\opentelemetry-sdk-trace-1.35.0.jar;C:\Users\IT_Admin\.m2\repository\io\opentelemetry\opentelemetry-extension-incubator\1.35.0-alpha\opentelemetry-extension-incubator-1.35.0-alpha.jar;C:\Users\IT_Admin\.m2\repository\io\opentelemetry\opentelemetry-sdk\1.35.0\opentelemetry-sdk-1.35.0.jar;C:\Users\IT_Admin\.m2\repository\io\opentelemetry\opentelemetry-sdk-metrics\1.35.0\opentelemetry-sdk-metrics-1.35.0.jar;C:\Users\IT_Admin\.m2\repository\io\opentelemetry\opentelemetry-sdk-logs\1.35.0\opentelemetry-sdk-logs-1.35.0.jar;C:\Users\IT_Admin\.m2\repository\net\bytebuddy\byte-buddy\1.14.12\byte-buddy-1.14.12.jar;C:\Users\IT_Admin\.m2\repository\org\seleniumhq\selenium\selenium-http\4.18.1\selenium-http-4.18.1.jar;C:\Users\IT_Admin\.m2\repository\dev\failsafe\failsafe\3.3.2\failsafe-3.3.2.jar;C:\Users\IT_Admin\.m2\repository\org\seleniumhq\selenium\selenium-json\4.18.1\selenium-json-4.18.1.jar;C:\Users\IT_Admin\.m2\repository\org\seleniumhq\selenium\selenium-manager\4.18.1\selenium-manager-4.18.1.jar;C:\Users\IT_Admin\.m2\repository\org\seleniumhq\selenium\selenium-os\4.18.1\selenium-os-4.18.1.jar;C:\Users\IT_Admin\.m2\repository\org\apache\commons\commons-exec\1.3\commons-exec-1.3.jar;C:\Users\IT_Admin\.m2\repository\org\seleniumhq\selenium\selenium-support\4.18.1\selenium-support-4.18.1.jar;C:\Users\IT_Admin\.m2\repository\org\slf4j\slf4j-api\2.0.11\slf4j-api-2.0.11.jar;C:\Users\IT_Admin\.m2\repository\org\testng\testng\7.9.0\testng-7.9.0.jar;C:\Users\IT_Admin\.m2\repository\com\beust\jcommander\1.82\jcommander-1.82.jar;C:\Users\IT_Admin\.m2\repository\org\webjars\jquery\3.7.1\jquery-3.7.1.jar;C:\Users\IT_Admin\.m2\repository\org\seleniumhq\selenium\selenium-java\4.18.1\selenium-java-4.18.1.jar;C:\Users\IT_Admin\.m2\repository\org\seleniumhq\selenium\selenium-chrome-driver\4.18.1\selenium-chrome-driver-4.18.1.jar;C:\Users\IT_Admin\.m2\repository\org\seleniumhq\selenium\selenium-chromium-driver\4.18.1\selenium-chromium-driver-4.18.1.jar;C:\Users\IT_Admin\.m2\repository\org\seleniumhq\selenium\selenium-devtools-v120\4.18.1\selenium-devtools-v120-4.18.1.jar;C:\Users\IT_Admin\.m2\repository\org\seleniumhq\selenium\selenium-devtools-v121\4.18.1\selenium-devtools-v121-4.18.1.jar;C:\Users\IT_Admin\.m2\repository\org\seleniumhq\selenium\selenium-devtools-v122\4.18.1\selenium-devtools-v122-4.18.1.jar;C:\Users\IT_Admin\.m2\repository\org\seleniumhq\selenium\selenium-devtools-v85\4.18.1\selenium-devtools-v85-4.18.1.jar;C:\Users\IT_Admin\.m2\repository\org\seleniumhq\selenium\selenium-edge-driver\4.18.1\selenium-edge-driver-4.18.1.jar;C:\Users\IT_Admin\.m2\repository\org\seleniumhq\selenium\selenium-firefox-driver\4.18.1\selenium-firefox-driver-4.18.1.jar;C:\Users\IT_Admin\.m2\repository\org\seleniumhq\selenium\selenium-ie-driver\4.18.1\selenium-ie-driver-4.18.1.jar;C:\Users\IT_Admin\.m2\repository\org\seleniumhq\selenium\selenium-safari-driver\4.18.1\selenium-safari-driver-4.18.1.jar;C:\Users\IT_Admin\.m2\repository\commons-io\commons-io\2.15.1\commons-io-2.15.1.jar;"/>
    <property name="java.vm.vendor" value="Oracle Corporation"/>
    <property name="sun.arch.data.model" value="64"/>
    <property name="user.variant" value=""/>
    <property name="java.vendor.url" value="https://openjdk.java.net/"/>
    <property name="user.timezone" value="Asia/Calcutta"/>
    <property name="java.vm.specification.version" value="11"/>
    <property name="os.name" value="Windows 11"/>
    <property name="sun.java.launcher" value="SUN_STANDARD"/>
    <property name="user.country" value="IN"/>
    <property name="sun.boot.library.path" value="C:\Program Files\Java\jdk-11\bin"/>
    <property name="sun.java.command" value="C:\Users\IT_Admin\AppData\Local\Temp\surefire12550971081743526135\surefirebooter-20240308211616662_3.jar C:\Users\IT_Admin\AppData\Local\Temp\surefire12550971081743526135 2024-03-08T21-16-16_326-jvmRun1 surefire-20240308211616662_1tmp surefire_0-20240308211616662_2tmp"/>
    <property name="jdk.debug" value="release"/>
    <property name="surefire.test.class.path" value="C:\Users\IT_Admin\eclipse-workspace\TJAFrameworkDesign\target\test-classes;C:\Users\IT_Admin\eclipse-workspace\TJAFrameworkDesign\target\classes;C:\Users\IT_Admin\.m2\repository\com\aventstack\extentreports\5.1.1\extentreports-5.1.1.jar;C:\Users\IT_Admin\.m2\repository\io\reactivex\rxjava3\rxjava\3.1.6\rxjava-3.1.6.jar;C:\Users\IT_Admin\.m2\repository\org\reactivestreams\reactive-streams\1.0.4\reactive-streams-1.0.4.jar;C:\Users\IT_Admin\.m2\repository\org\freemarker\freemarker\2.3.32\freemarker-2.3.32.jar;C:\Users\IT_Admin\.m2\repository\org\projectlombok\lombok\1.18.26\lombok-1.18.26.jar;C:\Users\IT_Admin\.m2\repository\com\google\code\gson\gson\2.10.1\gson-2.10.1.jar;C:\Users\IT_Admin\.m2\repository\io\appium\java-client\9.1.0\java-client-9.1.0.jar;C:\Users\IT_Admin\.m2\repository\org\seleniumhq\selenium\selenium-api\4.18.1\selenium-api-4.18.1.jar;C:\Users\IT_Admin\.m2\repository\org\seleniumhq\selenium\selenium-remote-driver\4.18.1\selenium-remote-driver-4.18.1.jar;C:\Users\IT_Admin\.m2\repository\com\google\auto\service\auto-service-annotations\1.1.1\auto-service-annotations-1.1.1.jar;C:\Users\IT_Admin\.m2\repository\com\google\guava\guava\33.0.0-jre\guava-33.0.0-jre.jar;C:\Users\IT_Admin\.m2\repository\com\google\guava\failureaccess\1.0.2\failureaccess-1.0.2.jar;C:\Users\IT_Admin\.m2\repository\com\google\guava\listenablefuture\9999.0-empty-to-avoid-conflict-with-guava\listenablefuture-9999.0-empty-to-avoid-conflict-with-guava.jar;C:\Users\IT_Admin\.m2\repository\com\google\code\findbugs\jsr305\3.0.2\jsr305-3.0.2.jar;C:\Users\IT_Admin\.m2\repository\org\checkerframework\checker-qual\3.41.0\checker-qual-3.41.0.jar;C:\Users\IT_Admin\.m2\repository\com\google\errorprone\error_prone_annotations\2.23.0\error_prone_annotations-2.23.0.jar;C:\Users\IT_Admin\.m2\repository\com\google\j2objc\j2objc-annotations\2.8\j2objc-annotations-2.8.jar;C:\Users\IT_Admin\.m2\repository\io\opentelemetry\semconv\opentelemetry-semconv\1.23.1-alpha\opentelemetry-semconv-1.23.1-alpha.jar;C:\Users\IT_Admin\.m2\repository\io\opentelemetry\opentelemetry-api\1.35.0\opentelemetry-api-1.35.0.jar;C:\Users\IT_Admin\.m2\repository\io\opentelemetry\opentelemetry-context\1.35.0\opentelemetry-context-1.35.0.jar;C:\Users\IT_Admin\.m2\repository\io\opentelemetry\opentelemetry-exporter-logging\1.35.0\opentelemetry-exporter-logging-1.35.0.jar;C:\Users\IT_Admin\.m2\repository\io\opentelemetry\opentelemetry-sdk-common\1.35.0\opentelemetry-sdk-common-1.35.0.jar;C:\Users\IT_Admin\.m2\repository\io\opentelemetry\opentelemetry-sdk-extension-autoconfigure-spi\1.35.0\opentelemetry-sdk-extension-autoconfigure-spi-1.35.0.jar;C:\Users\IT_Admin\.m2\repository\io\opentelemetry\opentelemetry-sdk-extension-autoconfigure\1.35.0\opentelemetry-sdk-extension-autoconfigure-1.35.0.jar;C:\Users\IT_Admin\.m2\repository\io\opentelemetry\opentelemetry-api-events\1.35.0-alpha\opentelemetry-api-events-1.35.0-alpha.jar;C:\Users\IT_Admin\.m2\repository\io\opentelemetry\opentelemetry-sdk-trace\1.35.0\opentelemetry-sdk-trace-1.35.0.jar;C:\Users\IT_Admin\.m2\repository\io\opentelemetry\opentelemetry-extension-incubator\1.35.0-alpha\opentelemetry-extension-incubator-1.35.0-alpha.jar;C:\Users\IT_Admin\.m2\repository\io\opentelemetry\opentelemetry-sdk\1.35.0\opentelemetry-sdk-1.35.0.jar;C:\Users\IT_Admin\.m2\repository\io\opentelemetry\opentelemetry-sdk-metrics\1.35.0\opentelemetry-sdk-metrics-1.35.0.jar;C:\Users\IT_Admin\.m2\repository\io\opentelemetry\opentelemetry-sdk-logs\1.35.0\opentelemetry-sdk-logs-1.35.0.jar;C:\Users\IT_Admin\.m2\repository\net\bytebuddy\byte-buddy\1.14.12\byte-buddy-1.14.12.jar;C:\Users\IT_Admin\.m2\repository\org\seleniumhq\selenium\selenium-http\4.18.1\selenium-http-4.18.1.jar;C:\Users\IT_Admin\.m2\repository\dev\failsafe\failsafe\3.3.2\failsafe-3.3.2.jar;C:\Users\IT_Admin\.m2\repository\org\seleniumhq\selenium\selenium-json\4.18.1\selenium-json-4.18.1.jar;C:\Users\IT_Admin\.m2\repository\org\seleniumhq\selenium\selenium-manager\4.18.1\selenium-manager-4.18.1.jar;C:\Users\IT_Admin\.m2\repository\org\seleniumhq\selenium\selenium-os\4.18.1\selenium-os-4.18.1.jar;C:\Users\IT_Admin\.m2\repository\org\apache\commons\commons-exec\1.3\commons-exec-1.3.jar;C:\Users\IT_Admin\.m2\repository\org\seleniumhq\selenium\selenium-support\4.18.1\selenium-support-4.18.1.jar;C:\Users\IT_Admin\.m2\repository\org\slf4j\slf4j-api\2.0.11\slf4j-api-2.0.11.jar;C:\Users\IT_Admin\.m2\repository\org\testng\testng\7.9.0\testng-7.9.0.jar;C:\Users\IT_Admin\.m2\repository\com\beust\jcommander\1.82\jcommander-1.82.jar;C:\Users\IT_Admin\.m2\repository\org\webjars\jquery\3.7.1\jquery-3.7.1.jar;C:\Users\IT_Admin\.m2\repository\org\seleniumhq\selenium\selenium-java\4.18.1\selenium-java-4.18.1.jar;C:\Users\IT_Admin\.m2\repository\org\seleniumhq\selenium\selenium-chrome-driver\4.18.1\selenium-chrome-driver-4.18.1.jar;C:\Users\IT_Admin\.m2\repository\org\seleniumhq\selenium\selenium-chromium-driver\4.18.1\selenium-chromium-driver-4.18.1.jar;C:\Users\IT_Admin\.m2\repository\org\seleniumhq\selenium\selenium-devtools-v120\4.18.1\selenium-devtools-v120-4.18.1.jar;C:\Users\IT_Admin\.m2\repository\org\seleniumhq\selenium\selenium-devtools-v121\4.18.1\selenium-devtools-v121-4.18.1.jar;C:\Users\IT_Admin\.m2\repository\org\seleniumhq\selenium\selenium-devtools-v122\4.18.1\selenium-devtools-v122-4.18.1.jar;C:\Users\IT_Admin\.m2\repository\org\seleniumhq\selenium\selenium-devtools-v85\4.18.1\selenium-devtools-v85-4.18.1.jar;C:\Users\IT_Admin\.m2\repository\org\seleniumhq\selenium\selenium-edge-driver\4.18.1\selenium-edge-driver-4.18.1.jar;C:\Users\IT_Admin\.m2\repository\org\seleniumhq\selenium\selenium-firefox-driver\4.18.1\selenium-firefox-driver-4.18.1.jar;C:\Users\IT_Admin\.m2\repository\org\seleniumhq\selenium\selenium-ie-driver\4.18.1\selenium-ie-driver-4.18.1.jar;C:\Users\IT_Admin\.m2\repository\org\seleniumhq\selenium\selenium-safari-driver\4.18.1\selenium-safari-driver-4.18.1.jar;C:\Users\IT_Admin\.m2\repository\commons-io\commons-io\2.15.1\commons-io-2.15.1.jar;"/>
    <property name="sun.cpu.endian" value="little"/>
    <property name="user.home" value="C:\Users\IT_Admin"/>
    <property name="user.language" value="en"/>
    <property name="java.specification.vendor" value="Oracle Corporation"/>
    <property name="java.version.date" value="2023-10-17"/>
    <property name="java.home" value="C:\Program Files\Java\jdk-11"/>
    <property name="file.separator" value="\"/>
    <property name="basedir" value="C:\Users\IT_Admin\eclipse-workspace\TJAFrameworkDesign"/>
    <property name="java.vm.compressedOopsMode" value="Zero based"/>
    <property name="line.separator" value="&#10;"/>
    <property name="java.specification.name" value="Java Platform API Specification"/>
    <property name="java.vm.specification.vendor" value="Oracle Corporation"/>
    <property name="java.awt.graphicsenv" value="sun.awt.Win32GraphicsEnvironment"/>
    <property name="surefire.real.class.path" value="C:\Users\IT_Admin\AppData\Local\Temp\surefire12550971081743526135\surefirebooter-20240308211616662_3.jar"/>
    <property name="user.script" value=""/>
    <property name="sun.management.compiler" value="HotSpot 64-Bit Tiered Compilers"/>
    <property name="java.runtime.version" value="11.0.21+9-LTS-193"/>
    <property name="user.name" value="IT_Admin"/>
    <property name="path.separator" value=";"/>
    <property name="os.version" value="10.0"/>
    <property name="java.runtime.name" value="Java(TM) SE Runtime Environment"/>
    <property name="file.encoding" value="Cp1252"/>
    <property name="java.vm.name" value="Java HotSpot(TM) 64-Bit Server VM"/>
    <property name="java.vendor.version" value="18.9"/>
    <property name="localRepository" value="C:\Users\IT_Admin\.m2\repository"/>
    <property name="java.vendor.url.bug" value="https://bugreport.java.com/bugreport/"/>
    <property name="java.io.tmpdir" value="C:\Users\IT_Admin\AppData\Local\Temp\"/>
    <property name="java.version" value="11.0.21"/>
    <property name="user.dir" value="C:\Users\IT_Admin\eclipse-workspace\TJAFrameworkDesign"/>
    <property name="os.arch" value="amd64"/>
    <property name="java.vm.specification.name" value="Java Virtual Machine Specification"/>
    <property name="java.awt.printerjob" value="sun.awt.windows.WPrinterJob"/>
    <property name="sun.os.patch.level" value=""/>
    <property name="java.library.path" value="C:\Program Files\Java\jdk-11\bin;C:\WINDOWS\Sun\Java\bin;C:\WINDOWS\system32;C:\WINDOWS;C:\Program Files\Common Files\Oracle\Java\javapath;C:\WINDOWS\system32;C:\WINDOWS;C:\WINDOWS\System32\Wbem;C:\WINDOWS\System32\WindowsPowerShell\v1.0\;C:\WINDOWS\System32\OpenSSH\;C:\Program Files\nodejs\;C:\Program Files\apache-maven-3.9.6\bin;C:\Program Files\Java\jdk-11\bin;C:\Users\IT_Admin\AppData\Local\Android\Sdk\tools\bin;C:\Users\IT_Admin\AppData\Local\Android\Sdk\tools;C:\Users\IT_Admin\AppData\Local\Android\Sdk\platform-tools;C:\Program Files\nodejs\node_modules\npm\bin;C:\Program Files\Git\cmd;C:\Users\IT_Admin\AppData\Local\Microsoft\WindowsApps;C:\Users\IT_Admin\AppData\Roaming\npm;."/>
    <property name="java.vendor" value="Oracle Corporation"/>
    <property name="java.vm.info" value="mixed mode"/>
    <property name="java.vm.version" value="11.0.21+9-LTS-193"/>
    <property name="java.specification.maintenance.version" value="2"/>
    <property name="sun.io.unicode.encoding" value="UnicodeLittle"/>
    <property name="java.class.version" value="55.0"/>
  </properties>
  <testcase name="LoginTest" classname="org.tractorjunction.HomePage" time="16.318">
    <system-out><![CDATA[&amp#27;[35m[Appium]&amp#27;[39m Welcome to Appium v2.4.1
&amp#27;[35m[Appium]&amp#27;[39m Non-default server args:
&amp#27;[35m[Appium]&amp#27;[39m { address: &amp#27;[32m'127.0.0.1'&amp#27;[39m }
&amp#27;[35m[Appium]&amp#27;[39m The autodetected Appium home path: C:\Users\IT_Admin\.appium
&amp#27;[35m[Appium]&amp#27;[39m Attempting to load driver uiautomator2...
&amp#27;[35m[Appium]&amp#27;[39m Requiring driver at C:\Users\IT_Admin\.appium\node_modules\appium-uiautomator2-driver\build\index.js
&amp#27;[35m[Appium]&amp#27;[39m AndroidUiautomator2Driver has been successfully loaded in 1.621s
&amp#27;[35m[Appium]&amp#27;[39m Appium REST http interface listener started on http://127.0.0.1:4723
&amp#27;[35m[Appium]&amp#27;[39m Available drivers:
&amp#27;[35m[Appium]&amp#27;[39m   - uiautomator2@2.44.0 (automationName 'UiAutomator2')
&amp#27;[35m[Appium]&amp#27;[39m No plugins have been installed. Use the "appium plugin" command to install the one(s) you want to use.
&amp#27;[38;5;0m[HTTP]&amp#27;[0m &amp#27;[37m-->&amp#27;[39m &amp#27;[37mGET&amp#27;[39m &amp#27;[37m/status&amp#27;[39m
&amp#27;[38;5;0m[HTTP]&amp#27;[0m &amp#27;[90m{}&amp#27;[39m
&amp#27;[38;5;16m[AppiumDriver@a3e1]&amp#27;[0m Calling AppiumDriver.getStatus() with args: []
&amp#27;[38;5;16m[AppiumDriver@a3e1]&amp#27;[0m Responding to client with driver.getStatus() result: {"ready":true,"message":"The server is ready to accept new connections","build":{"version":"2.4.1"}}
&amp#27;[38;5;0m[HTTP]&amp#27;[0m &amp#27;[37m<-- GET /status &amp#27;[39m&amp#27;[32m200&amp#27;[39m &amp#27;[90m16 ms - 110&amp#27;[39m
&amp#27;[38;5;0m[HTTP]&amp#27;[0m &amp#27;[90m&amp#27;[39m
&amp#27;[38;5;0m[HTTP]&amp#27;[0m Request idempotency key: c7fbef31-aa7f-4290-a9f8-7653de043781
&amp#27;[38;5;0m[HTTP]&amp#27;[0m &amp#27;[37m-->&amp#27;[39m &amp#27;[37mPOST&amp#27;[39m &amp#27;[37m/session&amp#27;[39m
&amp#27;[38;5;0m[HTTP]&amp#27;[0m &amp#27;[90m{"capabilities":{"firstMatch":[{}],"alwaysMatch":{"appium:deviceName":"RajkumarDevice","appium:automationName":"UIAutomator2","platformName":"ANDROID","appium:app":"C:\\Users\\IT_Admin\\eclipse-workspace\\TJAFrameworkDesign\\src\\test\\java\\org\\tractorjunction\\resources\\TJ_3.8.3.apk"}}}&amp#27;[39m
&amp#27;[38;5;16m[AppiumDriver@a3e1]&amp#27;[0m Calling AppiumDriver.createSession() with args: [null,null,{"firstMatch":[{}],"alwaysMatch":{"appium:deviceName":"RajkumarDevice","appium:automationName":"UIAutomator2","platformName":"ANDROID","appium:app":"C:\\Users\\IT_Admin\\eclipse-workspace\\TJAFrameworkDesign\\src\\test\\java\\org\\tractorjunction\\resources\\TJ_3.8.3.apk"}}]
&amp#27;[38;5;16m[AppiumDriver@a3e1]&amp#27;[0m Event 'newSessionRequested' logged at 1709912783387 (21:16:23 GMT+0530 (India Standard Time))
&amp#27;[35m[Appium]&amp#27;[39m Attempting to find matching driver for automationName 'UIAutomator2' and platformName 'ANDROID'
&amp#27;[35m[Appium]&amp#27;[39m The 'uiautomator2' driver was installed and matched caps.
&amp#27;[35m[Appium]&amp#27;[39m Will require it at C:\Users\IT_Admin\.appium\node_modules\appium-uiautomator2-driver
&amp#27;[35m[Appium]&amp#27;[39m Requiring driver at C:\Users\IT_Admin\.appium\node_modules\appium-uiautomator2-driver\build\index.js
&amp#27;[38;5;16m[AppiumDriver@a3e1]&amp#27;[0m Appium v2.4.1 creating new AndroidUiautomator2Driver (v2.44.0) session
&amp#27;[38;5;16m[AppiumDriver@a3e1]&amp#27;[0m Checking BaseDriver versions for Appium and AndroidUiautomator2Driver
&amp#27;[38;5;16m[AppiumDriver@a3e1]&amp#27;[0m Appium's BaseDriver version is 9.5.0
&amp#27;[38;5;16m[AppiumDriver@a3e1]&amp#27;[0m AndroidUiautomator2Driver's BaseDriver version is 9.5.0
&amp#27;[38;5;32m[AndroidUiautomator2Driver@004b]&amp#27;[0m Creating session with W3C capabilities: {
&amp#27;[38;5;32m[AndroidUiautomator2Driver@004b]&amp#27;[0m   "alwaysMatch": {
&amp#27;[38;5;32m[AndroidUiautomator2Driver@004b]&amp#27;[0m     "platformName": "ANDROID",
&amp#27;[38;5;32m[AndroidUiautomator2Driver@004b]&amp#27;[0m     "appium:deviceName": "RajkumarDevice",
&amp#27;[38;5;32m[AndroidUiautomator2Driver@004b]&amp#27;[0m     "appium:automationName": "UIAutomator2",
&amp#27;[38;5;32m[AndroidUiautomator2Driver@004b]&amp#27;[0m     "appium:app": "C:\\Users\\IT_Admin\\eclipse-workspace\\TJAFrameworkDesign\\src\\test\\java\\org\\tractorjunction\\resources\\TJ_3.8.3.apk"
&amp#27;[38;5;32m[AndroidUiautomator2Driver@004b]&amp#27;[0m   },
&amp#27;[38;5;32m[AndroidUiautomator2Driver@004b]&amp#27;[0m   "firstMatch": [
&amp#27;[38;5;32m[AndroidUiautomator2Driver@004b]&amp#27;[0m     {}
&amp#27;[38;5;32m[AndroidUiautomator2Driver@004b]&amp#27;[0m   ]
&amp#27;[38;5;32m[AndroidUiautomator2Driver@004b]&amp#27;[0m }
&amp#27;[38;5;32m[AndroidUiautomator2Driver@004b (03673acc)]&amp#27;[0m Session created with session id: 03673acc-b90a-4d71-b051-5503596c45cb
&amp#27;[38;5;48m[BaseDriver]&amp#27;[0m Using local app 'C:\Users\IT_Admin\eclipse-workspace\TJAFrameworkDesign\src\test\java\org\tractorjunction\resources\TJ_3.8.3.apk'
&amp#27;[38;5;32m[AndroidUiautomator2Driver@004b (03673acc)]&amp#27;[0m Checking whether app is actually present
&amp#27;[38;5;64m[ADB]&amp#27;[0m Found 3 'build-tools' folders under 'C:\Users\IT_Admin\AppData\Local\Android\Sdk' (newest first):
&amp#27;[38;5;64m[ADB]&amp#27;[0m     C:\Users\IT_Admin\AppData\Local\Android\Sdk\build-tools\34.0.0
&amp#27;[38;5;64m[ADB]&amp#27;[0m     C:\Users\IT_Admin\AppData\Local\Android\Sdk\build-tools\33.0.0
&amp#27;[38;5;64m[ADB]&amp#27;[0m     C:\Users\IT_Admin\AppData\Local\Android\Sdk\build-tools\30.0.3
&amp#27;[38;5;64m[ADB]&amp#27;[0m Using 'adb.exe' from 'C:\Users\IT_Admin\AppData\Local\Android\Sdk\platform-tools\adb.exe'
&amp#27;[38;5;64m[ADB]&amp#27;[0m Running 'C:\Users\IT_Admin\AppData\Local\Android\Sdk\platform-tools\adb.exe -P 5037 start-server'
&amp#27;[38;5;32m[AndroidUiautomator2Driver@004b (03673acc)]&amp#27;[0m Retrieving device list
&amp#27;[38;5;64m[ADB]&amp#27;[0m Trying to find connected Android devices
&amp#27;[38;5;64m[ADB]&amp#27;[0m Getting connected devices
&amp#27;[38;5;64m[ADB]&amp#27;[0m Connected devices: [{"udid":"emulator-5554","state":"device"}]
&amp#27;[38;5;32m[AndroidUiautomator2Driver@004b (03673acc)]&amp#27;[0m Using device: emulator-5554
&amp#27;[38;5;64m[ADB]&amp#27;[0m Using 'adb.exe' from 'C:\Users\IT_Admin\AppData\Local\Android\Sdk\platform-tools\adb.exe'
&amp#27;[38;5;64m[ADB]&amp#27;[0m Running 'C:\Users\IT_Admin\AppData\Local\Android\Sdk\platform-tools\adb.exe -P 5037 start-server'
&amp#27;[38;5;64m[ADB]&amp#27;[0m Setting device id to emulator-5554
&amp#27;[38;5;64m[ADB]&amp#27;[0m Running 'C:\Users\IT_Admin\AppData\Local\Android\Sdk\platform-tools\adb.exe -P 5037 -s emulator-5554 shell getprop ro.build.version.sdk'
&amp#27;[38;5;64m[ADB]&amp#27;[0m Current device property 'ro.build.version.sdk': 30
&amp#27;[38;5;64m[ADB]&amp#27;[0m Getting device platform version
&amp#27;[38;5;64m[ADB]&amp#27;[0m Running 'C:\Users\IT_Admin\AppData\Local\Android\Sdk\platform-tools\adb.exe -P 5037 -s emulator-5554 shell getprop ro.build.version.release'
&amp#27;[38;5;64m[ADB]&amp#27;[0m Current device property 'ro.build.version.release': 11
&amp#27;[38;5;64m[ADB]&amp#27;[0m Device API level: 30
&amp#27;[38;5;32m[AndroidUiautomator2Driver@004b (03673acc)]&amp#27;[0m Relaxing hidden api policy
&amp#27;[38;5;64m[ADB]&amp#27;[0m Running 'C:\Users\IT_Admin\AppData\Local\Android\Sdk\platform-tools\adb.exe -P 5037 -s emulator-5554 shell 'settings put global hidden_api_policy_pre_p_apps 1;settings put global hidden_api_policy_p_apps 1;settings put global hidden_api_policy 1''
&amp#27;[38;5;32m[AndroidUiautomator2Driver@004b (03673acc)]&amp#27;[0m Parsing package and activity from app manifest
&amp#27;[38;5;64m[ADB]&amp#27;[0m Running 'C:\Users\IT_Admin\AppData\Local\Android\Sdk\platform-tools\adb.exe -P 5037 -s emulator-5554 wait-for-device'
&amp#27;[38;5;64m[ADB]&amp#27;[0m Running 'C:\Users\IT_Admin\AppData\Local\Android\Sdk\platform-tools\adb.exe -P 5037 -s emulator-5554 shell echo ping'
&amp#27;[38;5;32m[AndroidUiautomator2Driver@004b (03673acc)]&amp#27;[0m Pushing settings apk to the device...
&amp#27;[38;5;64m[ADB]&amp#27;[0m Getting package info for 'io.appium.settings'
&amp#27;[38;5;64m[ADB]&amp#27;[0m Running 'C:\Users\IT_Admin\AppData\Local\Android\Sdk\platform-tools\adb.exe -P 5037 -s emulator-5554 shell dumpsys package io.appium.settings'
&amp#27;[38;5;64m[ADB]&amp#27;[0m Package name: 'com.tractorjunction'
&amp#27;[38;5;64m[ADB]&amp#27;[0m Main activity name: 'com.tractorjunction.MainActivity'
&amp#27;[38;5;32m[AndroidUiautomator2Driver@004b (03673acc)]&amp#27;[0m Parsed package and activity are: com.tractorjunction/com.tractorjunction.MainActivity
&amp#27;[38;5;64m[ADB]&amp#27;[0m The version name of the installed 'io.appium.settings' is greater or equal to the application version name ('5.7.5' >= '5.7.5')
&amp#27;[38;5;64m[ADB]&amp#27;[0m There is no need to install/upgrade 'C:\Users\IT_Admin\.appium\node_modules\appium-uiautomator2-driver\node_modules\io.appium.settings\apks\settings_apk-debug.apk'
&amp#27;[38;5;64m[ADB]&amp#27;[0m Running 'C:\Users\IT_Admin\AppData\Local\Android\Sdk\platform-tools\adb.exe -P 5037 -s emulator-5554 shell dumpsys activity services io.appium.settings'
&amp#27;[38;5;32m[AndroidUiautomator2Driver@004b (03673acc)]&amp#27;[0m io.appium.settings is already running. There is no need to reset its permissions.
&amp#27;[38;5;80m[Logcat]&amp#27;[0m Starting logs capture with command: C:\\Users\\IT_Admin\\AppData\\Local\\Android\\Sdk\\platform-tools\\adb.exe -P 5037 -s emulator-5554 logcat -v threadtime
&amp#27;[38;5;32m[AndroidUiautomator2Driver@004b (03673acc)]&amp#27;[0m Forwarding UiAutomator2 Server port 6790 to local port 8200
&amp#27;[38;5;64m[ADB]&amp#27;[0m Forwarding system: 8200 to device: 6790
&amp#27;[38;5;64m[ADB]&amp#27;[0m Running 'C:\Users\IT_Admin\AppData\Local\Android\Sdk\platform-tools\adb.exe -P 5037 -s emulator-5554 forward tcp:8200 tcp:6790'
&amp#27;[38;5;64m[ADB]&amp#27;[0m Checking app cert for C:\Users\IT_Admin\eclipse-workspace\TJAFrameworkDesign\src\test\java\org\tractorjunction\resources\TJ_3.8.3.apk
&amp#27;[38;5;64m[ADB]&amp#27;[0m Checking app cert for C:\Users\IT_Admin\.appium\node_modules\appium-uiautomator2-driver\node_modules\appium-uiautomator2-server\apks\appium-uiautomator2-server-v6.0.7.apk
&amp#27;[38;5;64m[ADB]&amp#27;[0m Checking app cert for C:\Users\IT_Admin\.appium\node_modules\appium-uiautomator2-driver\node_modules\appium-uiautomator2-server\apks\appium-uiautomator2-server-debug-androidTest.apk
&amp#27;[38;5;64m[ADB]&amp#27;[0m Using 'apksigner.jar' from 'C:\Users\IT_Admin\AppData\Local\Android\Sdk\build-tools\34.0.0\lib\apksigner.jar'
&amp#27;[38;5;64m[ADB]&amp#27;[0m Starting apksigner: 'C:\\Program Files\\Java\\jdk-11\\bin\\java.exe' -Xmx1024M -Xss1m -jar C:\\Users\\IT_Admin\\AppData\\Local\\Android\\Sdk\\build-tools\\34.0.0\\lib\\apksigner.jar verify --print-certs C:\\Users\\IT_Admin\\.appium\\node_modules\\appium-uiautomator2-driver\\node_modules\\appium-uiautomator2-server\\apks\\appium-uiautomator2-server-debug-androidTest.apk
&amp#27;[38;5;64m[ADB]&amp#27;[0m Starting apksigner: 'C:\\Program Files\\Java\\jdk-11\\bin\\java.exe' -Xmx1024M -Xss1m -jar C:\\Users\\IT_Admin\\AppData\\Local\\Android\\Sdk\\build-tools\\34.0.0\\lib\\apksigner.jar verify --print-certs C:\\Users\\IT_Admin\\eclipse-workspace\\TJAFrameworkDesign\\src\\test\\java\\org\\tractorjunction\\resources\\TJ_3.8.3.apk
&amp#27;[38;5;64m[ADB]&amp#27;[0m Starting apksigner: 'C:\\Program Files\\Java\\jdk-11\\bin\\java.exe' -Xmx1024M -Xss1m -jar C:\\Users\\IT_Admin\\AppData\\Local\\Android\\Sdk\\build-tools\\34.0.0\\lib\\apksigner.jar verify --print-certs C:\\Users\\IT_Admin\\.appium\\node_modules\\appium-uiautomator2-driver\\node_modules\\appium-uiautomator2-server\\apks\\appium-uiautomator2-server-v6.0.7.apk
&amp#27;[38;5;64m[ADB]&amp#27;[0m apksigner stdout: Signer #1 certificate DN: EMAILADDRESS=android@android.com, CN=Android, OU=Android, O=Android, L=Mountain View, ST=California, C=US
&amp#27;[38;5;64m[ADB]&amp#27;[0m Signer #1 certificate SHA-256 digest: a40da80a59d170caa950cf15c18c454d47a39b26989d8b640ecd745ba71bf5dc
&amp#27;[38;5;64m[ADB]&amp#27;[0m Signer #1 certificate SHA-1 digest: 61ed377e85d386a8dfee6b864bd85b0bfaa5af81
&amp#27;[38;5;64m[ADB]&amp#27;[0m Signer #1 certificate MD5 digest: e89b158e4bcf988ebd09eb83f5378e87
&amp#27;[38;5;64m[ADB]&amp#27;[0m 
&amp#27;[38;5;64m[ADB]&amp#27;[0m sha256 hash did match for 'appium-uiautomator2-server-debug-androidTest.apk'
&amp#27;[38;5;64m[ADB]&amp#27;[0m 'C:\Users\IT_Admin\.appium\node_modules\appium-uiautomator2-driver\node_modules\appium-uiautomator2-server\apks\appium-uiautomator2-server-debug-androidTest.apk' is signed with the default certificate
&amp#27;[38;5;64m[ADB]&amp#27;[0m Getting install status for io.appium.uiautomator2.server.test
&amp#27;[38;5;64m[ADB]&amp#27;[0m Running 'C:\Users\IT_Admin\AppData\Local\Android\Sdk\platform-tools\adb.exe -P 5037 -s emulator-5554 shell pm path io.appium.uiautomator2.server.test'
&amp#27;[38;5;64m[ADB]&amp#27;[0m 'io.appium.uiautomator2.server.test' is installed
&amp#27;[38;5;64m[ADB]&amp#27;[0m apksigner stdout: Signer #1 certificate DN: CN=TractorJunction, O=TractorJunction, L=Alwar, ST=Rajasthan, C=91
&amp#27;[38;5;64m[ADB]&amp#27;[0m Signer #1 certificate SHA-256 digest: a51598a657e6fa51772093d14882988fc62b395ba9bb0b1392c563aaccc9ce5e
&amp#27;[38;5;64m[ADB]&amp#27;[0m Signer #1 certificate SHA-1 digest: 4bba860614bac9c80a9e6818f153c69a637cc938
&amp#27;[38;5;64m[ADB]&amp#27;[0m Signer #1 certificate MD5 digest: 09dec9d9309e56683f9d715a8894082c
&amp#27;[38;5;64m[ADB]&amp#27;[0m 
&amp#27;[38;5;64m[ADB]&amp#27;[0m 'C:\Users\IT_Admin\eclipse-workspace\TJAFrameworkDesign\src\test\java\org\tractorjunction\resources\TJ_3.8.3.apk' is signed with a non-default certificate
&amp#27;[38;5;64m[ADB]&amp#27;[0m Getting package info for 'com.tractorjunction'
&amp#27;[38;5;64m[ADB]&amp#27;[0m Running 'C:\Users\IT_Admin\AppData\Local\Android\Sdk\platform-tools\adb.exe -P 5037 -s emulator-5554 shell dumpsys package com.tractorjunction'
&amp#27;[38;5;64m[ADB]&amp#27;[0m apksigner stdout: Signer #1 certificate DN: EMAILADDRESS=android@android.com, CN=Android, OU=Android, O=Android, L=Mountain View, ST=California, C=US
&amp#27;[38;5;64m[ADB]&amp#27;[0m Signer #1 certificate SHA-256 digest: a40da80a59d170caa950cf15c18c454d47a39b26989d8b640ecd745ba71bf5dc
&amp#27;[38;5;64m[ADB]&amp#27;[0m Signer #1 certificate SHA-1 digest: 61ed377e85d386a8dfee6b864bd85b0bfaa5af81
&amp#27;[38;5;64m[ADB]&amp#27;[0m Signer #1 certificate MD5 digest: e89b158e4bcf988ebd09eb83f5378e87
&amp#27;[38;5;64m[ADB]&amp#27;[0m 
&amp#27;[38;5;64m[ADB]&amp#27;[0m sha256 hash did match for 'appium-uiautomator2-server-v6.0.7.apk'
&amp#27;[38;5;64m[ADB]&amp#27;[0m 'C:\Users\IT_Admin\.appium\node_modules\appium-uiautomator2-driver\node_modules\appium-uiautomator2-server\apks\appium-uiautomator2-server-v6.0.7.apk' is signed with the default certificate
&amp#27;[38;5;64m[ADB]&amp#27;[0m Getting package info for 'io.appium.uiautomator2.server'
&amp#27;[38;5;64m[ADB]&amp#27;[0m Running 'C:\Users\IT_Admin\AppData\Local\Android\Sdk\platform-tools\adb.exe -P 5037 -s emulator-5554 shell dumpsys package io.appium.uiautomator2.server'
&amp#27;[38;5;64m[ADB]&amp#27;[0m The version name of the installed 'com.tractorjunction' is greater or equal to the application version name ('3.2.8' >= '3.2.8')
&amp#27;[38;5;64m[ADB]&amp#27;[0m There is no need to install/upgrade 'C:\Users\IT_Admin\eclipse-workspace\TJAFrameworkDesign\src\test\java\org\tractorjunction\resources\TJ_3.8.3.apk'
&amp#27;[38;5;32m[AndroidUiautomator2Driver@004b (03673acc)]&amp#27;[0m Performing fast reset on 'com.tractorjunction'
&amp#27;[38;5;64m[ADB]&amp#27;[0m Getting install status for com.tractorjunction
&amp#27;[38;5;64m[ADB]&amp#27;[0m Running 'C:\Users\IT_Admin\AppData\Local\Android\Sdk\platform-tools\adb.exe -P 5037 -s emulator-5554 shell pm path com.tractorjunction'
&amp#27;[38;5;64m[ADB]&amp#27;[0m 'com.tractorjunction' is installed
&amp#27;[38;5;64m[ADB]&amp#27;[0m Running 'C:\Users\IT_Admin\AppData\Local\Android\Sdk\platform-tools\adb.exe -P 5037 -s emulator-5554 shell am force-stop com.tractorjunction'
&amp#27;[38;5;64m[ADB]&amp#27;[0m Running 'C:\Users\IT_Admin\AppData\Local\Android\Sdk\platform-tools\adb.exe -P 5037 -s emulator-5554 shell pm clear com.tractorjunction'
&amp#27;[38;5;64m[ADB]&amp#27;[0m The version name of the installed 'io.appium.uiautomator2.server' is greater or equal to the application version name ('6.0.7' >= '6.0.7')
&amp#27;[38;5;32m[AndroidUiautomator2Driver@004b (03673acc)]&amp#27;[0m Server packages status: [{"wasSigned":true,"installState":"sameVersionInstalled","appPath":"C:\\Users\\IT_Admin\\.appium\\node_modules\\appium-uiautomator2-driver\\node_modules\\appium-uiautomator2-server\\apks\\appium-uiautomator2-server-v6.0.7.apk","appId":"io.appium.uiautomator2.server"},{"wasSigned":true,"installState":"sameVersionInstalled","appPath":"C:\\Users\\IT_Admin\\.appium\\node_modules\\appium-uiautomator2-driver\\node_modules\\appium-uiautomator2-server\\apks\\appium-uiautomator2-server-debug-androidTest.apk","appId":"io.appium.uiautomator2.server.test"}]
&amp#27;[38;5;32m[AndroidUiautomator2Driver@004b (03673acc)]&amp#27;[0m Server packages are not going to be (re)installed
&amp#27;[38;5;32m[AndroidUiautomator2Driver@004b (03673acc)]&amp#27;[0m Performed fast reset on the installed 'com.tractorjunction' application (stop and clear)
&amp#27;[38;5;32m[AndroidUiautomator2Driver@004b (03673acc)]&amp#27;[0m Waiting up to 30000ms for services to be available
&amp#27;[38;5;64m[ADB]&amp#27;[0m Running 'C:\Users\IT_Admin\AppData\Local\Android\Sdk\platform-tools\adb.exe -P 5037 -s emulator-5554 shell pm list instrumentation'
&amp#27;[38;5;32m[AndroidUiautomator2Driver@004b (03673acc)]&amp#27;[0m Instrumentation target 'io.appium.uiautomator2.server.test/androidx.test.runner.AndroidJUnitRunner' is available
&amp#27;[38;5;64m[ADB]&amp#27;[0m Adding packages ["io.appium.settings","io.appium.uiautomator2.server","io.appium.uiautomator2.server.test"] to Doze whitelist
&amp#27;[38;5;64m[ADB]&amp#27;[0m Got the following command chunks to execute: [["dumpsys","deviceidle","whitelist","+io.appium.settings",";","dumpsys","deviceidle","whitelist","+io.appium.uiautomator2.server",";","dumpsys","deviceidle","whitelist","+io.appium.uiautomator2.server.test",";"]]
&amp#27;[38;5;64m[ADB]&amp#27;[0m Running 'C:\Users\IT_Admin\AppData\Local\Android\Sdk\platform-tools\adb.exe -P 5037 -s emulator-5554 shell dumpsys deviceidle whitelist +io.appium.settings ; dumpsys deviceidle whitelist +io.appium.uiautomator2.server ; dumpsys deviceidle whitelist +io.appium.uiautomator2.server.test ;'
&amp#27;[38;5;32m[AndroidUiautomator2Driver@004b (03673acc)]&amp#27;[0m Performing shallow cleanup of automation leftovers
&amp#27;[38;5;32m[AndroidUiautomator2Driver@004b (03673acc)]&amp#27;[0m No obsolete sessions have been detected (socket hang up)
&amp#27;[38;5;64m[ADB]&amp#27;[0m Running 'C:\Users\IT_Admin\AppData\Local\Android\Sdk\platform-tools\adb.exe -P 5037 -s emulator-5554 shell am force-stop io.appium.uiautomator2.server.test'
&amp#27;[38;5;32m[AndroidUiautomator2Driver@004b (03673acc)]&amp#27;[0m Starting UIAutomator2 server 6.0.7
&amp#27;[38;5;32m[AndroidUiautomator2Driver@004b (03673acc)]&amp#27;[0m Using UIAutomator2 server from 'C:\Users\IT_Admin\.appium\node_modules\appium-uiautomator2-driver\node_modules\appium-uiautomator2-server\apks\appium-uiautomator2-server-v6.0.7.apk' and test from 'C:\Users\IT_Admin\.appium\node_modules\appium-uiautomator2-driver\node_modules\appium-uiautomator2-server\apks\appium-uiautomator2-server-debug-androidTest.apk'
&amp#27;[38;5;32m[AndroidUiautomator2Driver@004b (03673acc)]&amp#27;[0m Waiting up to 30000ms for UiAutomator2 to be online...
&amp#27;[38;5;64m[ADB]&amp#27;[0m Creating ADB subprocess with args: ["-P","5037","-s","emulator-5554","shell","am","instrument","-w","-e","disableAnalytics","true","io.appium.uiautomator2.server.test/androidx.test.runner.AndroidJUnitRunner"]
&amp#27;[38;5;32m[AndroidUiautomator2Driver@004b (03673acc)]&amp#27;[0m Matched '/status' to command name 'getStatus'
&amp#27;[38;5;32m[AndroidUiautomator2Driver@004b (03673acc)]&amp#27;[0m Proxying [GET /status] to [GET http://127.0.0.1:8200/status] with no body
&amp#27;[38;5;32m[AndroidUiautomator2Driver@004b (03673acc)]&amp#27;[0m socket hang up
&amp#27;[38;5;32m[AndroidUiautomator2Driver@004b (03673acc)]&amp#27;[0m Matched '/status' to command name 'getStatus'
&amp#27;[38;5;32m[AndroidUiautomator2Driver@004b (03673acc)]&amp#27;[0m Proxying [GET /status] to [GET http://127.0.0.1:8200/status] with no body
&amp#27;[38;5;32m[AndroidUiautomator2Driver@004b (03673acc)]&amp#27;[0m socket hang up
&amp#27;[38;5;96m[Instrumentation]&amp#27;[0m io.appium.uiautomator2.server.test.AppiumUiAutomator2Server:
&amp#27;[38;5;32m[AndroidUiautomator2Driver@004b (03673acc)]&amp#27;[0m Matched '/status' to command name 'getStatus'
&amp#27;[38;5;32m[AndroidUiautomator2Driver@004b (03673acc)]&amp#27;[0m Proxying [GET /status] to [GET http://127.0.0.1:8200/status] with no body
&amp#27;[38;5;32m[AndroidUiautomator2Driver@004b (03673acc)]&amp#27;[0m socket hang up
&amp#27;[38;5;32m[AndroidUiautomator2Driver@004b (03673acc)]&amp#27;[0m Matched '/status' to command name 'getStatus'
&amp#27;[38;5;32m[AndroidUiautomator2Driver@004b (03673acc)]&amp#27;[0m Proxying [GET /status] to [GET http://127.0.0.1:8200/status] with no body
&amp#27;[38;5;32m[AndroidUiautomator2Driver@004b (03673acc)]&amp#27;[0m Got response with status 200: {"sessionId":"None","value":{"message":"UiAutomator2 Server is ready to accept commands","ready":true}}
&amp#27;[38;5;32m[AndroidUiautomator2Driver@004b (03673acc)]&amp#27;[0m The initialization of the instrumentation process took 3330ms
&amp#27;[38;5;32m[AndroidUiautomator2Driver@004b (03673acc)]&amp#27;[0m Matched '/session' to command name 'createSession'
&amp#27;[38;5;32m[AndroidUiautomator2Driver@004b (03673acc)]&amp#27;[0m Proxying [POST /session] to [POST http://127.0.0.1:8200/session] with body: {"capabilities":{"firstMatch":[{"platformName":"ANDROID","deviceName":"emulator-5554","automationName":"UIAutomator2","app":"C:\\Users\\IT_Admin\\eclipse-workspace\\TJAFrameworkDesign\\src\\test\\java\\org\\tractorjunction\\resources\\TJ_3.8.3.apk","platform":"LINUX","webStorageEnabled":false,"takesScreenshot":true,"javascriptEnabled":true,"databaseEnabled":false,"networkConnectionEnabled":true,"locationContextEnabled":false,"warnings":{},"desired":{"platformName":"ANDROID","deviceName":"RajkumarDevice","automationName":"UIAutomator2","app":"C:\\Users\\IT_Admin\\eclipse-workspace\\TJAFrameworkDesign\\src\\test\\java\\org\\tractorjunction\\resources\\TJ_3.8.3.apk"},"deviceUDID":"emulator-5554","appPackage":"com.tractorjunction"}],"alwaysMatch":{}}}
&amp#27;[38;5;32m[AndroidUiautomator2Driver@004b (03673acc)]&amp#27;[0m Got response with status 200: {"sessionId":"46258448-c0fa-43f6-8df1-37a7ad1466e0","value":{"capabilities":{"firstMatch":[{"platformName":"ANDROID","deviceName":"emulator-5554","automationName":"UIAutomator2","app":"C:\\Users\\IT_Admin\\eclipse-workspace\\TJAFrameworkDesign\\src\\test\\java\\org\\tractorjunction\\resources\\TJ_3.8.3.apk","platform":"LINUX","webStorageEnabled":false,"takesScreenshot":true,"javascriptEnabled":true,"databaseEnabled":false,"networkConnectionEnabled":true,"locationContextEnabled":false,"warnings":{},"desired":{"platformName":"ANDROID","deviceName":"RajkumarDevice","automationName":"UIAutomator2","app":"C:\\Users\\IT_Admin\\eclipse-workspace\\TJAFrameworkDesign\\src\\test\\java\\org\\tractorjunction\\resources\\TJ_3.8.3.apk"},"deviceUDID":"emulator-5554","appPackage":"com.tractorjunction"}],"alwaysMatch":{}},"sessionId":"46258448-c0fa-43f6-8df1-37a7ad1466e0"}}
&amp#27;[38;5;32m[AndroidUiautomator2Driver@004b (03673acc)]&amp#27;[0m Determined the downstream protocol as 'W3C'
&amp#27;[38;5;32m[AndroidUiautomator2Driver@004b (03673acc)]&amp#27;[0m Proxying [GET /appium/device/pixel_ratio] to [GET http://127.0.0.1:8200/session/46258448-c0fa-43f6-8df1-37a7ad1466e0/appium/device/pixel_ratio] with no body
&amp#27;[38;5;32m[AndroidUiautomator2Driver@004b (03673acc)]&amp#27;[0m Matched '/appium/device/system_bars' to command name 'getSystemBars'
&amp#27;[38;5;32m[AndroidUiautomator2Driver@004b (03673acc)]&amp#27;[0m Proxying [GET /appium/device/system_bars] to [GET http://127.0.0.1:8200/session/46258448-c0fa-43f6-8df1-37a7ad1466e0/appium/device/system_bars] with no body
&amp#27;[38;5;32m[AndroidUiautomator2Driver@004b (03673acc)]&amp#27;[0m Matched '/window/current/size' to command name 'getWindowSize'
&amp#27;[38;5;32m[AndroidUiautomator2Driver@004b (03673acc)]&amp#27;[0m Proxying [GET /window/current/size] to [GET http://127.0.0.1:8200/session/46258448-c0fa-43f6-8df1-37a7ad1466e0/window/current/size] with no body
&amp#27;[38;5;32m[AndroidUiautomator2Driver@004b (03673acc)]&amp#27;[0m Proxying [GET /appium/device/info] to [GET http://127.0.0.1:8200/session/46258448-c0fa-43f6-8df1-37a7ad1466e0/appium/device/info] with no body
&amp#27;[38;5;64m[ADB]&amp#27;[0m Running 'C:\Users\IT_Admin\AppData\Local\Android\Sdk\platform-tools\adb.exe -P 5037 -s emulator-5554 shell dumpsys window'
&amp#27;[38;5;32m[AndroidUiautomator2Driver@004b (03673acc)]&amp#27;[0m Got response with status 200: {"sessionId":"46258448-c0fa-43f6-8df1-37a7ad1466e0","value":{"height":2880,"width":1440}}
&amp#27;[38;5;32m[AndroidUiautomator2Driver@004b (03673acc)]&amp#27;[0m Got response with status 200: {"sessionId":"46258448-c0fa-43f6-8df1-37a7ad1466e0","value":3.5}
&amp#27;[38;5;32m[AndroidUiautomator2Driver@004b (03673acc)]&amp#27;[0m Got response with status 200: {"sessionId":"46258448-c0fa-43f6-8df1-37a7ad1466e0","value":{"statusBar":98}}
&amp#27;[38;5;32m[AndroidUiautomator2Driver@004b (03673acc)]&amp#27;[0m Screen already unlocked, doing nothing
&amp#27;[38;5;32m[AndroidUiautomator2Driver@004b (03673acc)]&amp#27;[0m Starting 'com.tractorjunction/com.tractorjunction.MainActivity and waiting for 'com.tractorjunction/com.tractorjunction.MainActivity'
&amp#27;[38;5;64m[ADB]&amp#27;[0m Running 'C:\Users\IT_Admin\AppData\Local\Android\Sdk\platform-tools\adb.exe -P 5037 -s emulator-5554 shell am start -W -n com.tractorjunction/com.tractorjunction.MainActivity -S -a android.intent.action.MAIN -c android.intent.category.LAUNCHER -f 0x10200000'
&amp#27;[38;5;32m[AndroidUiautomator2Driver@004b (03673acc)]&amp#27;[0m Got response with status 200: {"sessionId":"46258448-c0fa-43f6-8df1-37a7ad1466e0","value":{"androidId":"d602d294f8b57ce7","apiVersion":"30","bluetooth":{"state":"ON"},"brand":"google","carrierName":"Android","displayDensity":560,"locale":"en_US","manufacturer":"Google","model":"sdk_gphone_x86","networks":[{"capabilities":{"SSID":null,"linkDownBandwidthKbps":4125,"linkUpstreamBandwidthKbps":19593,"networkCapabilities":"NET_CAPABILITY_NOT_METERED,NET_CAPABILITY_INTERNET,NET_CAPABILITY_NOT_RESTRICTED,NET_CAPABILITY_TRUSTED,NET_CAPABILITY_NOT_VPN,NET_CAPABILITY_VALIDATED,NET_CAPABILITY_NOT_ROAMING,NET_CAPABILITY_FOREGROUND,NET_CAPABILITY_NOT_CONGESTED,NET_CAPABILITY_NOT_SUSPENDED","signalStrength":-30,"transportTypes":"TRANSPORT_WIFI"},"detailedState":"CONNECTED","extraInfo":"","isAvailable":true,"isConnected":true,"isFailover":false,"isRoaming":false,"state":"CONNECTED","subtype":0,"subtypeName":"","type":1,"typeName":"WIFI"},{"capabilities":{"SSID":null,"linkDownBandwidthKbps":30000,"linkUpstreamBandwidthKbps":15000,"networkCapabilities"...
&amp#27;[38;5;64m[ADB]&amp#27;[0m Waiting up to 20000ms for activity matching pkg: 'com.tractorjunction' and activity: 'com.tractorjunction.MainActivity' to be focused
&amp#27;[38;5;64m[ADB]&amp#27;[0m Possible activities, to be checked: 'com.tractorjunction.MainActivity', 'com.tractorjunction.com.tractorjunction.MainActivity'
&amp#27;[38;5;64m[ADB]&amp#27;[0m Getting focused package and activity
&amp#27;[38;5;64m[ADB]&amp#27;[0m Running 'C:\Users\IT_Admin\AppData\Local\Android\Sdk\platform-tools\adb.exe -P 5037 -s emulator-5554 shell dumpsys window displays'
&amp#27;[38;5;64m[ADB]&amp#27;[0m Found package: 'com.tractorjunction' and fully qualified activity name : 'com.tractorjunction.MainActivity'
&amp#27;[38;5;16m[AppiumDriver@a3e1]&amp#27;[0m New AndroidUiautomator2Driver session created successfully, session 03673acc-b90a-4d71-b051-5503596c45cb added to master session list
&amp#27;[38;5;16m[AppiumDriver@a3e1]&amp#27;[0m Event 'newSessionStarted' logged at 1709912796336 (21:16:36 GMT+0530 (India Standard Time))
&amp#27;[38;5;32m[AndroidUiautomator2Driver@004b (03673acc)]&amp#27;[0m Cached the protocol value 'W3C' for the new session 03673acc-b90a-4d71-b051-5503596c45cb
&amp#27;[38;5;32m[AndroidUiautomator2Driver@004b (03673acc)]&amp#27;[0m Responding to client with driver.createSession() result: {"capabilities":{"platformName":"ANDROID","deviceName":"emulator-5554","automationName":"UIAutomator2","app":"C:\\Users\\IT_Admin\\eclipse-workspace\\TJAFrameworkDesign\\src\\test\\java\\org\\tractorjunction\\resources\\TJ_3.8.3.apk","platform":"LINUX","webStorageEnabled":false,"takesScreenshot":true,"javascriptEnabled":true,"databaseEnabled":false,"networkConnectionEnabled":true,"locationContextEnabled":false,"warnings":{},"desired":{"platformName":"ANDROID","deviceName":"RajkumarDevice","automationName":"UIAutomator2","app":"C:\\Users\\IT_Admin\\eclipse-workspace\\TJAFrameworkDesign\\src\\test\\java\\org\\tractorjunction\\resources\\TJ_3.8.3.apk"},"deviceUDID":"emulator-5554","appPackage":"com.tractorjunction","pixelRatio":"3.5","statBarHeight":98,"viewportRect":{"left":0,"top":98,"width":1440,"height":2782},"deviceApiLevel":30,"platformVersion":"11","deviceManufacturer":"Google","deviceModel":"sdk_gphone_x86","deviceScreenSize":"1440x2880","deviceScreenDensity":560}}
&amp#27;[38;5;0m[HTTP]&amp#27;[0m &amp#27;[37m<-- POST /session &amp#27;[39m&amp#27;[32m200&amp#27;[39m &amp#27;[90m12953 ms - 1045&amp#27;[39m
&amp#27;[38;5;0m[HTTP]&amp#27;[0m &amp#27;[90m&amp#27;[39m
&amp#27;[38;5;0m[HTTP]&amp#27;[0m &amp#27;[37m-->&amp#27;[39m &amp#27;[37mPOST&amp#27;[39m &amp#27;[37m/session/03673acc-b90a-4d71-b051-5503596c45cb/timeouts&amp#27;[39m
&amp#27;[38;5;0m[HTTP]&amp#27;[0m &amp#27;[90m{"implicit":10000}&amp#27;[39m
&amp#27;[38;5;32m[AndroidUiautomator2Driver@004b (03673acc)]&amp#27;[0m Calling AppiumDriver.timeouts() with args: [null,null,null,null,10000,"03673acc-b90a-4d71-b051-5503596c45cb"]
&amp#27;[38;5;32m[AndroidUiautomator2Driver@004b (03673acc)]&amp#27;[0m W3C timeout argument: {"implicit":10000}}
&amp#27;[38;5;32m[AndroidUiautomator2Driver@004b (03673acc)]&amp#27;[0m Set implicit wait to 10000ms
&amp#27;[38;5;32m[AndroidUiautomator2Driver@004b (03673acc)]&amp#27;[0m Responding to client with driver.timeouts() result: null
&amp#27;[38;5;0m[HTTP]&amp#27;[0m &amp#27;[37m<-- POST /session/03673acc-b90a-4d71-b051-5503596c45cb/timeouts &amp#27;[39m&amp#27;[32m200&amp#27;[39m &amp#27;[90m7 ms - 14&amp#27;[39m
&amp#27;[38;5;0m[HTTP]&amp#27;[0m &amp#27;[90m&amp#27;[39m
&amp#27;[38;5;0m[HTTP]&amp#27;[0m &amp#27;[37m-->&amp#27;[39m &amp#27;[37mPOST&amp#27;[39m &amp#27;[37m/session/03673acc-b90a-4d71-b051-5503596c45cb/execute/sync&amp#27;[39m
&amp#27;[38;5;0m[HTTP]&amp#27;[0m &amp#27;[90m{"script":"mobile: startActivity","args":[{"intent":"com.tractorjunction/com.tractorjunction.MainActivity"}]}&amp#27;[39m
&amp#27;[38;5;32m[AndroidUiautomator2Driver@004b (03673acc)]&amp#27;[0m Calling AppiumDriver.execute() with args: ["mobile: startActivity",[{"intent":"com.tractorjunction/com.tractorjunction.MainActivity"}],"03673acc-b90a-4d71-b051-5503596c45cb"]
&amp#27;[38;5;32m[AndroidUiautomator2Driver@004b (03673acc)]&amp#27;[0m Executing method 'mobile: startActivity'
&amp#27;[38;5;64m[ADB]&amp#27;[0m Running 'C:\Users\IT_Admin\AppData\Local\Android\Sdk\platform-tools\adb.exe -P 5037 -s emulator-5554 shell am start-activity com.tractorjunction/com.tractorjunction.MainActivity'
&amp#27;[38;5;32m[AndroidUiautomator2Driver@004b (03673acc)]&amp#27;[0m Responding to client with driver.execute() result: "Starting: Intent { act=android.intent.action.MAIN cat=[android.intent.category.LAUNCHER] cmp=com.tractorjunction/.MainActivity }"
&amp#27;[38;5;0m[HTTP]&amp#27;[0m &amp#27;[37m<-- POST /session/03673acc-b90a-4d71-b051-5503596c45cb/execute/sync &amp#27;[39m&amp#27;[32m200&amp#27;[39m &amp#27;[90m210 ms - 140&amp#27;[39m
&amp#27;[38;5;0m[HTTP]&amp#27;[0m &amp#27;[90m&amp#27;[39m
&amp#27;[38;5;0m[HTTP]&amp#27;[0m &amp#27;[37m-->&amp#27;[39m &amp#27;[37mPOST&amp#27;[39m &amp#27;[37m/session/03673acc-b90a-4d71-b051-5503596c45cb/timeouts&amp#27;[39m
&amp#27;[38;5;0m[HTTP]&amp#27;[0m &amp#27;[90m{"implicit":15000}&amp#27;[39m
&amp#27;[38;5;32m[AndroidUiautomator2Driver@004b (03673acc)]&amp#27;[0m Calling AppiumDriver.timeouts() with args: [null,null,null,null,15000,"03673acc-b90a-4d71-b051-5503596c45cb"]
&amp#27;[38;5;32m[AndroidUiautomator2Driver@004b (03673acc)]&amp#27;[0m W3C timeout argument: {"implicit":15000}}
&amp#27;[38;5;32m[AndroidUiautomator2Driver@004b (03673acc)]&amp#27;[0m Set implicit wait to 15000ms
&amp#27;[38;5;32m[AndroidUiautomator2Driver@004b (03673acc)]&amp#27;[0m Responding to client with driver.timeouts() result: null
&amp#27;[38;5;0m[HTTP]&amp#27;[0m &amp#27;[37m<-- POST /session/03673acc-b90a-4d71-b051-5503596c45cb/timeouts &amp#27;[39m&amp#27;[32m200&amp#27;[39m &amp#27;[90m2 ms - 14&amp#27;[39m
&amp#27;[38;5;0m[HTTP]&amp#27;[0m &amp#27;[90m&amp#27;[39m
&amp#27;[38;5;0m[HTTP]&amp#27;[0m &amp#27;[37m-->&amp#27;[39m &amp#27;[37mPOST&amp#27;[39m &amp#27;[37m/session/03673acc-b90a-4d71-b051-5503596c45cb/element&amp#27;[39m
&amp#27;[38;5;0m[HTTP]&amp#27;[0m &amp#27;[90m{"using":"xpath","value":"//android.widget.TextView[@text='Password']"}&amp#27;[39m
&amp#27;[38;5;32m[AndroidUiautomator2Driver@004b (03673acc)]&amp#27;[0m Calling AppiumDriver.findElement() with args: ["xpath","//android.widget.TextView[@text='Password']","03673acc-b90a-4d71-b051-5503596c45cb"]
&amp#27;[38;5;32m[AndroidUiautomator2Driver@004b (03673acc)]&amp#27;[0m Valid locator strategies for this request: xpath, id, class name, accessibility id, css selector, -android uiautomator
&amp#27;[38;5;32m[AndroidUiautomator2Driver@004b (03673acc)]&amp#27;[0m Waiting up to 15000 ms for condition
&amp#27;[38;5;32m[AndroidUiautomator2Driver@004b (03673acc)]&amp#27;[0m Matched '/element' to command name 'findElement'
&amp#27;[38;5;32m[AndroidUiautomator2Driver@004b (03673acc)]&amp#27;[0m Proxying [POST /element] to [POST http://127.0.0.1:8200/session/46258448-c0fa-43f6-8df1-37a7ad1466e0/element] with body: {"strategy":"xpath","selector":"//android.widget.TextView[@text='Password']","context":"","multiple":false}
&amp#27;[38;5;32m[AndroidUiautomator2Driver@004b (03673acc)]&amp#27;[0m Got response with status 404: {"sessionId":"46258448-c0fa-43f6-8df1-37a7ad1466e0","value":{"error":"no such element","message":"An element could not be located on the page using the given search parameters","stacktrace":"io.appium.uiautomator2.common.exceptions.ElementNotFoundException: An element could not be located on the page using the given search parameters\n\tat io.appium.uiautomator2.utils.ElementLocationHelpers.findElement(ElementLocationHelpers.java:156)\n\tat io.appium.uiautomator2.handler.FindElement.safeHandle(FindElement.java:60)\n\tat io.appium.uiautomator2.handler.request.SafeRequestHandler.handle(SafeRequestHandler.java:59)\n\tat io.appium.uiautomator2.server.AppiumServlet.handleRequest(AppiumServlet.java:277)\n\tat io.appium.uiautomator2.server.AppiumServlet.handleHttpRequest(AppiumServlet.java:271)\n\tat io.appium.uiautomator2.http.ServerHandler.channelRead(ServerHandler.java:77)\n\tat io.netty.channel.AbstractChannelHandlerContext.invokeChannelRead(AbstractChannelHandlerContext.java:366)\n\tat io.netty.channel.Abstr...
&amp#27;[38;5;112m[W3C]&amp#27;[0m Matched W3C error code 'no such element' to NoSuchElementError
&amp#27;[38;5;32m[AndroidUiautomator2Driver@004b (03673acc)]&amp#27;[0m Waited for 1828 ms so far
&amp#27;[38;5;32m[AndroidUiautomator2Driver@004b (03673acc)]&amp#27;[0m Matched '/element' to command name 'findElement'
&amp#27;[38;5;32m[AndroidUiautomator2Driver@004b (03673acc)]&amp#27;[0m Proxying [POST /element] to [POST http://127.0.0.1:8200/session/46258448-c0fa-43f6-8df1-37a7ad1466e0/element] with body: {"strategy":"xpath","selector":"//android.widget.TextView[@text='Password']","context":"","multiple":false}
&amp#27;[38;5;32m[AndroidUiautomator2Driver@004b (03673acc)]&amp#27;[0m Got response with status 404: {"sessionId":"46258448-c0fa-43f6-8df1-37a7ad1466e0","value":{"error":"no such element","message":"An element could not be located on the page using the given search parameters","stacktrace":"io.appium.uiautomator2.common.exceptions.ElementNotFoundException: An element could not be located on the page using the given search parameters\n\tat io.appium.uiautomator2.utils.ElementLocationHelpers.findElement(ElementLocationHelpers.java:156)\n\tat io.appium.uiautomator2.handler.FindElement.safeHandle(FindElement.java:60)\n\tat io.appium.uiautomator2.handler.request.SafeRequestHandler.handle(SafeRequestHandler.java:59)\n\tat io.appium.uiautomator2.server.AppiumServlet.handleRequest(AppiumServlet.java:277)\n\tat io.appium.uiautomator2.server.AppiumServlet.handleHttpRequest(AppiumServlet.java:271)\n\tat io.appium.uiautomator2.http.ServerHandler.channelRead(ServerHandler.java:77)\n\tat io.netty.channel.AbstractChannelHandlerContext.invokeChannelRead(AbstractChannelHandlerContext.java:366)\n\tat io.netty.channel.Abstr...
&amp#27;[38;5;112m[W3C]&amp#27;[0m Matched W3C error code 'no such element' to NoSuchElementError
&amp#27;[38;5;32m[AndroidUiautomator2Driver@004b (03673acc)]&amp#27;[0m Waited for 2520 ms so far
&amp#27;[38;5;32m[AndroidUiautomator2Driver@004b (03673acc)]&amp#27;[0m Matched '/element' to command name 'findElement'
&amp#27;[38;5;32m[AndroidUiautomator2Driver@004b (03673acc)]&amp#27;[0m Proxying [POST /element] to [POST http://127.0.0.1:8200/session/46258448-c0fa-43f6-8df1-37a7ad1466e0/element] with body: {"strategy":"xpath","selector":"//android.widget.TextView[@text='Password']","context":"","multiple":false}
&amp#27;[38;5;32m[AndroidUiautomator2Driver@004b (03673acc)]&amp#27;[0m Got response with status 404: {"sessionId":"46258448-c0fa-43f6-8df1-37a7ad1466e0","value":{"error":"no such element","message":"An element could not be located on the page using the given search parameters","stacktrace":"io.appium.uiautomator2.common.exceptions.ElementNotFoundException: An element could not be located on the page using the given search parameters\n\tat io.appium.uiautomator2.utils.ElementLocationHelpers.findElement(ElementLocationHelpers.java:156)\n\tat io.appium.uiautomator2.handler.FindElement.safeHandle(FindElement.java:60)\n\tat io.appium.uiautomator2.handler.request.SafeRequestHandler.handle(SafeRequestHandler.java:59)\n\tat io.appium.uiautomator2.server.AppiumServlet.handleRequest(AppiumServlet.java:277)\n\tat io.appium.uiautomator2.server.AppiumServlet.handleHttpRequest(AppiumServlet.java:271)\n\tat io.appium.uiautomator2.http.ServerHandler.channelRead(ServerHandler.java:77)\n\tat io.netty.channel.AbstractChannelHandlerContext.invokeChannelRead(AbstractChannelHandlerContext.java:366)\n\tat io.netty.channel.Abstr...
&amp#27;[38;5;112m[W3C]&amp#27;[0m Matched W3C error code 'no such element' to NoSuchElementError
&amp#27;[38;5;32m[AndroidUiautomator2Driver@004b (03673acc)]&amp#27;[0m Waited for 4056 ms so far
&amp#27;[38;5;32m[AndroidUiautomator2Driver@004b (03673acc)]&amp#27;[0m Matched '/element' to command name 'findElement'
&amp#27;[38;5;32m[AndroidUiautomator2Driver@004b (03673acc)]&amp#27;[0m Proxying [POST /element] to [POST http://127.0.0.1:8200/session/46258448-c0fa-43f6-8df1-37a7ad1466e0/element] with body: {"strategy":"xpath","selector":"//android.widget.TextView[@text='Password']","context":"","multiple":false}
&amp#27;[38;5;32m[AndroidUiautomator2Driver@004b (03673acc)]&amp#27;[0m Got response with status 404: {"sessionId":"46258448-c0fa-43f6-8df1-37a7ad1466e0","value":{"error":"no such element","message":"An element could not be located on the page using the given search parameters","stacktrace":"io.appium.uiautomator2.common.exceptions.ElementNotFoundException: An element could not be located on the page using the given search parameters\n\tat io.appium.uiautomator2.utils.ElementLocationHelpers.findElement(ElementLocationHelpers.java:156)\n\tat io.appium.uiautomator2.handler.FindElement.safeHandle(FindElement.java:60)\n\tat io.appium.uiautomator2.handler.request.SafeRequestHandler.handle(SafeRequestHandler.java:59)\n\tat io.appium.uiautomator2.server.AppiumServlet.handleRequest(AppiumServlet.java:277)\n\tat io.appium.uiautomator2.server.AppiumServlet.handleHttpRequest(AppiumServlet.java:271)\n\tat io.appium.uiautomator2.http.ServerHandler.channelRead(ServerHandler.java:77)\n\tat io.netty.channel.AbstractChannelHandlerContext.invokeChannelRead(AbstractChannelHandlerContext.java:366)\n\tat io.netty.channel.Abstr...
&amp#27;[38;5;112m[W3C]&amp#27;[0m Matched W3C error code 'no such element' to NoSuchElementError
&amp#27;[38;5;32m[AndroidUiautomator2Driver@004b (03673acc)]&amp#27;[0m Waited for 5164 ms so far
&amp#27;[38;5;32m[AndroidUiautomator2Driver@004b (03673acc)]&amp#27;[0m Matched '/element' to command name 'findElement'
&amp#27;[38;5;32m[AndroidUiautomator2Driver@004b (03673acc)]&amp#27;[0m Proxying [POST /element] to [POST http://127.0.0.1:8200/session/46258448-c0fa-43f6-8df1-37a7ad1466e0/element] with body: {"strategy":"xpath","selector":"//android.widget.TextView[@text='Password']","context":"","multiple":false}
&amp#27;[38;5;32m[AndroidUiautomator2Driver@004b (03673acc)]&amp#27;[0m Got response with status 404: {"sessionId":"46258448-c0fa-43f6-8df1-37a7ad1466e0","value":{"error":"no such element","message":"An element could not be located on the page using the given search parameters","stacktrace":"io.appium.uiautomator2.common.exceptions.ElementNotFoundException: An element could not be located on the page using the given search parameters\n\tat io.appium.uiautomator2.utils.ElementLocationHelpers.findElement(ElementLocationHelpers.java:156)\n\tat io.appium.uiautomator2.handler.FindElement.safeHandle(FindElement.java:60)\n\tat io.appium.uiautomator2.handler.request.SafeRequestHandler.handle(SafeRequestHandler.java:59)\n\tat io.appium.uiautomator2.server.AppiumServlet.handleRequest(AppiumServlet.java:277)\n\tat io.appium.uiautomator2.server.AppiumServlet.handleHttpRequest(AppiumServlet.java:271)\n\tat io.appium.uiautomator2.http.ServerHandler.channelRead(ServerHandler.java:77)\n\tat io.netty.channel.AbstractChannelHandlerContext.invokeChannelRead(AbstractChannelHandlerContext.java:366)\n\tat io.netty.channel.Abstr...
&amp#27;[38;5;112m[W3C]&amp#27;[0m Matched W3C error code 'no such element' to NoSuchElementError
&amp#27;[38;5;32m[AndroidUiautomator2Driver@004b (03673acc)]&amp#27;[0m Waited for 6020 ms so far
&amp#27;[38;5;32m[AndroidUiautomator2Driver@004b (03673acc)]&amp#27;[0m Matched '/element' to command name 'findElement'
&amp#27;[38;5;32m[AndroidUiautomator2Driver@004b (03673acc)]&amp#27;[0m Proxying [POST /element] to [POST http://127.0.0.1:8200/session/46258448-c0fa-43f6-8df1-37a7ad1466e0/element] with body: {"strategy":"xpath","selector":"//android.widget.TextView[@text='Password']","context":"","multiple":false}
&amp#27;[38;5;32m[AndroidUiautomator2Driver@004b (03673acc)]&amp#27;[0m Got response with status 404: {"sessionId":"46258448-c0fa-43f6-8df1-37a7ad1466e0","value":{"error":"no such element","message":"An element could not be located on the page using the given search parameters","stacktrace":"io.appium.uiautomator2.common.exceptions.ElementNotFoundException: An element could not be located on the page using the given search parameters\n\tat io.appium.uiautomator2.utils.ElementLocationHelpers.findElement(ElementLocationHelpers.java:156)\n\tat io.appium.uiautomator2.handler.FindElement.safeHandle(FindElement.java:60)\n\tat io.appium.uiautomator2.handler.request.SafeRequestHandler.handle(SafeRequestHandler.java:59)\n\tat io.appium.uiautomator2.server.AppiumServlet.handleRequest(AppiumServlet.java:277)\n\tat io.appium.uiautomator2.server.AppiumServlet.handleHttpRequest(AppiumServlet.java:271)\n\tat io.appium.uiautomator2.http.ServerHandler.channelRead(ServerHandler.java:77)\n\tat io.netty.channel.AbstractChannelHandlerContext.invokeChannelRead(AbstractChannelHandlerContext.java:366)\n\tat io.netty.channel.Abstr...
&amp#27;[38;5;112m[W3C]&amp#27;[0m Matched W3C error code 'no such element' to NoSuchElementError
&amp#27;[38;5;32m[AndroidUiautomator2Driver@004b (03673acc)]&amp#27;[0m Waited for 6810 ms so far
&amp#27;[38;5;32m[AndroidUiautomator2Driver@004b (03673acc)]&amp#27;[0m Matched '/element' to command name 'findElement'
&amp#27;[38;5;32m[AndroidUiautomator2Driver@004b (03673acc)]&amp#27;[0m Proxying [POST /element] to [POST http://127.0.0.1:8200/session/46258448-c0fa-43f6-8df1-37a7ad1466e0/element] with body: {"strategy":"xpath","selector":"//android.widget.TextView[@text='Password']","context":"","multiple":false}
&amp#27;[38;5;32m[AndroidUiautomator2Driver@004b (03673acc)]&amp#27;[0m Got response with status 404: {"sessionId":"46258448-c0fa-43f6-8df1-37a7ad1466e0","value":{"error":"no such element","message":"An element could not be located on the page using the given search parameters","stacktrace":"io.appium.uiautomator2.common.exceptions.ElementNotFoundException: An element could not be located on the page using the given search parameters\n\tat io.appium.uiautomator2.utils.ElementLocationHelpers.findElement(ElementLocationHelpers.java:156)\n\tat io.appium.uiautomator2.handler.FindElement.safeHandle(FindElement.java:60)\n\tat io.appium.uiautomator2.handler.request.SafeRequestHandler.handle(SafeRequestHandler.java:59)\n\tat io.appium.uiautomator2.server.AppiumServlet.handleRequest(AppiumServlet.java:277)\n\tat io.appium.uiautomator2.server.AppiumServlet.handleHttpRequest(AppiumServlet.java:271)\n\tat io.appium.uiautomator2.http.ServerHandler.channelRead(ServerHandler.java:77)\n\tat io.netty.channel.AbstractChannelHandlerContext.invokeChannelRead(AbstractChannelHandlerContext.java:366)\n\tat io.netty.channel.Abstr...
&amp#27;[38;5;112m[W3C]&amp#27;[0m Matched W3C error code 'no such element' to NoSuchElementError
&amp#27;[38;5;32m[AndroidUiautomator2Driver@004b (03673acc)]&amp#27;[0m Waited for 7496 ms so far
&amp#27;[38;5;32m[AndroidUiautomator2Driver@004b (03673acc)]&amp#27;[0m Matched '/element' to command name 'findElement'
&amp#27;[38;5;32m[AndroidUiautomator2Driver@004b (03673acc)]&amp#27;[0m Proxying [POST /element] to [POST http://127.0.0.1:8200/session/46258448-c0fa-43f6-8df1-37a7ad1466e0/element] with body: {"strategy":"xpath","selector":"//android.widget.TextView[@text='Password']","context":"","multiple":false}
&amp#27;[38;5;32m[AndroidUiautomator2Driver@004b (03673acc)]&amp#27;[0m Got response with status 404: {"sessionId":"46258448-c0fa-43f6-8df1-37a7ad1466e0","value":{"error":"no such element","message":"An element could not be located on the page using the given search parameters","stacktrace":"io.appium.uiautomator2.common.exceptions.ElementNotFoundException: An element could not be located on the page using the given search parameters\n\tat io.appium.uiautomator2.utils.ElementLocationHelpers.findElement(ElementLocationHelpers.java:156)\n\tat io.appium.uiautomator2.handler.FindElement.safeHandle(FindElement.java:60)\n\tat io.appium.uiautomator2.handler.request.SafeRequestHandler.handle(SafeRequestHandler.java:59)\n\tat io.appium.uiautomator2.server.AppiumServlet.handleRequest(AppiumServlet.java:277)\n\tat io.appium.uiautomator2.server.AppiumServlet.handleHttpRequest(AppiumServlet.java:271)\n\tat io.appium.uiautomator2.http.ServerHandler.channelRead(ServerHandler.java:77)\n\tat io.netty.channel.AbstractChannelHandlerContext.invokeChannelRead(AbstractChannelHandlerContext.java:366)\n\tat io.netty.channel.Abstr...
&amp#27;[38;5;112m[W3C]&amp#27;[0m Matched W3C error code 'no such element' to NoSuchElementError
&amp#27;[38;5;32m[AndroidUiautomator2Driver@004b (03673acc)]&amp#27;[0m Waited for 8279 ms so far
&amp#27;[38;5;32m[AndroidUiautomator2Driver@004b (03673acc)]&amp#27;[0m Matched '/element' to command name 'findElement'
&amp#27;[38;5;32m[AndroidUiautomator2Driver@004b (03673acc)]&amp#27;[0m Proxying [POST /element] to [POST http://127.0.0.1:8200/session/46258448-c0fa-43f6-8df1-37a7ad1466e0/element] with body: {"strategy":"xpath","selector":"//android.widget.TextView[@text='Password']","context":"","multiple":false}
&amp#27;[38;5;32m[AndroidUiautomator2Driver@004b (03673acc)]&amp#27;[0m Got response with status 404: {"sessionId":"46258448-c0fa-43f6-8df1-37a7ad1466e0","value":{"error":"no such element","message":"An element could not be located on the page using the given search parameters","stacktrace":"io.appium.uiautomator2.common.exceptions.ElementNotFoundException: An element could not be located on the page using the given search parameters\n\tat io.appium.uiautomator2.utils.ElementLocationHelpers.findElement(ElementLocationHelpers.java:156)\n\tat io.appium.uiautomator2.handler.FindElement.safeHandle(FindElement.java:60)\n\tat io.appium.uiautomator2.handler.request.SafeRequestHandler.handle(SafeRequestHandler.java:59)\n\tat io.appium.uiautomator2.server.AppiumServlet.handleRequest(AppiumServlet.java:277)\n\tat io.appium.uiautomator2.server.AppiumServlet.handleHttpRequest(AppiumServlet.java:271)\n\tat io.appium.uiautomator2.http.ServerHandler.channelRead(ServerHandler.java:77)\n\tat io.netty.channel.AbstractChannelHandlerContext.invokeChannelRead(AbstractChannelHandlerContext.java:366)\n\tat io.netty.channel.Abstr...
&amp#27;[38;5;112m[W3C]&amp#27;[0m Matched W3C error code 'no such element' to NoSuchElementError
&amp#27;[38;5;32m[AndroidUiautomator2Driver@004b (03673acc)]&amp#27;[0m Waited for 9011 ms so far
&amp#27;[38;5;32m[AndroidUiautomator2Driver@004b (03673acc)]&amp#27;[0m Matched '/element' to command name 'findElement'
&amp#27;[38;5;32m[AndroidUiautomator2Driver@004b (03673acc)]&amp#27;[0m Proxying [POST /element] to [POST http://127.0.0.1:8200/session/46258448-c0fa-43f6-8df1-37a7ad1466e0/element] with body: {"strategy":"xpath","selector":"//android.widget.TextView[@text='Password']","context":"","multiple":false}
&amp#27;[38;5;32m[AndroidUiautomator2Driver@004b (03673acc)]&amp#27;[0m Got response with status 404: {"sessionId":"46258448-c0fa-43f6-8df1-37a7ad1466e0","value":{"error":"no such element","message":"An element could not be located on the page using the given search parameters","stacktrace":"io.appium.uiautomator2.common.exceptions.ElementNotFoundException: An element could not be located on the page using the given search parameters\n\tat io.appium.uiautomator2.utils.ElementLocationHelpers.findElement(ElementLocationHelpers.java:156)\n\tat io.appium.uiautomator2.handler.FindElement.safeHandle(FindElement.java:60)\n\tat io.appium.uiautomator2.handler.request.SafeRequestHandler.handle(SafeRequestHandler.java:59)\n\tat io.appium.uiautomator2.server.AppiumServlet.handleRequest(AppiumServlet.java:277)\n\tat io.appium.uiautomator2.server.AppiumServlet.handleHttpRequest(AppiumServlet.java:271)\n\tat io.appium.uiautomator2.http.ServerHandler.channelRead(ServerHandler.java:77)\n\tat io.netty.channel.AbstractChannelHandlerContext.invokeChannelRead(AbstractChannelHandlerContext.java:366)\n\tat io.netty.channel.Abstr...
&amp#27;[38;5;112m[W3C]&amp#27;[0m Matched W3C error code 'no such element' to NoSuchElementError
&amp#27;[38;5;32m[AndroidUiautomator2Driver@004b (03673acc)]&amp#27;[0m Waited for 9595 ms so far
&amp#27;[38;5;32m[AndroidUiautomator2Driver@004b (03673acc)]&amp#27;[0m Matched '/element' to command name 'findElement'
&amp#27;[38;5;32m[AndroidUiautomator2Driver@004b (03673acc)]&amp#27;[0m Proxying [POST /element] to [POST http://127.0.0.1:8200/session/46258448-c0fa-43f6-8df1-37a7ad1466e0/element] with body: {"strategy":"xpath","selector":"//android.widget.TextView[@text='Password']","context":"","multiple":false}
&amp#27;[38;5;32m[AndroidUiautomator2Driver@004b (03673acc)]&amp#27;[0m Got response with status 404: {"sessionId":"46258448-c0fa-43f6-8df1-37a7ad1466e0","value":{"error":"no such element","message":"An element could not be located on the page using the given search parameters","stacktrace":"io.appium.uiautomator2.common.exceptions.ElementNotFoundException: An element could not be located on the page using the given search parameters\n\tat io.appium.uiautomator2.utils.ElementLocationHelpers.findElement(ElementLocationHelpers.java:156)\n\tat io.appium.uiautomator2.handler.FindElement.safeHandle(FindElement.java:60)\n\tat io.appium.uiautomator2.handler.request.SafeRequestHandler.handle(SafeRequestHandler.java:59)\n\tat io.appium.uiautomator2.server.AppiumServlet.handleRequest(AppiumServlet.java:277)\n\tat io.appium.uiautomator2.server.AppiumServlet.handleHttpRequest(AppiumServlet.java:271)\n\tat io.appium.uiautomator2.http.ServerHandler.channelRead(ServerHandler.java:77)\n\tat io.netty.channel.AbstractChannelHandlerContext.invokeChannelRead(AbstractChannelHandlerContext.java:366)\n\tat io.netty.channel.Abstr...
&amp#27;[38;5;112m[W3C]&amp#27;[0m Matched W3C error code 'no such element' to NoSuchElementError
&amp#27;[38;5;32m[AndroidUiautomator2Driver@004b (03673acc)]&amp#27;[0m Waited for 11324 ms so far
&amp#27;[38;5;32m[AndroidUiautomator2Driver@004b (03673acc)]&amp#27;[0m Matched '/element' to command name 'findElement'
&amp#27;[38;5;32m[AndroidUiautomator2Driver@004b (03673acc)]&amp#27;[0m Proxying [POST /element] to [POST http://127.0.0.1:8200/session/46258448-c0fa-43f6-8df1-37a7ad1466e0/element] with body: {"strategy":"xpath","selector":"//android.widget.TextView[@text='Password']","context":"","multiple":false}
&amp#27;[38;5;32m[AndroidUiautomator2Driver@004b (03673acc)]&amp#27;[0m Got response with status 200: {"sessionId":"46258448-c0fa-43f6-8df1-37a7ad1466e0","value":{"ELEMENT":"00000000-0000-04bc-ffff-ffff00000141","element-6066-11e4-a52e-4f735466cecf":"00000000-0000-04bc-ffff-ffff00000141"}}
&amp#27;[38;5;32m[AndroidUiautomator2Driver@004b (03673acc)]&amp#27;[0m Responding to client with driver.findElement() result: {"element-6066-11e4-a52e-4f735466cecf":"00000000-0000-04bc-ffff-ffff00000141","ELEMENT":"00000000-0000-04bc-ffff-ffff00000141"}
&amp#27;[38;5;0m[HTTP]&amp#27;[0m &amp#27;[37m<-- POST /session/03673acc-b90a-4d71-b051-5503596c45cb/element &amp#27;[39m&amp#27;[32m200&amp#27;[39m &amp#27;[90m13157 ms - 137&amp#27;[39m
&amp#27;[38;5;0m[HTTP]&amp#27;[0m &amp#27;[90m&amp#27;[39m
&amp#27;[38;5;0m[HTTP]&amp#27;[0m &amp#27;[37m-->&amp#27;[39m &amp#27;[37mPOST&amp#27;[39m &amp#27;[37m/session/03673acc-b90a-4d71-b051-5503596c45cb/element/00000000-0000-04bc-ffff-ffff00000141/click&amp#27;[39m
&amp#27;[38;5;0m[HTTP]&amp#27;[0m &amp#27;[90m{"id":"00000000-0000-04bc-ffff-ffff00000141"}&amp#27;[39m
&amp#27;[38;5;32m[AndroidUiautomator2Driver@004b (03673acc)]&amp#27;[0m Calling AppiumDriver.click() with args: ["00000000-0000-04bc-ffff-ffff00000141","03673acc-b90a-4d71-b051-5503596c45cb"]
&amp#27;[38;5;32m[AndroidUiautomator2Driver@004b (03673acc)]&amp#27;[0m Matched '/element/00000000-0000-04bc-ffff-ffff00000141/click' to command name 'click'
&amp#27;[38;5;32m[AndroidUiautomator2Driver@004b (03673acc)]&amp#27;[0m Proxying [POST /element/00000000-0000-04bc-ffff-ffff00000141/click] to [POST http://127.0.0.1:8200/session/46258448-c0fa-43f6-8df1-37a7ad1466e0/element/00000000-0000-04bc-ffff-ffff00000141/click] with body: {"element":"00000000-0000-04bc-ffff-ffff00000141"}
&amp#27;[38;5;32m[AndroidUiautomator2Driver@004b (03673acc)]&amp#27;[0m Got response with status 200: {"sessionId":"46258448-c0fa-43f6-8df1-37a7ad1466e0","value":null}
&amp#27;[38;5;32m[AndroidUiautomator2Driver@004b (03673acc)]&amp#27;[0m Responding to client with driver.click() result: null
&amp#27;[38;5;0m[HTTP]&amp#27;[0m &amp#27;[37m<-- POST /session/03673acc-b90a-4d71-b051-5503596c45cb/element/00000000-0000-04bc-ffff-ffff00000141/click &amp#27;[39m&amp#27;[32m200&amp#27;[39m &amp#27;[90m503 ms - 14&amp#27;[39m
&amp#27;[38;5;0m[HTTP]&amp#27;[0m &amp#27;[90m&amp#27;[39m
&amp#27;[38;5;0m[HTTP]&amp#27;[0m &amp#27;[37m-->&amp#27;[39m &amp#27;[37mPOST&amp#27;[39m &amp#27;[37m/session/03673acc-b90a-4d71-b051-5503596c45cb/element&amp#27;[39m
&amp#27;[38;5;0m[HTTP]&amp#27;[0m &amp#27;[90m{"using":"xpath","value":"//android.widget.FrameLayout[@resource-id=\"android:id/content\"]/android.widget.FrameLayout/android.view.ViewGroup/android.view.ViewGroup/android.view.ViewGroup/android.view.ViewGroup[1]/android.widget.FrameLayout/android.view.ViewGroup/android.view.ViewGroup/android.view.ViewGroup/android.view.ViewGroup/android.view.ViewGroup/android.view.ViewGroup/android.view.ViewGroup/android.view.ViewGroup/android.view.ViewGroup/android.view.ViewGroup/android.widget.FrameLayout/android.view.ViewGroup/android.view.ViewGroup/android.view.ViewGroup/android.view.ViewGroup/android.view.ViewGroup[1]/android.widget.EditText"}&amp#27;[39m
&amp#27;[38;5;32m[AndroidUiautomator2Driver@004b (03673acc)]&amp#27;[0m Calling AppiumDriver.findElement() with args: ["xpath","//android.widget.FrameLayout[@resource-id=\"android:id/content\"]/android.widget.FrameLayout/android.view.ViewGroup/android.view.ViewGroup/android.view.ViewGroup/android.view.ViewGroup[1]/android.widget.FrameLayout/android.view.ViewGroup/android.view.ViewGroup/android.view.ViewGroup/android.view.ViewGroup/android.view.ViewGroup/android.view.ViewGroup/android.view.ViewGroup/android.view.ViewGroup/android.view.ViewGroup/android.view.ViewGroup/android.widget.FrameLayout/android.view.ViewGroup/android.view.ViewGroup/android.view.ViewGroup/android.view.ViewGroup/android.view.ViewGroup[1]/android.widget.EditText","03673acc-b90a-4d71-b051-5503596c45cb"]
&amp#27;[38;5;32m[AndroidUiautomator2Driver@004b (03673acc)]&amp#27;[0m Valid locator strategies for this request: xpath, id, class name, accessibility id, css selector, -android uiautomator
&amp#27;[38;5;32m[AndroidUiautomator2Driver@004b (03673acc)]&amp#27;[0m Waiting up to 15000 ms for condition
&amp#27;[38;5;32m[AndroidUiautomator2Driver@004b (03673acc)]&amp#27;[0m Matched '/element' to command name 'findElement'
&amp#27;[38;5;32m[AndroidUiautomator2Driver@004b (03673acc)]&amp#27;[0m Proxying [POST /element] to [POST http://127.0.0.1:8200/session/46258448-c0fa-43f6-8df1-37a7ad1466e0/element] with body: {"strategy":"xpath","selector":"//android.widget.FrameLayout[@resource-id=\"android:id/content\"]/android.widget.FrameLayout/android.view.ViewGroup/android.view.ViewGroup/android.view.ViewGroup/android.view.ViewGroup[1]/android.widget.FrameLayout/android.view.ViewGroup/android.view.ViewGroup/android.view.ViewGroup/android.view.ViewGroup/android.view.ViewGroup/android.view.ViewGroup/android.view.ViewGroup/android.view.ViewGroup/android.view.ViewGroup/android.view.ViewGroup/android.widget.FrameLayout/android.view.ViewGroup/android.view.ViewGroup/android.view.ViewGroup/android.view.ViewGroup/android.view.ViewGroup[1]/android.widget.EditText","context":"","multiple":false}
&amp#27;[38;5;32m[AndroidUiautomator2Driver@004b (03673acc)]&amp#27;[0m Got response with status 404: {"sessionId":"46258448-c0fa-43f6-8df1-37a7ad1466e0","value":{"error":"no such element","message":"An element could not be located on the page using the given search parameters","stacktrace":"io.appium.uiautomator2.common.exceptions.ElementNotFoundException: An element could not be located on the page using the given search parameters\n\tat io.appium.uiautomator2.utils.ElementLocationHelpers.findElement(ElementLocationHelpers.java:156)\n\tat io.appium.uiautomator2.handler.FindElement.safeHandle(FindElement.java:60)\n\tat io.appium.uiautomator2.handler.request.SafeRequestHandler.handle(SafeRequestHandler.java:59)\n\tat io.appium.uiautomator2.server.AppiumServlet.handleRequest(AppiumServlet.java:277)\n\tat io.appium.uiautomator2.server.AppiumServlet.handleHttpRequest(AppiumServlet.java:271)\n\tat io.appium.uiautomator2.http.ServerHandler.channelRead(ServerHandler.java:77)\n\tat io.netty.channel.AbstractChannelHandlerContext.invokeChannelRead(AbstractChannelHandlerContext.java:366)\n\tat io.netty.channel.Abstr...
&amp#27;[38;5;112m[W3C]&amp#27;[0m Matched W3C error code 'no such element' to NoSuchElementError
&amp#27;[38;5;32m[AndroidUiautomator2Driver@004b (03673acc)]&amp#27;[0m Waited for 102 ms so far
&amp#27;[38;5;32m[AndroidUiautomator2Driver@004b (03673acc)]&amp#27;[0m Matched '/element' to command name 'findElement'
&amp#27;[38;5;32m[AndroidUiautomator2Driver@004b (03673acc)]&amp#27;[0m Proxying [POST /element] to [POST http://127.0.0.1:8200/session/46258448-c0fa-43f6-8df1-37a7ad1466e0/element] with body: {"strategy":"xpath","selector":"//android.widget.FrameLayout[@resource-id=\"android:id/content\"]/android.widget.FrameLayout/android.view.ViewGroup/android.view.ViewGroup/android.view.ViewGroup/android.view.ViewGroup[1]/android.widget.FrameLayout/android.view.ViewGroup/android.view.ViewGroup/android.view.ViewGroup/android.view.ViewGroup/android.view.ViewGroup/android.view.ViewGroup/android.view.ViewGroup/android.view.ViewGroup/android.view.ViewGroup/android.view.ViewGroup/android.widget.FrameLayout/android.view.ViewGroup/android.view.ViewGroup/android.view.ViewGroup/android.view.ViewGroup/android.view.ViewGroup[1]/android.widget.EditText","context":"","multiple":false}
&amp#27;[38;5;32m[AndroidUiautomator2Driver@004b (03673acc)]&amp#27;[0m Got response with status 200: {"sessionId":"46258448-c0fa-43f6-8df1-37a7ad1466e0","value":{"ELEMENT":"00000000-0000-04bc-ffff-ffff0000014e","element-6066-11e4-a52e-4f735466cecf":"00000000-0000-04bc-ffff-ffff0000014e"}}
&amp#27;[38;5;32m[AndroidUiautomator2Driver@004b (03673acc)]&amp#27;[0m Responding to client with driver.findElement() result: {"element-6066-11e4-a52e-4f735466cecf":"00000000-0000-04bc-ffff-ffff0000014e","ELEMENT":"00000000-0000-04bc-ffff-ffff0000014e"}
&amp#27;[38;5;0m[HTTP]&amp#27;[0m &amp#27;[37m<-- POST /session/03673acc-b90a-4d71-b051-5503596c45cb/element &amp#27;[39m&amp#27;[32m200&amp#27;[39m &amp#27;[90m785 ms - 137&amp#27;[39m
&amp#27;[38;5;0m[HTTP]&amp#27;[0m &amp#27;[90m&amp#27;[39m
&amp#27;[38;5;0m[HTTP]&amp#27;[0m &amp#27;[37m-->&amp#27;[39m &amp#27;[37mPOST&amp#27;[39m &amp#27;[37m/session/03673acc-b90a-4d71-b051-5503596c45cb/element/00000000-0000-04bc-ffff-ffff0000014e/value&amp#27;[39m
&amp#27;[38;5;0m[HTTP]&amp#27;[0m &amp#27;[90m{"id":"00000000-0000-04bc-ffff-ffff0000014e","value":["9","3","1","4","0","8","1","8","9","8"],"text":"9314081898"}&amp#27;[39m
&amp#27;[38;5;32m[AndroidUiautomator2Driver@004b (03673acc)]&amp#27;[0m Calling AppiumDriver.setValue() with args: [["9","3","1","4","0","8","1","8","9","8"],"00000000-0000-04bc-ffff-ffff0000014e","03673acc-b90a-4d71-b051-5503596c45cb"]
&amp#27;[38;5;32m[AndroidUiautomator2Driver@004b (03673acc)]&amp#27;[0m Matched '/element/00000000-0000-04bc-ffff-ffff0000014e/value' to command name 'setValue'
&amp#27;[38;5;32m[AndroidUiautomator2Driver@004b (03673acc)]&amp#27;[0m Added 'value' property ["9","3","1","4","0","8","1","8","9","8"] to 'setValue' request body
&amp#27;[38;5;32m[AndroidUiautomator2Driver@004b (03673acc)]&amp#27;[0m Proxying [POST /element/00000000-0000-04bc-ffff-ffff0000014e/value] to [POST http://127.0.0.1:8200/session/46258448-c0fa-43f6-8df1-37a7ad1466e0/element/00000000-0000-04bc-ffff-ffff0000014e/value] with body: {"elementId":"00000000-0000-04bc-ffff-ffff0000014e","text":"9314081898","replace":false,"value":["9","3","1","4","0","8","1","8","9","8"]}
&amp#27;[38;5;32m[AndroidUiautomator2Driver@004b (03673acc)]&amp#27;[0m Got response with status 200: {"sessionId":"46258448-c0fa-43f6-8df1-37a7ad1466e0","value":null}
&amp#27;[38;5;32m[AndroidUiautomator2Driver@004b (03673acc)]&amp#27;[0m Responding to client with driver.setValue() result: null
&amp#27;[38;5;0m[HTTP]&amp#27;[0m &amp#27;[37m<-- POST /session/03673acc-b90a-4d71-b051-5503596c45cb/element/00000000-0000-04bc-ffff-ffff0000014e/value &amp#27;[39m&amp#27;[32m200&amp#27;[39m &amp#27;[90m473 ms - 14&amp#27;[39m
&amp#27;[38;5;0m[HTTP]&amp#27;[0m &amp#27;[90m&amp#27;[39m
&amp#27;[38;5;0m[HTTP]&amp#27;[0m &amp#27;[37m-->&amp#27;[39m &amp#27;[37mPOST&amp#27;[39m &amp#27;[37m/session/03673acc-b90a-4d71-b051-5503596c45cb/element&amp#27;[39m
&amp#27;[38;5;0m[HTTP]&amp#27;[0m &amp#27;[90m{"using":"xpath","value":"//android.widget.FrameLayout[@resource-id=\"android:id/content\"]/android.widget.FrameLayout/android.view.ViewGroup/android.view.ViewGroup/android.view.ViewGroup/android.view.ViewGroup[1]/android.widget.FrameLayout/android.view.ViewGroup/android.view.ViewGroup/android.view.ViewGroup/android.view.ViewGroup/android.view.ViewGroup/android.view.ViewGroup/android.view.ViewGroup/android.view.ViewGroup/android.view.ViewGroup/android.view.ViewGroup/android.widget.FrameLayout/android.view.ViewGroup/android.view.ViewGroup/android.view.ViewGroup/android.view.ViewGroup/android.view.ViewGroup[2]/android.widget.EditText"}&amp#27;[39m
&amp#27;[38;5;32m[AndroidUiautomator2Driver@004b (03673acc)]&amp#27;[0m Calling AppiumDriver.findElement() with args: ["xpath","//android.widget.FrameLayout[@resource-id=\"android:id/content\"]/android.widget.FrameLayout/android.view.ViewGroup/android.view.ViewGroup/android.view.ViewGroup/android.view.ViewGroup[1]/android.widget.FrameLayout/android.view.ViewGroup/android.view.ViewGroup/android.view.ViewGroup/android.view.ViewGroup/android.view.ViewGroup/android.view.ViewGroup/android.view.ViewGroup/android.view.ViewGroup/android.view.ViewGroup/android.view.ViewGroup/android.widget.FrameLayout/android.view.ViewGroup/android.view.ViewGroup/android.view.ViewGroup/android.view.ViewGroup/android.view.ViewGroup[2]/android.widget.EditText","03673acc-b90a-4d71-b051-5503596c45cb"]
&amp#27;[38;5;32m[AndroidUiautomator2Driver@004b (03673acc)]&amp#27;[0m Valid locator strategies for this request: xpath, id, class name, accessibility id, css selector, -android uiautomator
&amp#27;[38;5;32m[AndroidUiautomator2Driver@004b (03673acc)]&amp#27;[0m Waiting up to 15000 ms for condition
&amp#27;[38;5;32m[AndroidUiautomator2Driver@004b (03673acc)]&amp#27;[0m Matched '/element' to command name 'findElement'
&amp#27;[38;5;32m[AndroidUiautomator2Driver@004b (03673acc)]&amp#27;[0m Proxying [POST /element] to [POST http://127.0.0.1:8200/session/46258448-c0fa-43f6-8df1-37a7ad1466e0/element] with body: {"strategy":"xpath","selector":"//android.widget.FrameLayout[@resource-id=\"android:id/content\"]/android.widget.FrameLayout/android.view.ViewGroup/android.view.ViewGroup/android.view.ViewGroup/android.view.ViewGroup[1]/android.widget.FrameLayout/android.view.ViewGroup/android.view.ViewGroup/android.view.ViewGroup/android.view.ViewGroup/android.view.ViewGroup/android.view.ViewGroup/android.view.ViewGroup/android.view.ViewGroup/android.view.ViewGroup/android.view.ViewGroup/android.widget.FrameLayout/android.view.ViewGroup/android.view.ViewGroup/android.view.ViewGroup/android.view.ViewGroup/android.view.ViewGroup[2]/android.widget.EditText","context":"","multiple":false}
&amp#27;[38;5;32m[AndroidUiautomator2Driver@004b (03673acc)]&amp#27;[0m Got response with status 200: {"sessionId":"46258448-c0fa-43f6-8df1-37a7ad1466e0","value":{"ELEMENT":"00000000-0000-04bc-ffff-ffff00000152","element-6066-11e4-a52e-4f735466cecf":"00000000-0000-04bc-ffff-ffff00000152"}}
&amp#27;[38;5;32m[AndroidUiautomator2Driver@004b (03673acc)]&amp#27;[0m Responding to client with driver.findElement() result: {"element-6066-11e4-a52e-4f735466cecf":"00000000-0000-04bc-ffff-ffff00000152","ELEMENT":"00000000-0000-04bc-ffff-ffff00000152"}
&amp#27;[38;5;0m[HTTP]&amp#27;[0m &amp#27;[37m<-- POST /session/03673acc-b90a-4d71-b051-5503596c45cb/element &amp#27;[39m&amp#27;[32m200&amp#27;[39m &amp#27;[90m291 ms - 137&amp#27;[39m
&amp#27;[38;5;0m[HTTP]&amp#27;[0m &amp#27;[90m&amp#27;[39m
&amp#27;[38;5;0m[HTTP]&amp#27;[0m &amp#27;[37m-->&amp#27;[39m &amp#27;[37mPOST&amp#27;[39m &amp#27;[37m/session/03673acc-b90a-4d71-b051-5503596c45cb/element/00000000-0000-04bc-ffff-ffff00000152/value&amp#27;[39m
&amp#27;[38;5;0m[HTTP]&amp#27;[0m &amp#27;[90m{"id":"00000000-0000-04bc-ffff-ffff00000152","value":["9","3","1","4","0","8","1","8","9","8"],"text":"9314081898"}&amp#27;[39m
&amp#27;[38;5;32m[AndroidUiautomator2Driver@004b (03673acc)]&amp#27;[0m Calling AppiumDriver.setValue() with args: [["9","3","1","4","0","8","1","8","9","8"],"00000000-0000-04bc-ffff-ffff00000152","03673acc-b90a-4d71-b051-5503596c45cb"]
&amp#27;[38;5;32m[AndroidUiautomator2Driver@004b (03673acc)]&amp#27;[0m Matched '/element/00000000-0000-04bc-ffff-ffff00000152/value' to command name 'setValue'
&amp#27;[38;5;32m[AndroidUiautomator2Driver@004b (03673acc)]&amp#27;[0m Added 'value' property ["9","3","1","4","0","8","1","8","9","8"] to 'setValue' request body
&amp#27;[38;5;32m[AndroidUiautomator2Driver@004b (03673acc)]&amp#27;[0m Proxying [POST /element/00000000-0000-04bc-ffff-ffff00000152/value] to [POST http://127.0.0.1:8200/session/46258448-c0fa-43f6-8df1-37a7ad1466e0/element/00000000-0000-04bc-ffff-ffff00000152/value] with body: {"elementId":"00000000-0000-04bc-ffff-ffff00000152","text":"9314081898","replace":false,"value":["9","3","1","4","0","8","1","8","9","8"]}
&amp#27;[38;5;32m[AndroidUiautomator2Driver@004b (03673acc)]&amp#27;[0m Got response with status 200: {"sessionId":"46258448-c0fa-43f6-8df1-37a7ad1466e0","value":null}
&amp#27;[38;5;32m[AndroidUiautomator2Driver@004b (03673acc)]&amp#27;[0m Responding to client with driver.setValue() result: null
&amp#27;[38;5;0m[HTTP]&amp#27;[0m &amp#27;[37m<-- POST /session/03673acc-b90a-4d71-b051-5503596c45cb/element/00000000-0000-04bc-ffff-ffff00000152/value &amp#27;[39m&amp#27;[32m200&amp#27;[39m &amp#27;[90m212 ms - 14&amp#27;[39m
&amp#27;[38;5;0m[HTTP]&amp#27;[0m &amp#27;[90m&amp#27;[39m
&amp#27;[38;5;0m[HTTP]&amp#27;[0m &amp#27;[37m-->&amp#27;[39m &amp#27;[37mPOST&amp#27;[39m &amp#27;[37m/session/03673acc-b90a-4d71-b051-5503596c45cb/element&amp#27;[39m
&amp#27;[38;5;0m[HTTP]&amp#27;[0m &amp#27;[90m{"using":"xpath","value":"//android.widget.TextView[@text=\"Login\"]"}&amp#27;[39m
&amp#27;[38;5;32m[AndroidUiautomator2Driver@004b (03673acc)]&amp#27;[0m Calling AppiumDriver.findElement() with args: ["xpath","//android.widget.TextView[@text=\"Login\"]","03673acc-b90a-4d71-b051-5503596c45cb"]
&amp#27;[38;5;32m[AndroidUiautomator2Driver@004b (03673acc)]&amp#27;[0m Valid locator strategies for this request: xpath, id, class name, accessibility id, css selector, -android uiautomator
&amp#27;[38;5;32m[AndroidUiautomator2Driver@004b (03673acc)]&amp#27;[0m Waiting up to 15000 ms for condition
&amp#27;[38;5;32m[AndroidUiautomator2Driver@004b (03673acc)]&amp#27;[0m Matched '/element' to command name 'findElement'
&amp#27;[38;5;32m[AndroidUiautomator2Driver@004b (03673acc)]&amp#27;[0m Proxying [POST /element] to [POST http://127.0.0.1:8200/session/46258448-c0fa-43f6-8df1-37a7ad1466e0/element] with body: {"strategy":"xpath","selector":"//android.widget.TextView[@text=\"Login\"]","context":"","multiple":false}
&amp#27;[38;5;32m[AndroidUiautomator2Driver@004b (03673acc)]&amp#27;[0m Got response with status 200: {"sessionId":"46258448-c0fa-43f6-8df1-37a7ad1466e0","value":{"ELEMENT":"00000000-0000-04bc-ffff-ffff0000015c","element-6066-11e4-a52e-4f735466cecf":"00000000-0000-04bc-ffff-ffff0000015c"}}
&amp#27;[38;5;32m[AndroidUiautomator2Driver@004b (03673acc)]&amp#27;[0m Responding to client with driver.findElement() result: {"element-6066-11e4-a52e-4f735466cecf":"00000000-0000-04bc-ffff-ffff0000015c","ELEMENT":"00000000-0000-04bc-ffff-ffff0000015c"}
&amp#27;[38;5;0m[HTTP]&amp#27;[0m &amp#27;[37m<-- POST /session/03673acc-b90a-4d71-b051-5503596c45cb/element &amp#27;[39m&amp#27;[32m200&amp#27;[39m &amp#27;[90m633 ms - 137&amp#27;[39m
&amp#27;[38;5;0m[HTTP]&amp#27;[0m &amp#27;[90m&amp#27;[39m
&amp#27;[38;5;0m[HTTP]&amp#27;[0m &amp#27;[37m-->&amp#27;[39m &amp#27;[37mPOST&amp#27;[39m &amp#27;[37m/session/03673acc-b90a-4d71-b051-5503596c45cb/element/00000000-0000-04bc-ffff-ffff0000015c/click&amp#27;[39m
&amp#27;[38;5;0m[HTTP]&amp#27;[0m &amp#27;[90m{"id":"00000000-0000-04bc-ffff-ffff0000015c"}&amp#27;[39m
&amp#27;[38;5;32m[AndroidUiautomator2Driver@004b (03673acc)]&amp#27;[0m Calling AppiumDriver.click() with args: ["00000000-0000-04bc-ffff-ffff0000015c","03673acc-b90a-4d71-b051-5503596c45cb"]
&amp#27;[38;5;32m[AndroidUiautomator2Driver@004b (03673acc)]&amp#27;[0m Matched '/element/00000000-0000-04bc-ffff-ffff0000015c/click' to command name 'click'
&amp#27;[38;5;32m[AndroidUiautomator2Driver@004b (03673acc)]&amp#27;[0m Proxying [POST /element/00000000-0000-04bc-ffff-ffff0000015c/click] to [POST http://127.0.0.1:8200/session/46258448-c0fa-43f6-8df1-37a7ad1466e0/element/00000000-0000-04bc-ffff-ffff0000015c/click] with body: {"element":"00000000-0000-04bc-ffff-ffff0000015c"}
&amp#27;[38;5;32m[AndroidUiautomator2Driver@004b (03673acc)]&amp#27;[0m Got response with status 200: {"sessionId":"46258448-c0fa-43f6-8df1-37a7ad1466e0","value":null}
&amp#27;[38;5;32m[AndroidUiautomator2Driver@004b (03673acc)]&amp#27;[0m Responding to client with driver.click() result: null
&amp#27;[38;5;0m[HTTP]&amp#27;[0m &amp#27;[37m<-- POST /session/03673acc-b90a-4d71-b051-5503596c45cb/element/00000000-0000-04bc-ffff-ffff0000015c/click &amp#27;[39m&amp#27;[32m200&amp#27;[39m &amp#27;[90m113 ms - 14&amp#27;[39m
&amp#27;[38;5;0m[HTTP]&amp#27;[0m &amp#27;[90m&amp#27;[39m
]]></system-out>
    <system-err><![CDATA[SLF4J(W): No SLF4J providers were found.
SLF4J(W): Defaulting to no-operation (NOP) logger implementation
SLF4J(W): See https://www.slf4j.org/codes.html#noProviders for further details.
]]></system-err>
  </testcase>
  <testcase name="PopupClose" classname="org.tractorjunction.HomePage" time="9.203">
    <system-out><![CDATA[&amp#27;[38;5;0m[HTTP]&amp#27;[0m &amp#27;[37m-->&amp#27;[39m &amp#27;[37mPOST&amp#27;[39m &amp#27;[37m/session/03673acc-b90a-4d71-b051-5503596c45cb/execute/sync&amp#27;[39m
&amp#27;[38;5;0m[HTTP]&amp#27;[0m &amp#27;[90m{"script":"mobile: startActivity","args":[{"intent":"com.tractorjunction/com.tractorjunction.MainActivity"}]}&amp#27;[39m
&amp#27;[38;5;32m[AndroidUiautomator2Driver@004b (03673acc)]&amp#27;[0m Calling AppiumDriver.execute() with args: ["mobile: startActivity",[{"intent":"com.tractorjunction/com.tractorjunction.MainActivity"}],"03673acc-b90a-4d71-b051-5503596c45cb"]
&amp#27;[38;5;32m[AndroidUiautomator2Driver@004b (03673acc)]&amp#27;[0m Executing method 'mobile: startActivity'
&amp#27;[38;5;64m[ADB]&amp#27;[0m Running 'C:\Users\IT_Admin\AppData\Local\Android\Sdk\platform-tools\adb.exe -P 5037 -s emulator-5554 shell am start-activity com.tractorjunction/com.tractorjunction.MainActivity'
&amp#27;[38;5;32m[AndroidUiautomator2Driver@004b (03673acc)]&amp#27;[0m Responding to client with driver.execute() result: "Starting: Intent { act=android.intent.action.MAIN cat=[android.intent.category.LAUNCHER] cmp=com.tractorjunction/.MainActivity }"
&amp#27;[38;5;0m[HTTP]&amp#27;[0m &amp#27;[37m<-- POST /session/03673acc-b90a-4d71-b051-5503596c45cb/execute/sync &amp#27;[39m&amp#27;[32m200&amp#27;[39m &amp#27;[90m96 ms - 140&amp#27;[39m
&amp#27;[38;5;0m[HTTP]&amp#27;[0m &amp#27;[90m&amp#27;[39m
&amp#27;[38;5;0m[HTTP]&amp#27;[0m &amp#27;[37m-->&amp#27;[39m &amp#27;[37mPOST&amp#27;[39m &amp#27;[37m/session/03673acc-b90a-4d71-b051-5503596c45cb/timeouts&amp#27;[39m
&amp#27;[38;5;0m[HTTP]&amp#27;[0m &amp#27;[90m{"implicit":10000}&amp#27;[39m
&amp#27;[38;5;32m[AndroidUiautomator2Driver@004b (03673acc)]&amp#27;[0m Calling AppiumDriver.timeouts() with args: [null,null,null,null,10000,"03673acc-b90a-4d71-b051-5503596c45cb"]
&amp#27;[38;5;32m[AndroidUiautomator2Driver@004b (03673acc)]&amp#27;[0m W3C timeout argument: {"implicit":10000}}
&amp#27;[38;5;32m[AndroidUiautomator2Driver@004b (03673acc)]&amp#27;[0m Set implicit wait to 10000ms
&amp#27;[38;5;32m[AndroidUiautomator2Driver@004b (03673acc)]&amp#27;[0m Responding to client with driver.timeouts() result: null
&amp#27;[38;5;0m[HTTP]&amp#27;[0m &amp#27;[37m<-- POST /session/03673acc-b90a-4d71-b051-5503596c45cb/timeouts &amp#27;[39m&amp#27;[32m200&amp#27;[39m &amp#27;[90m3 ms - 14&amp#27;[39m
&amp#27;[38;5;0m[HTTP]&amp#27;[0m &amp#27;[90m&amp#27;[39m
&amp#27;[38;5;0m[HTTP]&amp#27;[0m &amp#27;[37m-->&amp#27;[39m &amp#27;[37mPOST&amp#27;[39m &amp#27;[37m/session/03673acc-b90a-4d71-b051-5503596c45cb/element&amp#27;[39m
&amp#27;[38;5;0m[HTTP]&amp#27;[0m &amp#27;[90m{"using":"xpath","value":"//android.widget.TextView[@text=\"No Thanks\"]"}&amp#27;[39m
&amp#27;[38;5;32m[AndroidUiautomator2Driver@004b (03673acc)]&amp#27;[0m Calling AppiumDriver.findElement() with args: ["xpath","//android.widget.TextView[@text=\"No Thanks\"]","03673acc-b90a-4d71-b051-5503596c45cb"]
&amp#27;[38;5;32m[AndroidUiautomator2Driver@004b (03673acc)]&amp#27;[0m Valid locator strategies for this request: xpath, id, class name, accessibility id, css selector, -android uiautomator
&amp#27;[38;5;32m[AndroidUiautomator2Driver@004b (03673acc)]&amp#27;[0m Waiting up to 10000 ms for condition
&amp#27;[38;5;32m[AndroidUiautomator2Driver@004b (03673acc)]&amp#27;[0m Matched '/element' to command name 'findElement'
&amp#27;[38;5;32m[AndroidUiautomator2Driver@004b (03673acc)]&amp#27;[0m Proxying [POST /element] to [POST http://127.0.0.1:8200/session/46258448-c0fa-43f6-8df1-37a7ad1466e0/element] with body: {"strategy":"xpath","selector":"//android.widget.TextView[@text=\"No Thanks\"]","context":"","multiple":false}
&amp#27;[38;5;32m[AndroidUiautomator2Driver@004b (03673acc)]&amp#27;[0m Got response with status 404: {"sessionId":"46258448-c0fa-43f6-8df1-37a7ad1466e0","value":{"error":"no such element","message":"An element could not be located on the page using the given search parameters","stacktrace":"io.appium.uiautomator2.common.exceptions.ElementNotFoundException: An element could not be located on the page using the given search parameters\n\tat io.appium.uiautomator2.utils.ElementLocationHelpers.findElement(ElementLocationHelpers.java:156)\n\tat io.appium.uiautomator2.handler.FindElement.safeHandle(FindElement.java:60)\n\tat io.appium.uiautomator2.handler.request.SafeRequestHandler.handle(SafeRequestHandler.java:59)\n\tat io.appium.uiautomator2.server.AppiumServlet.handleRequest(AppiumServlet.java:277)\n\tat io.appium.uiautomator2.server.AppiumServlet.handleHttpRequest(AppiumServlet.java:271)\n\tat io.appium.uiautomator2.http.ServerHandler.channelRead(ServerHandler.java:77)\n\tat io.netty.channel.AbstractChannelHandlerContext.invokeChannelRead(AbstractChannelHandlerContext.java:366)\n\tat io.netty.channel.Abstr...
&amp#27;[38;5;112m[W3C]&amp#27;[0m Matched W3C error code 'no such element' to NoSuchElementError
&amp#27;[38;5;32m[AndroidUiautomator2Driver@004b (03673acc)]&amp#27;[0m Waited for 823 ms so far
&amp#27;[38;5;32m[AndroidUiautomator2Driver@004b (03673acc)]&amp#27;[0m Matched '/element' to command name 'findElement'
&amp#27;[38;5;32m[AndroidUiautomator2Driver@004b (03673acc)]&amp#27;[0m Proxying [POST /element] to [POST http://127.0.0.1:8200/session/46258448-c0fa-43f6-8df1-37a7ad1466e0/element] with body: {"strategy":"xpath","selector":"//android.widget.TextView[@text=\"No Thanks\"]","context":"","multiple":false}
&amp#27;[38;5;32m[AndroidUiautomator2Driver@004b (03673acc)]&amp#27;[0m Got response with status 404: {"sessionId":"46258448-c0fa-43f6-8df1-37a7ad1466e0","value":{"error":"no such element","message":"An element could not be located on the page using the given search parameters","stacktrace":"io.appium.uiautomator2.common.exceptions.ElementNotFoundException: An element could not be located on the page using the given search parameters\n\tat io.appium.uiautomator2.utils.ElementLocationHelpers.findElement(ElementLocationHelpers.java:156)\n\tat io.appium.uiautomator2.handler.FindElement.safeHandle(FindElement.java:60)\n\tat io.appium.uiautomator2.handler.request.SafeRequestHandler.handle(SafeRequestHandler.java:59)\n\tat io.appium.uiautomator2.server.AppiumServlet.handleRequest(AppiumServlet.java:277)\n\tat io.appium.uiautomator2.server.AppiumServlet.handleHttpRequest(AppiumServlet.java:271)\n\tat io.appium.uiautomator2.http.ServerHandler.channelRead(ServerHandler.java:77)\n\tat io.netty.channel.AbstractChannelHandlerContext.invokeChannelRead(AbstractChannelHandlerContext.java:366)\n\tat io.netty.channel.Abstr...
&amp#27;[38;5;112m[W3C]&amp#27;[0m Matched W3C error code 'no such element' to NoSuchElementError
&amp#27;[38;5;32m[AndroidUiautomator2Driver@004b (03673acc)]&amp#27;[0m Waited for 1480 ms so far
&amp#27;[38;5;32m[AndroidUiautomator2Driver@004b (03673acc)]&amp#27;[0m Matched '/element' to command name 'findElement'
&amp#27;[38;5;32m[AndroidUiautomator2Driver@004b (03673acc)]&amp#27;[0m Proxying [POST /element] to [POST http://127.0.0.1:8200/session/46258448-c0fa-43f6-8df1-37a7ad1466e0/element] with body: {"strategy":"xpath","selector":"//android.widget.TextView[@text=\"No Thanks\"]","context":"","multiple":false}
&amp#27;[38;5;32m[AndroidUiautomator2Driver@004b (03673acc)]&amp#27;[0m Got response with status 404: {"sessionId":"46258448-c0fa-43f6-8df1-37a7ad1466e0","value":{"error":"no such element","message":"An element could not be located on the page using the given search parameters","stacktrace":"io.appium.uiautomator2.common.exceptions.ElementNotFoundException: An element could not be located on the page using the given search parameters\n\tat io.appium.uiautomator2.utils.ElementLocationHelpers.findElement(ElementLocationHelpers.java:156)\n\tat io.appium.uiautomator2.handler.FindElement.safeHandle(FindElement.java:60)\n\tat io.appium.uiautomator2.handler.request.SafeRequestHandler.handle(SafeRequestHandler.java:59)\n\tat io.appium.uiautomator2.server.AppiumServlet.handleRequest(AppiumServlet.java:277)\n\tat io.appium.uiautomator2.server.AppiumServlet.handleHttpRequest(AppiumServlet.java:271)\n\tat io.appium.uiautomator2.http.ServerHandler.channelRead(ServerHandler.java:77)\n\tat io.netty.channel.AbstractChannelHandlerContext.invokeChannelRead(AbstractChannelHandlerContext.java:366)\n\tat io.netty.channel.Abstr...
&amp#27;[38;5;112m[W3C]&amp#27;[0m Matched W3C error code 'no such element' to NoSuchElementError
&amp#27;[38;5;32m[AndroidUiautomator2Driver@004b (03673acc)]&amp#27;[0m Waited for 2489 ms so far
&amp#27;[38;5;32m[AndroidUiautomator2Driver@004b (03673acc)]&amp#27;[0m Matched '/element' to command name 'findElement'
&amp#27;[38;5;32m[AndroidUiautomator2Driver@004b (03673acc)]&amp#27;[0m Proxying [POST /element] to [POST http://127.0.0.1:8200/session/46258448-c0fa-43f6-8df1-37a7ad1466e0/element] with body: {"strategy":"xpath","selector":"//android.widget.TextView[@text=\"No Thanks\"]","context":"","multiple":false}
&amp#27;[38;5;32m[AndroidUiautomator2Driver@004b (03673acc)]&amp#27;[0m Got response with status 404: {"sessionId":"46258448-c0fa-43f6-8df1-37a7ad1466e0","value":{"error":"no such element","message":"An element could not be located on the page using the given search parameters","stacktrace":"io.appium.uiautomator2.common.exceptions.ElementNotFoundException: An element could not be located on the page using the given search parameters\n\tat io.appium.uiautomator2.utils.ElementLocationHelpers.findElement(ElementLocationHelpers.java:156)\n\tat io.appium.uiautomator2.handler.FindElement.safeHandle(FindElement.java:60)\n\tat io.appium.uiautomator2.handler.request.SafeRequestHandler.handle(SafeRequestHandler.java:59)\n\tat io.appium.uiautomator2.server.AppiumServlet.handleRequest(AppiumServlet.java:277)\n\tat io.appium.uiautomator2.server.AppiumServlet.handleHttpRequest(AppiumServlet.java:271)\n\tat io.appium.uiautomator2.http.ServerHandler.channelRead(ServerHandler.java:77)\n\tat io.netty.channel.AbstractChannelHandlerContext.invokeChannelRead(AbstractChannelHandlerContext.java:366)\n\tat io.netty.channel.Abstr...
&amp#27;[38;5;112m[W3C]&amp#27;[0m Matched W3C error code 'no such element' to NoSuchElementError
&amp#27;[38;5;32m[AndroidUiautomator2Driver@004b (03673acc)]&amp#27;[0m Waited for 3204 ms so far
&amp#27;[38;5;32m[AndroidUiautomator2Driver@004b (03673acc)]&amp#27;[0m Matched '/element' to command name 'findElement'
&amp#27;[38;5;32m[AndroidUiautomator2Driver@004b (03673acc)]&amp#27;[0m Proxying [POST /element] to [POST http://127.0.0.1:8200/session/46258448-c0fa-43f6-8df1-37a7ad1466e0/element] with body: {"strategy":"xpath","selector":"//android.widget.TextView[@text=\"No Thanks\"]","context":"","multiple":false}
&amp#27;[38;5;32m[AndroidUiautomator2Driver@004b (03673acc)]&amp#27;[0m Got response with status 404: {"sessionId":"46258448-c0fa-43f6-8df1-37a7ad1466e0","value":{"error":"no such element","message":"An element could not be located on the page using the given search parameters","stacktrace":"io.appium.uiautomator2.common.exceptions.ElementNotFoundException: An element could not be located on the page using the given search parameters\n\tat io.appium.uiautomator2.utils.ElementLocationHelpers.findElement(ElementLocationHelpers.java:156)\n\tat io.appium.uiautomator2.handler.FindElement.safeHandle(FindElement.java:60)\n\tat io.appium.uiautomator2.handler.request.SafeRequestHandler.handle(SafeRequestHandler.java:59)\n\tat io.appium.uiautomator2.server.AppiumServlet.handleRequest(AppiumServlet.java:277)\n\tat io.appium.uiautomator2.server.AppiumServlet.handleHttpRequest(AppiumServlet.java:271)\n\tat io.appium.uiautomator2.http.ServerHandler.channelRead(ServerHandler.java:77)\n\tat io.netty.channel.AbstractChannelHandlerContext.invokeChannelRead(AbstractChannelHandlerContext.java:366)\n\tat io.netty.channel.Abstr...
&amp#27;[38;5;112m[W3C]&amp#27;[0m Matched W3C error code 'no such element' to NoSuchElementError
&amp#27;[38;5;32m[AndroidUiautomator2Driver@004b (03673acc)]&amp#27;[0m Waited for 6962 ms so far
&amp#27;[38;5;32m[AndroidUiautomator2Driver@004b (03673acc)]&amp#27;[0m Matched '/element' to command name 'findElement'
&amp#27;[38;5;32m[AndroidUiautomator2Driver@004b (03673acc)]&amp#27;[0m Proxying [POST /element] to [POST http://127.0.0.1:8200/session/46258448-c0fa-43f6-8df1-37a7ad1466e0/element] with body: {"strategy":"xpath","selector":"//android.widget.TextView[@text=\"No Thanks\"]","context":"","multiple":false}
&amp#27;[38;5;32m[AndroidUiautomator2Driver@004b (03673acc)]&amp#27;[0m Got response with status 200: {"sessionId":"46258448-c0fa-43f6-8df1-37a7ad1466e0","value":{"ELEMENT":"00000000-0000-04bd-ffff-ffff000002bc","element-6066-11e4-a52e-4f735466cecf":"00000000-0000-04bd-ffff-ffff000002bc"}}
&amp#27;[38;5;32m[AndroidUiautomator2Driver@004b (03673acc)]&amp#27;[0m Responding to client with driver.findElement() result: {"element-6066-11e4-a52e-4f735466cecf":"00000000-0000-04bd-ffff-ffff000002bc","ELEMENT":"00000000-0000-04bd-ffff-ffff000002bc"}
&amp#27;[38;5;0m[HTTP]&amp#27;[0m &amp#27;[37m<-- POST /session/03673acc-b90a-4d71-b051-5503596c45cb/element &amp#27;[39m&amp#27;[32m200&amp#27;[39m &amp#27;[90m9036 ms - 137&amp#27;[39m
&amp#27;[38;5;0m[HTTP]&amp#27;[0m &amp#27;[90m&amp#27;[39m
&amp#27;[38;5;0m[HTTP]&amp#27;[0m &amp#27;[37m-->&amp#27;[39m &amp#27;[37mPOST&amp#27;[39m &amp#27;[37m/session/03673acc-b90a-4d71-b051-5503596c45cb/element/00000000-0000-04bd-ffff-ffff000002bc/click&amp#27;[39m
&amp#27;[38;5;0m[HTTP]&amp#27;[0m &amp#27;[90m{"id":"00000000-0000-04bd-ffff-ffff000002bc"}&amp#27;[39m
&amp#27;[38;5;32m[AndroidUiautomator2Driver@004b (03673acc)]&amp#27;[0m Calling AppiumDriver.click() with args: ["00000000-0000-04bd-ffff-ffff000002bc","03673acc-b90a-4d71-b051-5503596c45cb"]
&amp#27;[38;5;32m[AndroidUiautomator2Driver@004b (03673acc)]&amp#27;[0m Matched '/element/00000000-0000-04bd-ffff-ffff000002bc/click' to command name 'click'
&amp#27;[38;5;32m[AndroidUiautomator2Driver@004b (03673acc)]&amp#27;[0m Proxying [POST /element/00000000-0000-04bd-ffff-ffff000002bc/click] to [POST http://127.0.0.1:8200/session/46258448-c0fa-43f6-8df1-37a7ad1466e0/element/00000000-0000-04bd-ffff-ffff000002bc/click] with body: {"element":"00000000-0000-04bd-ffff-ffff000002bc"}
&amp#27;[38;5;32m[AndroidUiautomator2Driver@004b (03673acc)]&amp#27;[0m Got response with status 200: {"sessionId":"46258448-c0fa-43f6-8df1-37a7ad1466e0","value":null}
&amp#27;[38;5;32m[AndroidUiautomator2Driver@004b (03673acc)]&amp#27;[0m Responding to client with driver.click() result: null
&amp#27;[38;5;0m[HTTP]&amp#27;[0m &amp#27;[37m<-- POST /session/03673acc-b90a-4d71-b051-5503596c45cb/element/00000000-0000-04bd-ffff-ffff000002bc/click &amp#27;[39m&amp#27;[32m200&amp#27;[39m &amp#27;[90m137 ms - 14&amp#27;[39m
&amp#27;[38;5;0m[HTTP]&amp#27;[0m &amp#27;[90m&amp#27;[39m
]]></system-out>
  </testcase>
  <testcase name="Redirections" classname="org.tractorjunction.HomePage" time="27.336">
    <failure message="An element could not be located on the page using the given search parameters.&#10;For documentation on this error, please visit: https://www.selenium.dev/documentation/webdriver/troubleshooting/errors#no-such-element-exception&#10;Build info: version: &apos;4.18.1&apos;, revision: &apos;b1d3319b48&apos;&#10;System info: os.name: &apos;Windows 11&apos;, os.arch: &apos;amd64&apos;, os.version: &apos;10.0&apos;, java.version: &apos;11.0.21&apos;&#10;Driver info: io.appium.java_client.android.AndroidDriver&#10;Command: [03673acc-b90a-4d71-b051-5503596c45cb, findElement {using=xpath, value=//android.widget.TextView[@text=&quot;View All Latest ractors&quot;]}]&#10;Capabilities {appium:app: C:\Users\IT_Admin\eclipse-w..., appium:appPackage: com.tractorjunction, appium:automationName: UIAutomator2, appium:databaseEnabled: false, appium:desired: {app: C:\Users\IT_Admin\eclipse-w..., automationName: UIAutomator2, deviceName: RajkumarDevice, platformName: ANDROID}, appium:deviceApiLevel: 30, appium:deviceManufacturer: Google, appium:deviceModel: sdk_gphone_x86, appium:deviceName: emulator-5554, appium:deviceScreenDensity: 560, appium:deviceScreenSize: 1440x2880, appium:deviceUDID: emulator-5554, appium:javascriptEnabled: true, appium:locationContextEnabled: false, appium:networkConnectionEnabled: true, appium:pixelRatio: 3.5, appium:platformVersion: 11, appium:statBarHeight: 98, appium:takesScreenshot: true, appium:viewportRect: {height: 2782, left: 0, top: 98, width: 1440}, appium:warnings: {}, appium:webStorageEnabled: false, platformName: ANDROID}&#10;Session ID: 03673acc-b90a-4d71-b051-5503596c45cb" type="org.openqa.selenium.NoSuchElementException"><![CDATA[org.openqa.selenium.NoSuchElementException: 
An element could not be located on the page using the given search parameters.
For documentation on this error, please visit: https://www.selenium.dev/documentation/webdriver/troubleshooting/errors#no-such-element-exception
Build info: version: '4.18.1', revision: 'b1d3319b48'
System info: os.name: 'Windows 11', os.arch: 'amd64', os.version: '10.0', java.version: '11.0.21'
Driver info: io.appium.java_client.android.AndroidDriver
Command: [03673acc-b90a-4d71-b051-5503596c45cb, findElement {using=xpath, value=//android.widget.TextView[@text="View All Latest ractors"]}]
Capabilities {appium:app: C:\Users\IT_Admin\eclipse-w..., appium:appPackage: com.tractorjunction, appium:automationName: UIAutomator2, appium:databaseEnabled: false, appium:desired: {app: C:\Users\IT_Admin\eclipse-w..., automationName: UIAutomator2, deviceName: RajkumarDevice, platformName: ANDROID}, appium:deviceApiLevel: 30, appium:deviceManufacturer: Google, appium:deviceModel: sdk_gphone_x86, appium:deviceName: emulator-5554, appium:deviceScreenDensity: 560, appium:deviceScreenSize: 1440x2880, appium:deviceUDID: emulator-5554, appium:javascriptEnabled: true, appium:locationContextEnabled: false, appium:networkConnectionEnabled: true, appium:pixelRatio: 3.5, appium:platformVersion: 11, appium:statBarHeight: 98, appium:takesScreenshot: true, appium:viewportRect: {height: 2782, left: 0, top: 98, width: 1440}, appium:warnings: {}, appium:webStorageEnabled: false, platformName: ANDROID}
Session ID: 03673acc-b90a-4d71-b051-5503596c45cb
	at java.base/jdk.internal.reflect.NativeConstructorAccessorImpl.newInstance0(Native Method)
	at java.base/jdk.internal.reflect.NativeConstructorAccessorImpl.newInstance(NativeConstructorAccessorImpl.java:62)
	at java.base/jdk.internal.reflect.DelegatingConstructorAccessorImpl.newInstance(DelegatingConstructorAccessorImpl.java:45)
	at java.base/java.lang.reflect.Constructor.newInstance(Constructor.java:490)
	at org.openqa.selenium.remote.ErrorCodec.decode(ErrorCodec.java:167)
	at org.openqa.selenium.remote.codec.w3c.W3CHttpResponseCodec.decode(W3CHttpResponseCodec.java:138)
	at org.openqa.selenium.remote.codec.w3c.W3CHttpResponseCodec.decode(W3CHttpResponseCodec.java:50)
	at org.openqa.selenium.remote.HttpCommandExecutor.execute(HttpCommandExecutor.java:190)
	at io.appium.java_client.remote.AppiumCommandExecutor.execute(AppiumCommandExecutor.java:237)
	at org.openqa.selenium.remote.RemoteWebDriver.execute(RemoteWebDriver.java:519)
	at org.openqa.selenium.remote.ElementLocation$ElementFinder$2.findElement(ElementLocation.java:165)
	at org.openqa.selenium.remote.ElementLocation.findElement(ElementLocation.java:59)
	at org.openqa.selenium.remote.RemoteWebDriver.findElement(RemoteWebDriver.java:356)
	at org.openqa.selenium.remote.RemoteWebDriver.findElement(RemoteWebDriver.java:350)
	at org.tractorjunction.HomePage.Redirections(HomePage.java:51)
	at java.base/jdk.internal.reflect.NativeMethodAccessorImpl.invoke0(Native Method)
	at java.base/jdk.internal.reflect.NativeMethodAccessorImpl.invoke(NativeMethodAccessorImpl.java:62)
	at java.base/jdk.internal.reflect.DelegatingMethodAccessorImpl.invoke(DelegatingMethodAccessorImpl.java:43)
	at java.base/java.lang.reflect.Method.invoke(Method.java:566)
	at org.testng.internal.invokers.MethodInvocationHelper.invokeMethod(MethodInvocationHelper.java:139)
	at org.testng.internal.invokers.TestInvoker.invokeMethod(TestInvoker.java:664)
	at org.testng.internal.invokers.TestInvoker.invokeTestMethod(TestInvoker.java:228)
	at org.testng.internal.invokers.MethodRunner.runInSequence(MethodRunner.java:63)
	at org.testng.internal.invokers.TestInvoker$MethodInvocationAgent.invoke(TestInvoker.java:961)
	at org.testng.internal.invokers.TestInvoker.invokeTestMethods(TestInvoker.java:201)
	at org.testng.internal.invokers.TestMethodWorker.invokeTestMethods(TestMethodWorker.java:148)
	at org.testng.internal.invokers.TestMethodWorker.run(TestMethodWorker.java:128)
	at java.base/java.util.ArrayList.forEach(ArrayList.java:1541)
	at org.testng.TestRunner.privateRun(TestRunner.java:819)
	at org.testng.TestRunner.run(TestRunner.java:619)
	at org.testng.SuiteRunner.runTest(SuiteRunner.java:443)
	at org.testng.SuiteRunner.runSequentially(SuiteRunner.java:437)
	at org.testng.SuiteRunner.privateRun(SuiteRunner.java:397)
	at org.testng.SuiteRunner.run(SuiteRunner.java:336)
	at org.testng.SuiteRunnerWorker.runSuite(SuiteRunnerWorker.java:52)
	at org.testng.SuiteRunnerWorker.run(SuiteRunnerWorker.java:95)
	at org.testng.TestNG.runSuitesSequentially(TestNG.java:1301)
	at org.testng.TestNG.runSuitesLocally(TestNG.java:1228)
	at org.testng.TestNG.runSuites(TestNG.java:1134)
	at org.testng.TestNG.run(TestNG.java:1101)
	at org.apache.maven.surefire.testng.TestNGExecutor.run(TestNGExecutor.java:308)
	at org.apache.maven.surefire.testng.TestNGXmlTestSuite.execute(TestNGXmlTestSuite.java:71)
	at org.apache.maven.surefire.testng.TestNGProvider.invoke(TestNGProvider.java:113)
	at org.apache.maven.surefire.booter.ForkedBooter.runSuitesInProcess(ForkedBooter.java:385)
	at org.apache.maven.surefire.booter.ForkedBooter.execute(ForkedBooter.java:162)
	at org.apache.maven.surefire.booter.ForkedBooter.run(ForkedBooter.java:507)
	at org.apache.maven.surefire.booter.ForkedBooter.main(ForkedBooter.java:495)
]]></failure>
    <system-out><![CDATA[&amp#27;[38;5;0m[HTTP]&amp#27;[0m &amp#27;[37m-->&amp#27;[39m &amp#27;[37mPOST&amp#27;[39m &amp#27;[37m/session/03673acc-b90a-4d71-b051-5503596c45cb/execute/sync&amp#27;[39m
&amp#27;[38;5;0m[HTTP]&amp#27;[0m &amp#27;[90m{"script":"mobile: startActivity","args":[{"intent":"com.tractorjunction/com.tractorjunction.MainActivity"}]}&amp#27;[39m
&amp#27;[38;5;32m[AndroidUiautomator2Driver@004b (03673acc)]&amp#27;[0m Calling AppiumDriver.execute() with args: ["mobile: startActivity",[{"intent":"com.tractorjunction/com.tractorjunction.MainActivity"}],"03673acc-b90a-4d71-b051-5503596c45cb"]
&amp#27;[38;5;32m[AndroidUiautomator2Driver@004b (03673acc)]&amp#27;[0m Executing method 'mobile: startActivity'
&amp#27;[38;5;64m[ADB]&amp#27;[0m Running 'C:\Users\IT_Admin\AppData\Local\Android\Sdk\platform-tools\adb.exe -P 5037 -s emulator-5554 shell am start-activity com.tractorjunction/com.tractorjunction.MainActivity'
&amp#27;[38;5;32m[AndroidUiautomator2Driver@004b (03673acc)]&amp#27;[0m Responding to client with driver.execute() result: "Starting: Intent { act=android.intent.action.MAIN cat=[android.intent.category.LAUNCHER] cmp=com.tractorjunction/.MainActivity }"
&amp#27;[38;5;0m[HTTP]&amp#27;[0m &amp#27;[37m<-- POST /session/03673acc-b90a-4d71-b051-5503596c45cb/execute/sync &amp#27;[39m&amp#27;[32m200&amp#27;[39m &amp#27;[90m121 ms - 140&amp#27;[39m
&amp#27;[38;5;0m[HTTP]&amp#27;[0m &amp#27;[90m&amp#27;[39m
&amp#27;[38;5;0m[HTTP]&amp#27;[0m &amp#27;[37m-->&amp#27;[39m &amp#27;[37mPOST&amp#27;[39m &amp#27;[37m/session/03673acc-b90a-4d71-b051-5503596c45cb/element&amp#27;[39m
&amp#27;[38;5;0m[HTTP]&amp#27;[0m &amp#27;[90m{"using":"xpath","value":"//android.widget.TextView[@text=\"View All Popular Tractors\"]"}&amp#27;[39m
&amp#27;[38;5;32m[AndroidUiautomator2Driver@004b (03673acc)]&amp#27;[0m Calling AppiumDriver.findElement() with args: ["xpath","//android.widget.TextView[@text=\"View All Popular Tractors\"]","03673acc-b90a-4d71-b051-5503596c45cb"]
&amp#27;[38;5;32m[AndroidUiautomator2Driver@004b (03673acc)]&amp#27;[0m Valid locator strategies for this request: xpath, id, class name, accessibility id, css selector, -android uiautomator
&amp#27;[38;5;32m[AndroidUiautomator2Driver@004b (03673acc)]&amp#27;[0m Waiting up to 10000 ms for condition
&amp#27;[38;5;32m[AndroidUiautomator2Driver@004b (03673acc)]&amp#27;[0m Matched '/element' to command name 'findElement'
&amp#27;[38;5;32m[AndroidUiautomator2Driver@004b (03673acc)]&amp#27;[0m Proxying [POST /element] to [POST http://127.0.0.1:8200/session/46258448-c0fa-43f6-8df1-37a7ad1466e0/element] with body: {"strategy":"xpath","selector":"//android.widget.TextView[@text=\"View All Popular Tractors\"]","context":"","multiple":false}
&amp#27;[38;5;32m[AndroidUiautomator2Driver@004b (03673acc)]&amp#27;[0m Got response with status 404: {"sessionId":"46258448-c0fa-43f6-8df1-37a7ad1466e0","value":{"error":"no such element","message":"An element could not be located on the page using the given search parameters","stacktrace":"io.appium.uiautomator2.common.exceptions.ElementNotFoundException: An element could not be located on the page using the given search parameters\n\tat io.appium.uiautomator2.utils.ElementLocationHelpers.findElement(ElementLocationHelpers.java:156)\n\tat io.appium.uiautomator2.handler.FindElement.safeHandle(FindElement.java:60)\n\tat io.appium.uiautomator2.handler.request.SafeRequestHandler.handle(SafeRequestHandler.java:59)\n\tat io.appium.uiautomator2.server.AppiumServlet.handleRequest(AppiumServlet.java:277)\n\tat io.appium.uiautomator2.server.AppiumServlet.handleHttpRequest(AppiumServlet.java:271)\n\tat io.appium.uiautomator2.http.ServerHandler.channelRead(ServerHandler.java:77)\n\tat io.netty.channel.AbstractChannelHandlerContext.invokeChannelRead(AbstractChannelHandlerContext.java:366)\n\tat io.netty.channel.Abstr...
&amp#27;[38;5;112m[W3C]&amp#27;[0m Matched W3C error code 'no such element' to NoSuchElementError
&amp#27;[38;5;32m[AndroidUiautomator2Driver@004b (03673acc)]&amp#27;[0m Waited for 3080 ms so far
&amp#27;[38;5;32m[AndroidUiautomator2Driver@004b (03673acc)]&amp#27;[0m Matched '/element' to command name 'findElement'
&amp#27;[38;5;32m[AndroidUiautomator2Driver@004b (03673acc)]&amp#27;[0m Proxying [POST /element] to [POST http://127.0.0.1:8200/session/46258448-c0fa-43f6-8df1-37a7ad1466e0/element] with body: {"strategy":"xpath","selector":"//android.widget.TextView[@text=\"View All Popular Tractors\"]","context":"","multiple":false}
&amp#27;[38;5;32m[AndroidUiautomator2Driver@004b (03673acc)]&amp#27;[0m Got response with status 404: {"sessionId":"46258448-c0fa-43f6-8df1-37a7ad1466e0","value":{"error":"no such element","message":"An element could not be located on the page using the given search parameters","stacktrace":"io.appium.uiautomator2.common.exceptions.ElementNotFoundException: An element could not be located on the page using the given search parameters\n\tat io.appium.uiautomator2.utils.ElementLocationHelpers.findElement(ElementLocationHelpers.java:156)\n\tat io.appium.uiautomator2.handler.FindElement.safeHandle(FindElement.java:60)\n\tat io.appium.uiautomator2.handler.request.SafeRequestHandler.handle(SafeRequestHandler.java:59)\n\tat io.appium.uiautomator2.server.AppiumServlet.handleRequest(AppiumServlet.java:277)\n\tat io.appium.uiautomator2.server.AppiumServlet.handleHttpRequest(AppiumServlet.java:271)\n\tat io.appium.uiautomator2.http.ServerHandler.channelRead(ServerHandler.java:77)\n\tat io.netty.channel.AbstractChannelHandlerContext.invokeChannelRead(AbstractChannelHandlerContext.java:366)\n\tat io.netty.channel.Abstr...
&amp#27;[38;5;112m[W3C]&amp#27;[0m Matched W3C error code 'no such element' to NoSuchElementError
&amp#27;[38;5;32m[AndroidUiautomator2Driver@004b (03673acc)]&amp#27;[0m Waited for 6497 ms so far
&amp#27;[38;5;32m[AndroidUiautomator2Driver@004b (03673acc)]&amp#27;[0m Matched '/element' to command name 'findElement'
&amp#27;[38;5;32m[AndroidUiautomator2Driver@004b (03673acc)]&amp#27;[0m Proxying [POST /element] to [POST http://127.0.0.1:8200/session/46258448-c0fa-43f6-8df1-37a7ad1466e0/element] with body: {"strategy":"xpath","selector":"//android.widget.TextView[@text=\"View All Popular Tractors\"]","context":"","multiple":false}
&amp#27;[38;5;32m[AndroidUiautomator2Driver@004b (03673acc)]&amp#27;[0m Got response with status 404: {"sessionId":"46258448-c0fa-43f6-8df1-37a7ad1466e0","value":{"error":"no such element","message":"An element could not be located on the page using the given search parameters","stacktrace":"io.appium.uiautomator2.common.exceptions.ElementNotFoundException: An element could not be located on the page using the given search parameters\n\tat io.appium.uiautomator2.utils.ElementLocationHelpers.findElement(ElementLocationHelpers.java:156)\n\tat io.appium.uiautomator2.handler.FindElement.safeHandle(FindElement.java:60)\n\tat io.appium.uiautomator2.handler.request.SafeRequestHandler.handle(SafeRequestHandler.java:59)\n\tat io.appium.uiautomator2.server.AppiumServlet.handleRequest(AppiumServlet.java:277)\n\tat io.appium.uiautomator2.server.AppiumServlet.handleHttpRequest(AppiumServlet.java:271)\n\tat io.appium.uiautomator2.http.ServerHandler.channelRead(ServerHandler.java:77)\n\tat io.netty.channel.AbstractChannelHandlerContext.invokeChannelRead(AbstractChannelHandlerContext.java:366)\n\tat io.netty.channel.Abstr...
&amp#27;[38;5;112m[W3C]&amp#27;[0m Matched W3C error code 'no such element' to NoSuchElementError
&amp#27;[38;5;32m[AndroidUiautomator2Driver@004b (03673acc)]&amp#27;[0m Waited for 7580 ms so far
&amp#27;[38;5;32m[AndroidUiautomator2Driver@004b (03673acc)]&amp#27;[0m Matched '/element' to command name 'findElement'
&amp#27;[38;5;32m[AndroidUiautomator2Driver@004b (03673acc)]&amp#27;[0m Proxying [POST /element] to [POST http://127.0.0.1:8200/session/46258448-c0fa-43f6-8df1-37a7ad1466e0/element] with body: {"strategy":"xpath","selector":"//android.widget.TextView[@text=\"View All Popular Tractors\"]","context":"","multiple":false}
&amp#27;[38;5;32m[AndroidUiautomator2Driver@004b (03673acc)]&amp#27;[0m Got response with status 404: {"sessionId":"46258448-c0fa-43f6-8df1-37a7ad1466e0","value":{"error":"no such element","message":"An element could not be located on the page using the given search parameters","stacktrace":"io.appium.uiautomator2.common.exceptions.ElementNotFoundException: An element could not be located on the page using the given search parameters\n\tat io.appium.uiautomator2.utils.ElementLocationHelpers.findElement(ElementLocationHelpers.java:156)\n\tat io.appium.uiautomator2.handler.FindElement.safeHandle(FindElement.java:60)\n\tat io.appium.uiautomator2.handler.request.SafeRequestHandler.handle(SafeRequestHandler.java:59)\n\tat io.appium.uiautomator2.server.AppiumServlet.handleRequest(AppiumServlet.java:277)\n\tat io.appium.uiautomator2.server.AppiumServlet.handleHttpRequest(AppiumServlet.java:271)\n\tat io.appium.uiautomator2.http.ServerHandler.channelRead(ServerHandler.java:77)\n\tat io.netty.channel.AbstractChannelHandlerContext.invokeChannelRead(AbstractChannelHandlerContext.java:366)\n\tat io.netty.channel.Abstr...
&amp#27;[38;5;112m[W3C]&amp#27;[0m Matched W3C error code 'no such element' to NoSuchElementError
&amp#27;[38;5;32m[AndroidUiautomator2Driver@004b (03673acc)]&amp#27;[0m Waited for 8657 ms so far
&amp#27;[38;5;32m[AndroidUiautomator2Driver@004b (03673acc)]&amp#27;[0m Matched '/element' to command name 'findElement'
&amp#27;[38;5;32m[AndroidUiautomator2Driver@004b (03673acc)]&amp#27;[0m Proxying [POST /element] to [POST http://127.0.0.1:8200/session/46258448-c0fa-43f6-8df1-37a7ad1466e0/element] with body: {"strategy":"xpath","selector":"//android.widget.TextView[@text=\"View All Popular Tractors\"]","context":"","multiple":false}
&amp#27;[38;5;32m[AndroidUiautomator2Driver@004b (03673acc)]&amp#27;[0m Got response with status 200: {"sessionId":"46258448-c0fa-43f6-8df1-37a7ad1466e0","value":{"ELEMENT":"00000000-0000-04bc-ffff-ffff0000049e","element-6066-11e4-a52e-4f735466cecf":"00000000-0000-04bc-ffff-ffff0000049e"}}
&amp#27;[38;5;32m[AndroidUiautomator2Driver@004b (03673acc)]&amp#27;[0m Responding to client with driver.findElement() result: {"element-6066-11e4-a52e-4f735466cecf":"00000000-0000-04bc-ffff-ffff0000049e","ELEMENT":"00000000-0000-04bc-ffff-ffff0000049e"}
&amp#27;[38;5;0m[HTTP]&amp#27;[0m &amp#27;[37m<-- POST /session/03673acc-b90a-4d71-b051-5503596c45cb/element &amp#27;[39m&amp#27;[32m200&amp#27;[39m &amp#27;[90m10574 ms - 137&amp#27;[39m
&amp#27;[38;5;0m[HTTP]&amp#27;[0m &amp#27;[90m&amp#27;[39m
&amp#27;[38;5;0m[HTTP]&amp#27;[0m &amp#27;[37m-->&amp#27;[39m &amp#27;[37mPOST&amp#27;[39m &amp#27;[37m/session/03673acc-b90a-4d71-b051-5503596c45cb/element/00000000-0000-04bc-ffff-ffff0000049e/click&amp#27;[39m
&amp#27;[38;5;0m[HTTP]&amp#27;[0m &amp#27;[90m{"id":"00000000-0000-04bc-ffff-ffff0000049e"}&amp#27;[39m
&amp#27;[38;5;32m[AndroidUiautomator2Driver@004b (03673acc)]&amp#27;[0m Calling AppiumDriver.click() with args: ["00000000-0000-04bc-ffff-ffff0000049e","03673acc-b90a-4d71-b051-5503596c45cb"]
&amp#27;[38;5;32m[AndroidUiautomator2Driver@004b (03673acc)]&amp#27;[0m Matched '/element/00000000-0000-04bc-ffff-ffff0000049e/click' to command name 'click'
&amp#27;[38;5;32m[AndroidUiautomator2Driver@004b (03673acc)]&amp#27;[0m Proxying [POST /element/00000000-0000-04bc-ffff-ffff0000049e/click] to [POST http://127.0.0.1:8200/session/46258448-c0fa-43f6-8df1-37a7ad1466e0/element/00000000-0000-04bc-ffff-ffff0000049e/click] with body: {"element":"00000000-0000-04bc-ffff-ffff0000049e"}
&amp#27;[38;5;32m[AndroidUiautomator2Driver@004b (03673acc)]&amp#27;[0m Got response with status 200: {"sessionId":"46258448-c0fa-43f6-8df1-37a7ad1466e0","value":null}
&amp#27;[38;5;32m[AndroidUiautomator2Driver@004b (03673acc)]&amp#27;[0m Responding to client with driver.click() result: null
&amp#27;[38;5;0m[HTTP]&amp#27;[0m &amp#27;[37m<-- POST /session/03673acc-b90a-4d71-b051-5503596c45cb/element/00000000-0000-04bc-ffff-ffff0000049e/click &amp#27;[39m&amp#27;[32m200&amp#27;[39m &amp#27;[90m211 ms - 14&amp#27;[39m
&amp#27;[38;5;0m[HTTP]&amp#27;[0m &amp#27;[90m&amp#27;[39m
&amp#27;[38;5;0m[HTTP]&amp#27;[0m &amp#27;[37m-->&amp#27;[39m &amp#27;[37mPOST&amp#27;[39m &amp#27;[37m/session/03673acc-b90a-4d71-b051-5503596c45cb/execute/sync&amp#27;[39m
&amp#27;[38;5;0m[HTTP]&amp#27;[0m &amp#27;[90m{"script":"mobile: pressKey","args":[{"keycode":4}]}&amp#27;[39m
&amp#27;[38;5;32m[AndroidUiautomator2Driver@004b (03673acc)]&amp#27;[0m Calling AppiumDriver.execute() with args: ["mobile: pressKey",[{"keycode":4}],"03673acc-b90a-4d71-b051-5503596c45cb"]
&amp#27;[38;5;32m[AndroidUiautomator2Driver@004b (03673acc)]&amp#27;[0m Executing method 'mobile: pressKey'
&amp#27;[38;5;32m[AndroidUiautomator2Driver@004b (03673acc)]&amp#27;[0m Matched '/appium/device/press_keycode' to command name 'pressKeyCode'
&amp#27;[38;5;32m[AndroidUiautomator2Driver@004b (03673acc)]&amp#27;[0m Proxying [POST /appium/device/press_keycode] to [POST http://127.0.0.1:8200/session/46258448-c0fa-43f6-8df1-37a7ad1466e0/appium/device/press_keycode] with body: {"keycode":4}
&amp#27;[38;5;32m[AndroidUiautomator2Driver@004b (03673acc)]&amp#27;[0m Got response with status 200: {"sessionId":"46258448-c0fa-43f6-8df1-37a7ad1466e0","value":null}
&amp#27;[38;5;32m[AndroidUiautomator2Driver@004b (03673acc)]&amp#27;[0m Responding to client with driver.execute() result: null
&amp#27;[38;5;0m[HTTP]&amp#27;[0m &amp#27;[37m<-- POST /session/03673acc-b90a-4d71-b051-5503596c45cb/execute/sync &amp#27;[39m&amp#27;[32m200&amp#27;[39m &amp#27;[90m1925 ms - 14&amp#27;[39m
&amp#27;[38;5;0m[HTTP]&amp#27;[0m &amp#27;[90m&amp#27;[39m
&amp#27;[38;5;0m[HTTP]&amp#27;[0m &amp#27;[37m-->&amp#27;[39m &amp#27;[37mPOST&amp#27;[39m &amp#27;[37m/session/03673acc-b90a-4d71-b051-5503596c45cb/element&amp#27;[39m
&amp#27;[38;5;0m[HTTP]&amp#27;[0m &amp#27;[90m{"using":"xpath","value":"//android.widget.TextView[@text=\"Latest\"]"}&amp#27;[39m
&amp#27;[38;5;32m[AndroidUiautomator2Driver@004b (03673acc)]&amp#27;[0m Calling AppiumDriver.findElement() with args: ["xpath","//android.widget.TextView[@text=\"Latest\"]","03673acc-b90a-4d71-b051-5503596c45cb"]
&amp#27;[38;5;32m[AndroidUiautomator2Driver@004b (03673acc)]&amp#27;[0m Valid locator strategies for this request: xpath, id, class name, accessibility id, css selector, -android uiautomator
&amp#27;[38;5;32m[AndroidUiautomator2Driver@004b (03673acc)]&amp#27;[0m Waiting up to 10000 ms for condition
&amp#27;[38;5;32m[AndroidUiautomator2Driver@004b (03673acc)]&amp#27;[0m Matched '/element' to command name 'findElement'
&amp#27;[38;5;32m[AndroidUiautomator2Driver@004b (03673acc)]&amp#27;[0m Proxying [POST /element] to [POST http://127.0.0.1:8200/session/46258448-c0fa-43f6-8df1-37a7ad1466e0/element] with body: {"strategy":"xpath","selector":"//android.widget.TextView[@text=\"Latest\"]","context":"","multiple":false}
&amp#27;[38;5;32m[AndroidUiautomator2Driver@004b (03673acc)]&amp#27;[0m Got response with status 404: {"sessionId":"46258448-c0fa-43f6-8df1-37a7ad1466e0","value":{"error":"no such element","message":"An element could not be located on the page using the given search parameters","stacktrace":"io.appium.uiautomator2.common.exceptions.ElementNotFoundException: An element could not be located on the page using the given search parameters\n\tat io.appium.uiautomator2.utils.ElementLocationHelpers.findElement(ElementLocationHelpers.java:156)\n\tat io.appium.uiautomator2.handler.FindElement.safeHandle(FindElement.java:60)\n\tat io.appium.uiautomator2.handler.request.SafeRequestHandler.handle(SafeRequestHandler.java:59)\n\tat io.appium.uiautomator2.server.AppiumServlet.handleRequest(AppiumServlet.java:277)\n\tat io.appium.uiautomator2.server.AppiumServlet.handleHttpRequest(AppiumServlet.java:271)\n\tat io.appium.uiautomator2.http.ServerHandler.channelRead(ServerHandler.java:77)\n\tat io.netty.channel.AbstractChannelHandlerContext.invokeChannelRead(AbstractChannelHandlerContext.java:366)\n\tat io.netty.channel.Abstr...
&amp#27;[38;5;112m[W3C]&amp#27;[0m Matched W3C error code 'no such element' to NoSuchElementError
&amp#27;[38;5;32m[AndroidUiautomator2Driver@004b (03673acc)]&amp#27;[0m Waited for 207 ms so far
&amp#27;[38;5;32m[AndroidUiautomator2Driver@004b (03673acc)]&amp#27;[0m Matched '/element' to command name 'findElement'
&amp#27;[38;5;32m[AndroidUiautomator2Driver@004b (03673acc)]&amp#27;[0m Proxying [POST /element] to [POST http://127.0.0.1:8200/session/46258448-c0fa-43f6-8df1-37a7ad1466e0/element] with body: {"strategy":"xpath","selector":"//android.widget.TextView[@text=\"Latest\"]","context":"","multiple":false}
&amp#27;[38;5;32m[AndroidUiautomator2Driver@004b (03673acc)]&amp#27;[0m Got response with status 200: {"sessionId":"46258448-c0fa-43f6-8df1-37a7ad1466e0","value":{"ELEMENT":"00000000-0000-04bc-ffff-ffff00000195","element-6066-11e4-a52e-4f735466cecf":"00000000-0000-04bc-ffff-ffff00000195"}}
&amp#27;[38;5;32m[AndroidUiautomator2Driver@004b (03673acc)]&amp#27;[0m Responding to client with driver.findElement() result: {"element-6066-11e4-a52e-4f735466cecf":"00000000-0000-04bc-ffff-ffff00000195","ELEMENT":"00000000-0000-04bc-ffff-ffff00000195"}
&amp#27;[38;5;0m[HTTP]&amp#27;[0m &amp#27;[37m<-- POST /session/03673acc-b90a-4d71-b051-5503596c45cb/element &amp#27;[39m&amp#27;[32m200&amp#27;[39m &amp#27;[90m1067 ms - 137&amp#27;[39m
&amp#27;[38;5;0m[HTTP]&amp#27;[0m &amp#27;[90m&amp#27;[39m
&amp#27;[38;5;0m[HTTP]&amp#27;[0m &amp#27;[37m-->&amp#27;[39m &amp#27;[37mPOST&amp#27;[39m &amp#27;[37m/session/03673acc-b90a-4d71-b051-5503596c45cb/element/00000000-0000-04bc-ffff-ffff00000195/click&amp#27;[39m
&amp#27;[38;5;0m[HTTP]&amp#27;[0m &amp#27;[90m{"id":"00000000-0000-04bc-ffff-ffff00000195"}&amp#27;[39m
&amp#27;[38;5;32m[AndroidUiautomator2Driver@004b (03673acc)]&amp#27;[0m Calling AppiumDriver.click() with args: ["00000000-0000-04bc-ffff-ffff00000195","03673acc-b90a-4d71-b051-5503596c45cb"]
&amp#27;[38;5;32m[AndroidUiautomator2Driver@004b (03673acc)]&amp#27;[0m Matched '/element/00000000-0000-04bc-ffff-ffff00000195/click' to command name 'click'
&amp#27;[38;5;32m[AndroidUiautomator2Driver@004b (03673acc)]&amp#27;[0m Proxying [POST /element/00000000-0000-04bc-ffff-ffff00000195/click] to [POST http://127.0.0.1:8200/session/46258448-c0fa-43f6-8df1-37a7ad1466e0/element/00000000-0000-04bc-ffff-ffff00000195/click] with body: {"element":"00000000-0000-04bc-ffff-ffff00000195"}
&amp#27;[38;5;32m[AndroidUiautomator2Driver@004b (03673acc)]&amp#27;[0m Got response with status 200: {"sessionId":"46258448-c0fa-43f6-8df1-37a7ad1466e0","value":null}
&amp#27;[38;5;32m[AndroidUiautomator2Driver@004b (03673acc)]&amp#27;[0m Responding to client with driver.click() result: null
&amp#27;[38;5;0m[HTTP]&amp#27;[0m &amp#27;[37m<-- POST /session/03673acc-b90a-4d71-b051-5503596c45cb/element/00000000-0000-04bc-ffff-ffff00000195/click &amp#27;[39m&amp#27;[32m200&amp#27;[39m &amp#27;[90m100 ms - 14&amp#27;[39m
&amp#27;[38;5;0m[HTTP]&amp#27;[0m &amp#27;[90m&amp#27;[39m
&amp#27;[38;5;0m[HTTP]&amp#27;[0m &amp#27;[37m-->&amp#27;[39m &amp#27;[37mPOST&amp#27;[39m &amp#27;[37m/session/03673acc-b90a-4d71-b051-5503596c45cb/element&amp#27;[39m
&amp#27;[38;5;0m[HTTP]&amp#27;[0m &amp#27;[90m{"using":"xpath","value":"//android.widget.TextView[@text=\"View All Latest ractors\"]"}&amp#27;[39m
&amp#27;[38;5;32m[AndroidUiautomator2Driver@004b (03673acc)]&amp#27;[0m Calling AppiumDriver.findElement() with args: ["xpath","//android.widget.TextView[@text=\"View All Latest ractors\"]","03673acc-b90a-4d71-b051-5503596c45cb"]
&amp#27;[38;5;32m[AndroidUiautomator2Driver@004b (03673acc)]&amp#27;[0m Valid locator strategies for this request: xpath, id, class name, accessibility id, css selector, -android uiautomator
&amp#27;[38;5;32m[AndroidUiautomator2Driver@004b (03673acc)]&amp#27;[0m Waiting up to 10000 ms for condition
&amp#27;[38;5;32m[AndroidUiautomator2Driver@004b (03673acc)]&amp#27;[0m Matched '/element' to command name 'findElement'
&amp#27;[38;5;32m[AndroidUiautomator2Driver@004b (03673acc)]&amp#27;[0m Proxying [POST /element] to [POST http://127.0.0.1:8200/session/46258448-c0fa-43f6-8df1-37a7ad1466e0/element] with body: {"strategy":"xpath","selector":"//android.widget.TextView[@text=\"View All Latest ractors\"]","context":"","multiple":false}
&amp#27;[38;5;32m[AndroidUiautomator2Driver@004b (03673acc)]&amp#27;[0m Got response with status 404: {"sessionId":"46258448-c0fa-43f6-8df1-37a7ad1466e0","value":{"error":"no such element","message":"An element could not be located on the page using the given search parameters","stacktrace":"io.appium.uiautomator2.common.exceptions.ElementNotFoundException: An element could not be located on the page using the given search parameters\n\tat io.appium.uiautomator2.utils.ElementLocationHelpers.findElement(ElementLocationHelpers.java:156)\n\tat io.appium.uiautomator2.handler.FindElement.safeHandle(FindElement.java:60)\n\tat io.appium.uiautomator2.handler.request.SafeRequestHandler.handle(SafeRequestHandler.java:59)\n\tat io.appium.uiautomator2.server.AppiumServlet.handleRequest(AppiumServlet.java:277)\n\tat io.appium.uiautomator2.server.AppiumServlet.handleHttpRequest(AppiumServlet.java:271)\n\tat io.appium.uiautomator2.http.ServerHandler.channelRead(ServerHandler.java:77)\n\tat io.netty.channel.AbstractChannelHandlerContext.invokeChannelRead(AbstractChannelHandlerContext.java:366)\n\tat io.netty.channel.Abstr...
&amp#27;[38;5;112m[W3C]&amp#27;[0m Matched W3C error code 'no such element' to NoSuchElementError
&amp#27;[38;5;32m[AndroidUiautomator2Driver@004b (03673acc)]&amp#27;[0m Waited for 157 ms so far
&amp#27;[38;5;32m[AndroidUiautomator2Driver@004b (03673acc)]&amp#27;[0m Matched '/element' to command name 'findElement'
&amp#27;[38;5;32m[AndroidUiautomator2Driver@004b (03673acc)]&amp#27;[0m Proxying [POST /element] to [POST http://127.0.0.1:8200/session/46258448-c0fa-43f6-8df1-37a7ad1466e0/element] with body: {"strategy":"xpath","selector":"//android.widget.TextView[@text=\"View All Latest ractors\"]","context":"","multiple":false}
&amp#27;[38;5;32m[AndroidUiautomator2Driver@004b (03673acc)]&amp#27;[0m Got response with status 404: {"sessionId":"46258448-c0fa-43f6-8df1-37a7ad1466e0","value":{"error":"no such element","message":"An element could not be located on the page using the given search parameters","stacktrace":"io.appium.uiautomator2.common.exceptions.ElementNotFoundException: An element could not be located on the page using the given search parameters\n\tat io.appium.uiautomator2.utils.ElementLocationHelpers.findElement(ElementLocationHelpers.java:156)\n\tat io.appium.uiautomator2.handler.FindElement.safeHandle(FindElement.java:60)\n\tat io.appium.uiautomator2.handler.request.SafeRequestHandler.handle(SafeRequestHandler.java:59)\n\tat io.appium.uiautomator2.server.AppiumServlet.handleRequest(AppiumServlet.java:277)\n\tat io.appium.uiautomator2.server.AppiumServlet.handleHttpRequest(AppiumServlet.java:271)\n\tat io.appium.uiautomator2.http.ServerHandler.channelRead(ServerHandler.java:77)\n\tat io.netty.channel.AbstractChannelHandlerContext.invokeChannelRead(AbstractChannelHandlerContext.java:366)\n\tat io.netty.channel.Abstr...
&amp#27;[38;5;112m[W3C]&amp#27;[0m Matched W3C error code 'no such element' to NoSuchElementError
&amp#27;[38;5;32m[AndroidUiautomator2Driver@004b (03673acc)]&amp#27;[0m Waited for 960 ms so far
&amp#27;[38;5;32m[AndroidUiautomator2Driver@004b (03673acc)]&amp#27;[0m Matched '/element' to command name 'findElement'
&amp#27;[38;5;32m[AndroidUiautomator2Driver@004b (03673acc)]&amp#27;[0m Proxying [POST /element] to [POST http://127.0.0.1:8200/session/46258448-c0fa-43f6-8df1-37a7ad1466e0/element] with body: {"strategy":"xpath","selector":"//android.widget.TextView[@text=\"View All Latest ractors\"]","context":"","multiple":false}
&amp#27;[38;5;32m[AndroidUiautomator2Driver@004b (03673acc)]&amp#27;[0m Got response with status 404: {"sessionId":"46258448-c0fa-43f6-8df1-37a7ad1466e0","value":{"error":"no such element","message":"An element could not be located on the page using the given search parameters","stacktrace":"io.appium.uiautomator2.common.exceptions.ElementNotFoundException: An element could not be located on the page using the given search parameters\n\tat io.appium.uiautomator2.utils.ElementLocationHelpers.findElement(ElementLocationHelpers.java:156)\n\tat io.appium.uiautomator2.handler.FindElement.safeHandle(FindElement.java:60)\n\tat io.appium.uiautomator2.handler.request.SafeRequestHandler.handle(SafeRequestHandler.java:59)\n\tat io.appium.uiautomator2.server.AppiumServlet.handleRequest(AppiumServlet.java:277)\n\tat io.appium.uiautomator2.server.AppiumServlet.handleHttpRequest(AppiumServlet.java:271)\n\tat io.appium.uiautomator2.http.ServerHandler.channelRead(ServerHandler.java:77)\n\tat io.netty.channel.AbstractChannelHandlerContext.invokeChannelRead(AbstractChannelHandlerContext.java:366)\n\tat io.netty.channel.Abstr...
&amp#27;[38;5;112m[W3C]&amp#27;[0m Matched W3C error code 'no such element' to NoSuchElementError
&amp#27;[38;5;32m[AndroidUiautomator2Driver@004b (03673acc)]&amp#27;[0m Waited for 2079 ms so far
&amp#27;[38;5;32m[AndroidUiautomator2Driver@004b (03673acc)]&amp#27;[0m Matched '/element' to command name 'findElement'
&amp#27;[38;5;32m[AndroidUiautomator2Driver@004b (03673acc)]&amp#27;[0m Proxying [POST /element] to [POST http://127.0.0.1:8200/session/46258448-c0fa-43f6-8df1-37a7ad1466e0/element] with body: {"strategy":"xpath","selector":"//android.widget.TextView[@text=\"View All Latest ractors\"]","context":"","multiple":false}
&amp#27;[38;5;32m[AndroidUiautomator2Driver@004b (03673acc)]&amp#27;[0m Got response with status 404: {"sessionId":"46258448-c0fa-43f6-8df1-37a7ad1466e0","value":{"error":"no such element","message":"An element could not be located on the page using the given search parameters","stacktrace":"io.appium.uiautomator2.common.exceptions.ElementNotFoundException: An element could not be located on the page using the given search parameters\n\tat io.appium.uiautomator2.utils.ElementLocationHelpers.findElement(ElementLocationHelpers.java:156)\n\tat io.appium.uiautomator2.handler.FindElement.safeHandle(FindElement.java:60)\n\tat io.appium.uiautomator2.handler.request.SafeRequestHandler.handle(SafeRequestHandler.java:59)\n\tat io.appium.uiautomator2.server.AppiumServlet.handleRequest(AppiumServlet.java:277)\n\tat io.appium.uiautomator2.server.AppiumServlet.handleHttpRequest(AppiumServlet.java:271)\n\tat io.appium.uiautomator2.http.ServerHandler.channelRead(ServerHandler.java:77)\n\tat io.netty.channel.AbstractChannelHandlerContext.invokeChannelRead(AbstractChannelHandlerContext.java:366)\n\tat io.netty.channel.Abstr...
&amp#27;[38;5;112m[W3C]&amp#27;[0m Matched W3C error code 'no such element' to NoSuchElementError
&amp#27;[38;5;32m[AndroidUiautomator2Driver@004b (03673acc)]&amp#27;[0m Waited for 2688 ms so far
&amp#27;[38;5;32m[AndroidUiautomator2Driver@004b (03673acc)]&amp#27;[0m Matched '/element' to command name 'findElement'
&amp#27;[38;5;32m[AndroidUiautomator2Driver@004b (03673acc)]&amp#27;[0m Proxying [POST /element] to [POST http://127.0.0.1:8200/session/46258448-c0fa-43f6-8df1-37a7ad1466e0/element] with body: {"strategy":"xpath","selector":"//android.widget.TextView[@text=\"View All Latest ractors\"]","context":"","multiple":false}
&amp#27;[38;5;32m[AndroidUiautomator2Driver@004b (03673acc)]&amp#27;[0m Got response with status 404: {"sessionId":"46258448-c0fa-43f6-8df1-37a7ad1466e0","value":{"error":"no such element","message":"An element could not be located on the page using the given search parameters","stacktrace":"io.appium.uiautomator2.common.exceptions.ElementNotFoundException: An element could not be located on the page using the given search parameters\n\tat io.appium.uiautomator2.utils.ElementLocationHelpers.findElement(ElementLocationHelpers.java:156)\n\tat io.appium.uiautomator2.handler.FindElement.safeHandle(FindElement.java:60)\n\tat io.appium.uiautomator2.handler.request.SafeRequestHandler.handle(SafeRequestHandler.java:59)\n\tat io.appium.uiautomator2.server.AppiumServlet.handleRequest(AppiumServlet.java:277)\n\tat io.appium.uiautomator2.server.AppiumServlet.handleHttpRequest(AppiumServlet.java:271)\n\tat io.appium.uiautomator2.http.ServerHandler.channelRead(ServerHandler.java:77)\n\tat io.netty.channel.AbstractChannelHandlerContext.invokeChannelRead(AbstractChannelHandlerContext.java:366)\n\tat io.netty.channel.Abstr...
&amp#27;[38;5;112m[W3C]&amp#27;[0m Matched W3C error code 'no such element' to NoSuchElementError
&amp#27;[38;5;32m[AndroidUiautomator2Driver@004b (03673acc)]&amp#27;[0m Waited for 3310 ms so far
&amp#27;[38;5;32m[AndroidUiautomator2Driver@004b (03673acc)]&amp#27;[0m Matched '/element' to command name 'findElement'
&amp#27;[38;5;32m[AndroidUiautomator2Driver@004b (03673acc)]&amp#27;[0m Proxying [POST /element] to [POST http://127.0.0.1:8200/session/46258448-c0fa-43f6-8df1-37a7ad1466e0/element] with body: {"strategy":"xpath","selector":"//android.widget.TextView[@text=\"View All Latest ractors\"]","context":"","multiple":false}
&amp#27;[38;5;32m[AndroidUiautomator2Driver@004b (03673acc)]&amp#27;[0m Got response with status 404: {"sessionId":"46258448-c0fa-43f6-8df1-37a7ad1466e0","value":{"error":"no such element","message":"An element could not be located on the page using the given search parameters","stacktrace":"io.appium.uiautomator2.common.exceptions.ElementNotFoundException: An element could not be located on the page using the given search parameters\n\tat io.appium.uiautomator2.utils.ElementLocationHelpers.findElement(ElementLocationHelpers.java:156)\n\tat io.appium.uiautomator2.handler.FindElement.safeHandle(FindElement.java:60)\n\tat io.appium.uiautomator2.handler.request.SafeRequestHandler.handle(SafeRequestHandler.java:59)\n\tat io.appium.uiautomator2.server.AppiumServlet.handleRequest(AppiumServlet.java:277)\n\tat io.appium.uiautomator2.server.AppiumServlet.handleHttpRequest(AppiumServlet.java:271)\n\tat io.appium.uiautomator2.http.ServerHandler.channelRead(ServerHandler.java:77)\n\tat io.netty.channel.AbstractChannelHandlerContext.invokeChannelRead(AbstractChannelHandlerContext.java:366)\n\tat io.netty.channel.Abstr...
&amp#27;[38;5;112m[W3C]&amp#27;[0m Matched W3C error code 'no such element' to NoSuchElementError
&amp#27;[38;5;32m[AndroidUiautomator2Driver@004b (03673acc)]&amp#27;[0m Waited for 4529 ms so far
&amp#27;[38;5;32m[AndroidUiautomator2Driver@004b (03673acc)]&amp#27;[0m Matched '/element' to command name 'findElement'
&amp#27;[38;5;32m[AndroidUiautomator2Driver@004b (03673acc)]&amp#27;[0m Proxying [POST /element] to [POST http://127.0.0.1:8200/session/46258448-c0fa-43f6-8df1-37a7ad1466e0/element] with body: {"strategy":"xpath","selector":"//android.widget.TextView[@text=\"View All Latest ractors\"]","context":"","multiple":false}
&amp#27;[38;5;32m[AndroidUiautomator2Driver@004b (03673acc)]&amp#27;[0m Got response with status 404: {"sessionId":"46258448-c0fa-43f6-8df1-37a7ad1466e0","value":{"error":"no such element","message":"An element could not be located on the page using the given search parameters","stacktrace":"io.appium.uiautomator2.common.exceptions.ElementNotFoundException: An element could not be located on the page using the given search parameters\n\tat io.appium.uiautomator2.utils.ElementLocationHelpers.findElement(ElementLocationHelpers.java:156)\n\tat io.appium.uiautomator2.handler.FindElement.safeHandle(FindElement.java:60)\n\tat io.appium.uiautomator2.handler.request.SafeRequestHandler.handle(SafeRequestHandler.java:59)\n\tat io.appium.uiautomator2.server.AppiumServlet.handleRequest(AppiumServlet.java:277)\n\tat io.appium.uiautomator2.server.AppiumServlet.handleHttpRequest(AppiumServlet.java:271)\n\tat io.appium.uiautomator2.http.ServerHandler.channelRead(ServerHandler.java:77)\n\tat io.netty.channel.AbstractChannelHandlerContext.invokeChannelRead(AbstractChannelHandlerContext.java:366)\n\tat io.netty.channel.Abstr...
&amp#27;[38;5;112m[W3C]&amp#27;[0m Matched W3C error code 'no such element' to NoSuchElementError
&amp#27;[38;5;32m[AndroidUiautomator2Driver@004b (03673acc)]&amp#27;[0m Waited for 5232 ms so far
&amp#27;[38;5;32m[AndroidUiautomator2Driver@004b (03673acc)]&amp#27;[0m Matched '/element' to command name 'findElement'
&amp#27;[38;5;32m[AndroidUiautomator2Driver@004b (03673acc)]&amp#27;[0m Proxying [POST /element] to [POST http://127.0.0.1:8200/session/46258448-c0fa-43f6-8df1-37a7ad1466e0/element] with body: {"strategy":"xpath","selector":"//android.widget.TextView[@text=\"View All Latest ractors\"]","context":"","multiple":false}
&amp#27;[38;5;32m[AndroidUiautomator2Driver@004b (03673acc)]&amp#27;[0m Got response with status 404: {"sessionId":"46258448-c0fa-43f6-8df1-37a7ad1466e0","value":{"error":"no such element","message":"An element could not be located on the page using the given search parameters","stacktrace":"io.appium.uiautomator2.common.exceptions.ElementNotFoundException: An element could not be located on the page using the given search parameters\n\tat io.appium.uiautomator2.utils.ElementLocationHelpers.findElement(ElementLocationHelpers.java:156)\n\tat io.appium.uiautomator2.handler.FindElement.safeHandle(FindElement.java:60)\n\tat io.appium.uiautomator2.handler.request.SafeRequestHandler.handle(SafeRequestHandler.java:59)\n\tat io.appium.uiautomator2.server.AppiumServlet.handleRequest(AppiumServlet.java:277)\n\tat io.appium.uiautomator2.server.AppiumServlet.handleHttpRequest(AppiumServlet.java:271)\n\tat io.appium.uiautomator2.http.ServerHandler.channelRead(ServerHandler.java:77)\n\tat io.netty.channel.AbstractChannelHandlerContext.invokeChannelRead(AbstractChannelHandlerContext.java:366)\n\tat io.netty.channel.Abstr...
&amp#27;[38;5;112m[W3C]&amp#27;[0m Matched W3C error code 'no such element' to NoSuchElementError
&amp#27;[38;5;32m[AndroidUiautomator2Driver@004b (03673acc)]&amp#27;[0m Waited for 5983 ms so far
&amp#27;[38;5;32m[AndroidUiautomator2Driver@004b (03673acc)]&amp#27;[0m Matched '/element' to command name 'findElement'
&amp#27;[38;5;32m[AndroidUiautomator2Driver@004b (03673acc)]&amp#27;[0m Proxying [POST /element] to [POST http://127.0.0.1:8200/session/46258448-c0fa-43f6-8df1-37a7ad1466e0/element] with body: {"strategy":"xpath","selector":"//android.widget.TextView[@text=\"View All Latest ractors\"]","context":"","multiple":false}
&amp#27;[38;5;32m[AndroidUiautomator2Driver@004b (03673acc)]&amp#27;[0m Got response with status 404: {"sessionId":"46258448-c0fa-43f6-8df1-37a7ad1466e0","value":{"error":"no such element","message":"An element could not be located on the page using the given search parameters","stacktrace":"io.appium.uiautomator2.common.exceptions.ElementNotFoundException: An element could not be located on the page using the given search parameters\n\tat io.appium.uiautomator2.utils.ElementLocationHelpers.findElement(ElementLocationHelpers.java:156)\n\tat io.appium.uiautomator2.handler.FindElement.safeHandle(FindElement.java:60)\n\tat io.appium.uiautomator2.handler.request.SafeRequestHandler.handle(SafeRequestHandler.java:59)\n\tat io.appium.uiautomator2.server.AppiumServlet.handleRequest(AppiumServlet.java:277)\n\tat io.appium.uiautomator2.server.AppiumServlet.handleHttpRequest(AppiumServlet.java:271)\n\tat io.appium.uiautomator2.http.ServerHandler.channelRead(ServerHandler.java:77)\n\tat io.netty.channel.AbstractChannelHandlerContext.invokeChannelRead(AbstractChannelHandlerContext.java:366)\n\tat io.netty.channel.Abstr...
&amp#27;[38;5;112m[W3C]&amp#27;[0m Matched W3C error code 'no such element' to NoSuchElementError
&amp#27;[38;5;32m[AndroidUiautomator2Driver@004b (03673acc)]&amp#27;[0m Waited for 6597 ms so far
&amp#27;[38;5;32m[AndroidUiautomator2Driver@004b (03673acc)]&amp#27;[0m Matched '/element' to command name 'findElement'
&amp#27;[38;5;32m[AndroidUiautomator2Driver@004b (03673acc)]&amp#27;[0m Proxying [POST /element] to [POST http://127.0.0.1:8200/session/46258448-c0fa-43f6-8df1-37a7ad1466e0/element] with body: {"strategy":"xpath","selector":"//android.widget.TextView[@text=\"View All Latest ractors\"]","context":"","multiple":false}
&amp#27;[38;5;32m[AndroidUiautomator2Driver@004b (03673acc)]&amp#27;[0m Got response with status 404: {"sessionId":"46258448-c0fa-43f6-8df1-37a7ad1466e0","value":{"error":"no such element","message":"An element could not be located on the page using the given search parameters","stacktrace":"io.appium.uiautomator2.common.exceptions.ElementNotFoundException: An element could not be located on the page using the given search parameters\n\tat io.appium.uiautomator2.utils.ElementLocationHelpers.findElement(ElementLocationHelpers.java:156)\n\tat io.appium.uiautomator2.handler.FindElement.safeHandle(FindElement.java:60)\n\tat io.appium.uiautomator2.handler.request.SafeRequestHandler.handle(SafeRequestHandler.java:59)\n\tat io.appium.uiautomator2.server.AppiumServlet.handleRequest(AppiumServlet.java:277)\n\tat io.appium.uiautomator2.server.AppiumServlet.handleHttpRequest(AppiumServlet.java:271)\n\tat io.appium.uiautomator2.http.ServerHandler.channelRead(ServerHandler.java:77)\n\tat io.netty.channel.AbstractChannelHandlerContext.invokeChannelRead(AbstractChannelHandlerContext.java:366)\n\tat io.netty.channel.Abstr...
&amp#27;[38;5;112m[W3C]&amp#27;[0m Matched W3C error code 'no such element' to NoSuchElementError
&amp#27;[38;5;32m[AndroidUiautomator2Driver@004b (03673acc)]&amp#27;[0m Waited for 7210 ms so far
&amp#27;[38;5;32m[AndroidUiautomator2Driver@004b (03673acc)]&amp#27;[0m Matched '/element' to command name 'findElement'
&amp#27;[38;5;32m[AndroidUiautomator2Driver@004b (03673acc)]&amp#27;[0m Proxying [POST /element] to [POST http://127.0.0.1:8200/session/46258448-c0fa-43f6-8df1-37a7ad1466e0/element] with body: {"strategy":"xpath","selector":"//android.widget.TextView[@text=\"View All Latest ractors\"]","context":"","multiple":false}
&amp#27;[38;5;32m[AndroidUiautomator2Driver@004b (03673acc)]&amp#27;[0m Got response with status 404: {"sessionId":"46258448-c0fa-43f6-8df1-37a7ad1466e0","value":{"error":"no such element","message":"An element could not be located on the page using the given search parameters","stacktrace":"io.appium.uiautomator2.common.exceptions.ElementNotFoundException: An element could not be located on the page using the given search parameters\n\tat io.appium.uiautomator2.utils.ElementLocationHelpers.findElement(ElementLocationHelpers.java:156)\n\tat io.appium.uiautomator2.handler.FindElement.safeHandle(FindElement.java:60)\n\tat io.appium.uiautomator2.handler.request.SafeRequestHandler.handle(SafeRequestHandler.java:59)\n\tat io.appium.uiautomator2.server.AppiumServlet.handleRequest(AppiumServlet.java:277)\n\tat io.appium.uiautomator2.server.AppiumServlet.handleHttpRequest(AppiumServlet.java:271)\n\tat io.appium.uiautomator2.http.ServerHandler.channelRead(ServerHandler.java:77)\n\tat io.netty.channel.AbstractChannelHandlerContext.invokeChannelRead(AbstractChannelHandlerContext.java:366)\n\tat io.netty.channel.Abstr...
&amp#27;[38;5;112m[W3C]&amp#27;[0m Matched W3C error code 'no such element' to NoSuchElementError
&amp#27;[38;5;32m[AndroidUiautomator2Driver@004b (03673acc)]&amp#27;[0m Waited for 7746 ms so far
&amp#27;[38;5;32m[AndroidUiautomator2Driver@004b (03673acc)]&amp#27;[0m Matched '/element' to command name 'findElement'
&amp#27;[38;5;32m[AndroidUiautomator2Driver@004b (03673acc)]&amp#27;[0m Proxying [POST /element] to [POST http://127.0.0.1:8200/session/46258448-c0fa-43f6-8df1-37a7ad1466e0/element] with body: {"strategy":"xpath","selector":"//android.widget.TextView[@text=\"View All Latest ractors\"]","context":"","multiple":false}
&amp#27;[38;5;32m[AndroidUiautomator2Driver@004b (03673acc)]&amp#27;[0m Got response with status 404: {"sessionId":"46258448-c0fa-43f6-8df1-37a7ad1466e0","value":{"error":"no such element","message":"An element could not be located on the page using the given search parameters","stacktrace":"io.appium.uiautomator2.common.exceptions.ElementNotFoundException: An element could not be located on the page using the given search parameters\n\tat io.appium.uiautomator2.utils.ElementLocationHelpers.findElement(ElementLocationHelpers.java:156)\n\tat io.appium.uiautomator2.handler.FindElement.safeHandle(FindElement.java:60)\n\tat io.appium.uiautomator2.handler.request.SafeRequestHandler.handle(SafeRequestHandler.java:59)\n\tat io.appium.uiautomator2.server.AppiumServlet.handleRequest(AppiumServlet.java:277)\n\tat io.appium.uiautomator2.server.AppiumServlet.handleHttpRequest(AppiumServlet.java:271)\n\tat io.appium.uiautomator2.http.ServerHandler.channelRead(ServerHandler.java:77)\n\tat io.netty.channel.AbstractChannelHandlerContext.invokeChannelRead(AbstractChannelHandlerContext.java:366)\n\tat io.netty.channel.Abstr...
&amp#27;[38;5;112m[W3C]&amp#27;[0m Matched W3C error code 'no such element' to NoSuchElementError
&amp#27;[38;5;32m[AndroidUiautomator2Driver@004b (03673acc)]&amp#27;[0m Waited for 8342 ms so far
&amp#27;[38;5;32m[AndroidUiautomator2Driver@004b (03673acc)]&amp#27;[0m Matched '/element' to command name 'findElement'
&amp#27;[38;5;32m[AndroidUiautomator2Driver@004b (03673acc)]&amp#27;[0m Proxying [POST /element] to [POST http://127.0.0.1:8200/session/46258448-c0fa-43f6-8df1-37a7ad1466e0/element] with body: {"strategy":"xpath","selector":"//android.widget.TextView[@text=\"View All Latest ractors\"]","context":"","multiple":false}
&amp#27;[38;5;32m[AndroidUiautomator2Driver@004b (03673acc)]&amp#27;[0m Got response with status 404: {"sessionId":"46258448-c0fa-43f6-8df1-37a7ad1466e0","value":{"error":"no such element","message":"An element could not be located on the page using the given search parameters","stacktrace":"io.appium.uiautomator2.common.exceptions.ElementNotFoundException: An element could not be located on the page using the given search parameters\n\tat io.appium.uiautomator2.utils.ElementLocationHelpers.findElement(ElementLocationHelpers.java:156)\n\tat io.appium.uiautomator2.handler.FindElement.safeHandle(FindElement.java:60)\n\tat io.appium.uiautomator2.handler.request.SafeRequestHandler.handle(SafeRequestHandler.java:59)\n\tat io.appium.uiautomator2.server.AppiumServlet.handleRequest(AppiumServlet.java:277)\n\tat io.appium.uiautomator2.server.AppiumServlet.handleHttpRequest(AppiumServlet.java:271)\n\tat io.appium.uiautomator2.http.ServerHandler.channelRead(ServerHandler.java:77)\n\tat io.netty.channel.AbstractChannelHandlerContext.invokeChannelRead(AbstractChannelHandlerContext.java:366)\n\tat io.netty.channel.Abstr...
&amp#27;[38;5;112m[W3C]&amp#27;[0m Matched W3C error code 'no such element' to NoSuchElementError
&amp#27;[38;5;32m[AndroidUiautomator2Driver@004b (03673acc)]&amp#27;[0m Waited for 8937 ms so far
&amp#27;[38;5;32m[AndroidUiautomator2Driver@004b (03673acc)]&amp#27;[0m Matched '/element' to command name 'findElement'
&amp#27;[38;5;32m[AndroidUiautomator2Driver@004b (03673acc)]&amp#27;[0m Proxying [POST /element] to [POST http://127.0.0.1:8200/session/46258448-c0fa-43f6-8df1-37a7ad1466e0/element] with body: {"strategy":"xpath","selector":"//android.widget.TextView[@text=\"View All Latest ractors\"]","context":"","multiple":false}
&amp#27;[38;5;32m[AndroidUiautomator2Driver@004b (03673acc)]&amp#27;[0m Got response with status 404: {"sessionId":"46258448-c0fa-43f6-8df1-37a7ad1466e0","value":{"error":"no such element","message":"An element could not be located on the page using the given search parameters","stacktrace":"io.appium.uiautomator2.common.exceptions.ElementNotFoundException: An element could not be located on the page using the given search parameters\n\tat io.appium.uiautomator2.utils.ElementLocationHelpers.findElement(ElementLocationHelpers.java:156)\n\tat io.appium.uiautomator2.handler.FindElement.safeHandle(FindElement.java:60)\n\tat io.appium.uiautomator2.handler.request.SafeRequestHandler.handle(SafeRequestHandler.java:59)\n\tat io.appium.uiautomator2.server.AppiumServlet.handleRequest(AppiumServlet.java:277)\n\tat io.appium.uiautomator2.server.AppiumServlet.handleHttpRequest(AppiumServlet.java:271)\n\tat io.appium.uiautomator2.http.ServerHandler.channelRead(ServerHandler.java:77)\n\tat io.netty.channel.AbstractChannelHandlerContext.invokeChannelRead(AbstractChannelHandlerContext.java:366)\n\tat io.netty.channel.Abstr...
&amp#27;[38;5;112m[W3C]&amp#27;[0m Matched W3C error code 'no such element' to NoSuchElementError
&amp#27;[38;5;32m[AndroidUiautomator2Driver@004b (03673acc)]&amp#27;[0m Waited for 9496 ms so far
&amp#27;[38;5;32m[AndroidUiautomator2Driver@004b (03673acc)]&amp#27;[0m Matched '/element' to command name 'findElement'
&amp#27;[38;5;32m[AndroidUiautomator2Driver@004b (03673acc)]&amp#27;[0m Proxying [POST /element] to [POST http://127.0.0.1:8200/session/46258448-c0fa-43f6-8df1-37a7ad1466e0/element] with body: {"strategy":"xpath","selector":"//android.widget.TextView[@text=\"View All Latest ractors\"]","context":"","multiple":false}
&amp#27;[38;5;32m[AndroidUiautomator2Driver@004b (03673acc)]&amp#27;[0m Got response with status 404: {"sessionId":"46258448-c0fa-43f6-8df1-37a7ad1466e0","value":{"error":"no such element","message":"An element could not be located on the page using the given search parameters","stacktrace":"io.appium.uiautomator2.common.exceptions.ElementNotFoundException: An element could not be located on the page using the given search parameters\n\tat io.appium.uiautomator2.utils.ElementLocationHelpers.findElement(ElementLocationHelpers.java:156)\n\tat io.appium.uiautomator2.handler.FindElement.safeHandle(FindElement.java:60)\n\tat io.appium.uiautomator2.handler.request.SafeRequestHandler.handle(SafeRequestHandler.java:59)\n\tat io.appium.uiautomator2.server.AppiumServlet.handleRequest(AppiumServlet.java:277)\n\tat io.appium.uiautomator2.server.AppiumServlet.handleHttpRequest(AppiumServlet.java:271)\n\tat io.appium.uiautomator2.http.ServerHandler.channelRead(ServerHandler.java:77)\n\tat io.netty.channel.AbstractChannelHandlerContext.invokeChannelRead(AbstractChannelHandlerContext.java:366)\n\tat io.netty.channel.Abstr...
&amp#27;[38;5;112m[W3C]&amp#27;[0m Matched W3C error code 'no such element' to NoSuchElementError
&amp#27;[38;5;32m[AndroidUiautomator2Driver@004b (03673acc)]&amp#27;[0m Encountered internal error running command: NoSuchElementError: An element could not be located on the page using the given search parameters.
&amp#27;[38;5;32m[AndroidUiautomator2Driver@004b (03673acc)]&amp#27;[0m     at AndroidUiautomator2Driver.findElOrEls (C:\Users\IT_Admin\.appium\node_modules\appium-uiautomator2-driver\node_modules\appium-android-driver\lib\commands\find.ts:86:11)
&amp#27;[38;5;32m[AndroidUiautomator2Driver@004b (03673acc)]&amp#27;[0m     at processTicksAndRejections (node:internal/process/task_queues:95:5)
&amp#27;[38;5;32m[AndroidUiautomator2Driver@004b (03673acc)]&amp#27;[0m     at AndroidUiautomator2Driver.findElOrElsWithProcessing (C:\Users\IT_Admin\AppData\Roaming\npm\node_modules\appium\node_modules\@appium\base-driver\lib\basedriver\commands\find.ts:60:12)
&amp#27;[38;5;32m[AndroidUiautomator2Driver@004b (03673acc)]&amp#27;[0m     at AndroidUiautomator2Driver.findElement (C:\Users\IT_Admin\AppData\Roaming\npm\node_modules\appium\node_modules\@appium\base-driver\lib\basedriver\commands\find.ts:75:12)
&amp#27;[38;5;0m[HTTP]&amp#27;[0m &amp#27;[37m<-- POST /session/03673acc-b90a-4d71-b051-5503596c45cb/element &amp#27;[39m&amp#27;[33m404&amp#27;[39m &amp#27;[90m10157 ms - 899&amp#27;[39m
&amp#27;[38;5;0m[HTTP]&amp#27;[0m &amp#27;[90m&amp#27;[39m
&amp#27;[38;5;0m[HTTP]&amp#27;[0m &amp#27;[37m-->&amp#27;[39m &amp#27;[37mGET&amp#27;[39m &amp#27;[37m/session/03673acc-b90a-4d71-b051-5503596c45cb/screenshot&amp#27;[39m
&amp#27;[38;5;0m[HTTP]&amp#27;[0m &amp#27;[90m{}&amp#27;[39m
&amp#27;[38;5;32m[AndroidUiautomator2Driver@004b (03673acc)]&amp#27;[0m Calling AppiumDriver.getScreenshot() with args: ["03673acc-b90a-4d71-b051-5503596c45cb"]
&amp#27;[38;5;32m[AndroidUiautomator2Driver@004b (03673acc)]&amp#27;[0m Matched '/screenshot' to command name 'getScreenshot'
&amp#27;[38;5;32m[AndroidUiautomator2Driver@004b (03673acc)]&amp#27;[0m Proxying [GET /screenshot] to [GET http://127.0.0.1:8200/session/46258448-c0fa-43f6-8df1-37a7ad1466e0/screenshot] with no body
&amp#27;[38;5;32m[AndroidUiautomator2Driver@004b (03673acc)]&amp#27;[0m Got response with status 200: {"sessionId":"46258448-c0fa-43f6-8df1-37a7ad1466e0","value":"iVBORw0KGgoAAAANSUhEUgAABaAAAAtACAYAAADu24QXAAAAAXNSR0IArs4c6QAAAARzQklUCAgICHwIZIgAACAASURBVHic7N15dJb1nf//13Uv2e7sK0vYCSAi+yKLgCJVWiyi/jo6Y3sOTkdHZaa1dno8087YzWrb6TJO6zmd9nw7bfW01VatuICssssOQlgCYQkkZCPLneXer98flJSbO3vuO1dCno9zPHJfy+fzTkgIvO7P9f4YpmmaAgAAAAAAAAAgymxWFwAAAAAAAAAAuDkRQAMAAAAAAAAAYoIAGgAAAAAAAAAQEwTQAAAAAAAAAICYIIAGAAAAAAAAAMQEATQAAAAAAAAAICYIoAEAAAAAAAAAMUEADQAAAAAAAACICQJoAAAAAAAAAEBMEEADAAAAAAAAAGKCABoAAAAAAAAAEBME0AAAAAAAAACAmCCABgAAAAAAAADEBAE0AAAAAAAAACAmCKABAAAAAAAAADFBAA0AAAAAAAAAiAkCaAAAAAAAAABATBBAAwAAAAAAAABiggAaAAAAAAAAABATBNAAAAAAAAAAgJgggAYAAAAAAAAAxAQBNAAAAAAAAAAgJhxWFwD0Z7W1tTp8+LAOHDigkpISNTU1tXltenq6Ro0apdmzZ2v8+PFKTEyUYRi9WC0AAAAAAADQuwzTNE2riwD6C9M01djYqFdffVXHjx+X1+tVd76FDMNQcnKy5s+frxUrVshmG1gPI5imKZ/Pp0AgINM0FQqFFAgEJF393DgcDhmGIZvNJqfTKafTaXHFAAAAAAAA6A4CaKCTqqqq9O1vf1s+n69boXNbDMNQXl6e/v3f/13x8fFRG7evCQaD8nq98vl8amho0Llz51RZWSmPx6PGxkZVVlZKkhwOh3Jzc5WQkCCXy6XBgwdr+PDhio+PV1xcnOLj41k5DgAAAAAA0E8QQAMdcLvd+s53...
&amp#27;[38;5;32m[AndroidUiautomator2Driver@004b (03673acc)]&amp#27;[0m Responding to client with driver.getScreenshot() result: "iVBORw0KGgoAAAANSUhEUgAABaAAAAtACAYAAADu24QXAAAAAXNSR0IArs4c6QAAAARzQklUCAgICHwIZIgAACAASURBVHic7N15dJb1nf//13Uv2e7sK0vYCSAi+yKLgCJVWiyi/jo6Y3sOTkdHZaa1dno8087YzWrb6TJO6zmd9nw7bfW01VatuICssssOQlgCYQkkZCPLneXer98flJSbO3vuO1dCno9zPHJfy+fzTkgIvO7P9f4YpmmaAgAAAAAAAAAgymxWFwAAAAAAAAAAuDkRQAMAAAAAAAAAYoIAGgAAAAAAAAAQEwTQAAAAAAAAAICYIIAGAAAAAAAAAMQEATQAAAAAAAAAICYIoAEAAAAAAAAAMUEADQAAAAAAAACICQJoAAAAAAAAAEBMEEADAAAAAAAAAGKCABoAAAAAAAAAEBME0AAAAAAAAACAmCCABgAAAAAAAADEBAE0AAAAAAAAACAmCKABAAAAAAAAADFBAA0AAAAAAAAAiAkCaAAAAAAAAABATBBAAwAAAAAAAABiggAaAAAAAAAAABATBNAAAAAAAAAAgJgggAYAAAAAAAAAxAQBNAAAAAAAAAAgJhxWFwD0Z7W1tTp8+LAOHDigkpISNTU1tXltenq6Ro0apdmzZ2v8+PFKTEyUYRi9WC0AAAAAAADQuwzTNE2riwD6C9M01djYqFdffVXHjx+X1+tVd76FDMNQcnKy5s+frxUrVshmG1gPI5imKZ/Pp0AgINM0FQqFFAgEJF393DgcDhmGIZvNJqfTKafTaXHFAAAAAAAA6A4CaKCTqqqq9O1vf1s+n69boXNbDMNQXl6e/v3f/13x8fFRG7evCQaD8nq98vl8amho0Llz51RZWSmPx6PGxkZVVlZKkhwOh3Jzc5WQkCCXy6XBgwdr+PDhio+PV1xcnOLj41k5DgAAAAAA0E8QQAMdcLvd+s53vqP6+vqoBs83stvt+vnPf37ThavBYFBut1sVFRU6efKkiouLdebMGXm93k7d...
&amp#27;[38;5;0m[HTTP]&amp#27;[0m &amp#27;[37m<-- GET /session/03673acc-b90a-4d71-b051-5503596c45cb/screenshot &amp#27;[39m&amp#27;[32m200&amp#27;[39m &amp#27;[90m941 ms - 1342700&amp#27;[39m
&amp#27;[38;5;0m[HTTP]&amp#27;[0m &amp#27;[90m&amp#27;[39m
]]></system-out>
  </testcase>
</testsuite>