<?xml version="1.0" encoding="UTF-8"?>
<!-- Generated by org.testng.reporters.JUnitReportReporter -->
<testsuite hostname="LAP-51" failures="0" tests="1" name="org.tractorjunction.Redirections" time="21.951" errors="0" timestamp="2024-02-18T14:15:19 IST" skipped="0">
  <testcase classname="org.tractorjunction.Redirections" name="RedirectionsTest" time="21.951"/>
  <system-out/>
</testsuite> <!-- org.tractorjunction.Redirections -->
