<?xml version="1.0" encoding="UTF-8"?>
<!-- Generated by org.testng.reporters.JUnitReportReporter -->
<testsuite hostname="LAP-51" failures="0" tests="1" name="org.tractorjunction.ForDemo_1" time="49.649" errors="0" timestamp="2024-02-27T22:49:30 IST" skipped="0">
  <testcase classname="org.tractorjunction.ForDemo_1" name="LoginTest" time="49.649"/>
</testsuite> <!-- org.tractorjunction.ForDemo_1 -->
