<?xml version="1.0" encoding="UTF-8"?>
<!-- Generated by org.testng.reporters.JUnitReportReporter -->
<testsuite hostname="LAP-51" failures="0" tests="1" name="org.tractorjunction.Login" time="53.877" errors="0" timestamp="2024-02-18T15:16:29 IST" skipped="0">
  <testcase classname="org.tractorjunction.Login" name="LoginTest" time="53.877"/>
  <system-out/>
</testsuite> <!-- org.tractorjunction.Login -->
