<?xml version="1.0" encoding="UTF-8"?>
<!-- Generated by org.testng.reporters.JUnitReportReporter -->
<testsuite hostname="LAP-51" failures="0" tests="3" name="org.tractorjunction.TC_001" time="48.746" errors="0" timestamp="2024-03-06T22:15:50 IST" skipped="0">
  <testcase classname="org.tractorjunction.TC_001" name="Redirections" time="20.925"/>
  <testcase classname="org.tractorjunction.TC_001" name="PopupClose" time="8.611"/>
  <testcase classname="org.tractorjunction.TC_001" name="LoginTest" time="19.210"/>
</testsuite> <!-- org.tractorjunction.TC_001 -->
